{"C:\\Users\\Nzubechukwu\\Desktop\\crest\\server\\tests\\account.spec.js":{"path":"C:\\Users\\Nzubechukwu\\Desktop\\crest\\server\\tests\\account.spec.js","statementMap":{"0":{"start":{"line":3,"column":12},"end":{"line":3,"column":51}},"1":{"start":{"line":5,"column":16},"end":{"line":5,"column":60}},"2":{"start":{"line":7,"column":14},"end":{"line":7,"column":58}},"3":{"start":{"line":9,"column":39},"end":{"line":9,"column":95}},"4":{"start":{"line":12,"column":0},"end":{"line":12,"column":43}},"5":{"start":{"line":14,"column":0},"end":{"line":14,"column":26}},"6":{"start":{"line":16,"column":0},"end":{"line":52,"column":3}},"7":{"start":{"line":17,"column":16},"end":{"line":24,"column":3}},"8":{"start":{"line":25,"column":2},"end":{"line":33,"column":5}},"9":{"start":{"line":26,"column":4},"end":{"line":32,"column":7}},"10":{"start":{"line":27,"column":6},"end":{"line":31,"column":9}},"11":{"start":{"line":28,"column":8},"end":{"line":28,"column":36}},"12":{"start":{"line":29,"column":8},"end":{"line":29,"column":39}},"13":{"start":{"line":30,"column":8},"end":{"line":30,"column":15}},"14":{"start":{"line":34,"column":2},"end":{"line":42,"column":5}},"15":{"start":{"line":35,"column":4},"end":{"line":41,"column":7}},"16":{"start":{"line":36,"column":6},"end":{"line":40,"column":9}},"17":{"start":{"line":37,"column":8},"end":{"line":37,"column":36}},"18":{"start":{"line":38,"column":8},"end":{"line":38,"column":39}},"19":{"start":{"line":39,"column":8},"end":{"line":39,"column":15}},"20":{"start":{"line":43,"column":2},"end":{"line":51,"column":5}},"21":{"start":{"line":44,"column":4},"end":{"line":50,"column":7}},"22":{"start":{"line":45,"column":6},"end":{"line":49,"column":9}},"23":{"start":{"line":46,"column":8},"end":{"line":46,"column":36}},"24":{"start":{"line":47,"column":8},"end":{"line":47,"column":39}},"25":{"start":{"line":48,"column":8},"end":{"line":48,"column":15}}},"fnMap":{"0":{"name":"_interopRequireDefault","decl":{"start":{"line":9,"column":9},"end":{"line":9,"column":31}},"loc":{"start":{"line":9,"column":37},"end":{"line":9,"column":97}},"line":9},"1":{"name":"(anonymous_1)","decl":{"start":{"line":16,"column":22},"end":{"line":16,"column":23}},"loc":{"start":{"line":16,"column":34},"end":{"line":52,"column":1}},"line":16},"2":{"name":"(anonymous_2)","decl":{"start":{"line":25,"column":33},"end":{"line":25,"column":34}},"loc":{"start":{"line":25,"column":45},"end":{"line":33,"column":3}},"line":25},"3":{"name":"(anonymous_3)","decl":{"start":{"line":26,"column":66},"end":{"line":26,"column":67}},"loc":{"start":{"line":26,"column":82},"end":{"line":32,"column":5}},"line":26},"4":{"name":"(anonymous_4)","decl":{"start":{"line":27,"column":94},"end":{"line":27,"column":95}},"loc":{"start":{"line":27,"column":114},"end":{"line":31,"column":7}},"line":27},"5":{"name":"(anonymous_5)","decl":{"start":{"line":34,"column":48},"end":{"line":34,"column":49}},"loc":{"start":{"line":34,"column":60},"end":{"line":42,"column":3}},"line":34},"6":{"name":"(anonymous_6)","decl":{"start":{"line":35,"column":92},"end":{"line":35,"column":93}},"loc":{"start":{"line":35,"column":108},"end":{"line":41,"column":5}},"line":35},"7":{"name":"(anonymous_7)","decl":{"start":{"line":36,"column":94},"end":{"line":36,"column":95}},"loc":{"start":{"line":36,"column":114},"end":{"line":40,"column":7}},"line":36},"8":{"name":"(anonymous_8)","decl":{"start":{"line":43,"column":32},"end":{"line":43,"column":33}},"loc":{"start":{"line":43,"column":44},"end":{"line":51,"column":3}},"line":43},"9":{"name":"(anonymous_9)","decl":{"start":{"line":44,"column":76},"end":{"line":44,"column":77}},"loc":{"start":{"line":44,"column":92},"end":{"line":50,"column":5}},"line":44},"10":{"name":"(anonymous_10)","decl":{"start":{"line":45,"column":98},"end":{"line":45,"column":99}},"loc":{"start":{"line":45,"column":118},"end":{"line":49,"column":7}},"line":45}},"branchMap":{"0":{"loc":{"start":{"line":9,"column":46},"end":{"line":9,"column":94}},"type":"cond-expr","locations":[{"start":{"line":9,"column":70},"end":{"line":9,"column":73}},{"start":{"line":9,"column":76},"end":{"line":9,"column":94}}],"line":9},"1":{"loc":{"start":{"line":9,"column":46},"end":{"line":9,"column":67}},"type":"binary-expr","locations":[{"start":{"line":9,"column":46},"end":{"line":9,"column":49}},{"start":{"line":9,"column":53},"end":{"line":9,"column":67}}],"line":9}},"s":{"0":1,"1":1,"2":1,"3":3,"4":1,"5":1,"6":1,"7":1,"8":1,"9":1,"10":1,"11":1,"12":1,"13":1,"14":1,"15":1,"16":1,"17":1,"18":1,"19":1,"20":1,"21":1,"22":1,"23":1,"24":1,"25":1},"f":{"0":3,"1":1,"2":1,"3":1,"4":1,"5":1,"6":1,"7":1,"8":1,"9":1,"10":1},"b":{"0":[1,2],"1":[3,3]},"_coverageSchema":"43e27e138ebf9cfc5966b082cf9a028302ed4184","hash":"090776e5a52044f05b1aec73782ede36e19b7c49","contentHash":"3c644bdeaa57b77ac1abd29ec007f800536a38f8d01123e51e8fe2fe16d471db"},"C:\\Users\\Nzubechukwu\\Desktop\\crest\\server\\server.js":{"path":"C:\\Users\\Nzubechukwu\\Desktop\\crest\\server\\server.js","statementMap":{"0":{"start":{"line":3,"column":0},"end":{"line":5,"column":3}},"1":{"start":{"line":6,"column":0},"end":{"line":6,"column":28}},"2":{"start":{"line":8,"column":0},"end":{"line":8,"column":27}},"3":{"start":{"line":10,"column":15},"end":{"line":10,"column":57}},"4":{"start":{"line":12,"column":18},"end":{"line":12,"column":64}},"5":{"start":{"line":14,"column":14},"end":{"line":14,"column":31}},"6":{"start":{"line":16,"column":14},"end":{"line":16,"column":57}},"7":{"start":{"line":18,"column":39},"end":{"line":18,"column":95}},"8":{"start":{"line":20,"column":0},"end":{"line":20,"column":22}},"9":{"start":{"line":21,"column":10},"end":{"line":21,"column":36}},"10":{"start":{"line":22,"column":0},"end":{"line":22,"column":39}},"11":{"start":{"line":23,"column":0},"end":{"line":25,"column":4}},"12":{"start":{"line":26,"column":0},"end":{"line":30,"column":3}},"13":{"start":{"line":27,"column":2},"end":{"line":29,"column":5}},"14":{"start":{"line":31,"column":0},"end":{"line":31,"column":39}},"15":{"start":{"line":32,"column":11},"end":{"line":32,"column":35}},"16":{"start":{"line":33,"column":0},"end":{"line":35,"column":3}},"17":{"start":{"line":34,"column":2},"end":{"line":34,"column":35}},"18":{"start":{"line":36,"column":15},"end":{"line":36,"column":18}},"19":{"start":{"line":37,"column":0},"end":{"line":37,"column":30}}},"fnMap":{"0":{"name":"_interopRequireDefault","decl":{"start":{"line":18,"column":9},"end":{"line":18,"column":31}},"loc":{"start":{"line":18,"column":37},"end":{"line":18,"column":97}},"line":18},"1":{"name":"(anonymous_1)","decl":{"start":{"line":26,"column":13},"end":{"line":26,"column":14}},"loc":{"start":{"line":26,"column":33},"end":{"line":30,"column":1}},"line":26},"2":{"name":"(anonymous_2)","decl":{"start":{"line":33,"column":17},"end":{"line":33,"column":18}},"loc":{"start":{"line":33,"column":29},"end":{"line":35,"column":1}},"line":33}},"branchMap":{"0":{"loc":{"start":{"line":18,"column":46},"end":{"line":18,"column":94}},"type":"cond-expr","locations":[{"start":{"line":18,"column":70},"end":{"line":18,"column":73}},{"start":{"line":18,"column":76},"end":{"line":18,"column":94}}],"line":18},"1":{"loc":{"start":{"line":18,"column":46},"end":{"line":18,"column":67}},"type":"binary-expr","locations":[{"start":{"line":18,"column":46},"end":{"line":18,"column":49}},{"start":{"line":18,"column":53},"end":{"line":18,"column":67}}],"line":18},"2":{"loc":{"start":{"line":32,"column":11},"end":{"line":32,"column":35}},"type":"binary-expr","locations":[{"start":{"line":32,"column":11},"end":{"line":32,"column":27}},{"start":{"line":32,"column":31},"end":{"line":32,"column":35}}],"line":32}},"s":{"0":1,"1":1,"2":1,"3":1,"4":1,"5":1,"6":1,"7":3,"8":1,"9":1,"10":1,"11":1,"12":1,"13":1,"14":1,"15":1,"16":1,"17":1,"18":1,"19":1},"f":{"0":3,"1":1,"2":1},"b":{"0":[1,2],"1":[3,3],"2":[1,1]},"_coverageSchema":"43e27e138ebf9cfc5966b082cf9a028302ed4184","hash":"d2e1913c66c858239590824954a66cfb4402dda1","contentHash":"c532add3a9519ad7fc97e085828d50e2c4ae421e7b9c8f788b83bb297eef0c2a"},"C:\\Users\\Nzubechukwu\\Desktop\\crest\\server\\routes\\index.js":{"path":"C:\\Users\\Nzubechukwu\\Desktop\\crest\\server\\routes\\index.js","statementMap":{"0":{"start":{"line":3,"column":0},"end":{"line":5,"column":3}},"1":{"start":{"line":6,"column":0},"end":{"line":6,"column":28}},"2":{"start":{"line":8,"column":15},"end":{"line":8,"column":57}},"3":{"start":{"line":10,"column":18},"end":{"line":10,"column":65}},"4":{"start":{"line":12,"column":21},"end":{"line":12,"column":71}},"5":{"start":{"line":14,"column":24},"end":{"line":14,"column":77}},"6":{"start":{"line":16,"column":39},"end":{"line":16,"column":95}},"7":{"start":{"line":18,"column":13},"end":{"line":18,"column":41}},"8":{"start":{"line":20,"column":0},"end":{"line":20,"column":45}},"9":{"start":{"line":21,"column":0},"end":{"line":21,"column":51}},"10":{"start":{"line":22,"column":0},"end":{"line":22,"column":58}},"11":{"start":{"line":23,"column":15},"end":{"line":23,"column":21}},"12":{"start":{"line":24,"column":0},"end":{"line":24,"column":30}}},"fnMap":{"0":{"name":"_interopRequireDefault","decl":{"start":{"line":16,"column":9},"end":{"line":16,"column":31}},"loc":{"start":{"line":16,"column":37},"end":{"line":16,"column":97}},"line":16}},"branchMap":{"0":{"loc":{"start":{"line":16,"column":46},"end":{"line":16,"column":94}},"type":"cond-expr","locations":[{"start":{"line":16,"column":70},"end":{"line":16,"column":73}},{"start":{"line":16,"column":76},"end":{"line":16,"column":94}}],"line":16},"1":{"loc":{"start":{"line":16,"column":46},"end":{"line":16,"column":67}},"type":"binary-expr","locations":[{"start":{"line":16,"column":46},"end":{"line":16,"column":49}},{"start":{"line":16,"column":53},"end":{"line":16,"column":67}}],"line":16}},"s":{"0":1,"1":1,"2":1,"3":1,"4":1,"5":1,"6":4,"7":1,"8":1,"9":1,"10":1,"11":1,"12":1},"f":{"0":4},"b":{"0":[3,1],"1":[4,4]},"_coverageSchema":"43e27e138ebf9cfc5966b082cf9a028302ed4184","hash":"94d8aeecdde581f9ee1da2695fe171480041a6bc","contentHash":"52943de4da3c04a2c63eec8bb4886fca05c4271381462a7865ca14206d9aeeeb"},"C:\\Users\\Nzubechukwu\\Desktop\\crest\\server\\routes\\usersRoute.js":{"path":"C:\\Users\\Nzubechukwu\\Desktop\\crest\\server\\routes\\usersRoute.js","statementMap":{"0":{"start":{"line":3,"column":0},"end":{"line":5,"column":3}},"1":{"start":{"line":6,"column":0},"end":{"line":6,"column":28}},"2":{"start":{"line":8,"column":15},"end":{"line":8,"column":57}},"3":{"start":{"line":10,"column":23},"end":{"line":10,"column":88}},"4":{"start":{"line":12,"column":23},"end":{"line":12,"column":87}},"5":{"start":{"line":14,"column":12},"end":{"line":14,"column":65}},"6":{"start":{"line":16,"column":39},"end":{"line":16,"column":95}},"7":{"start":{"line":18,"column":18},"end":{"line":18,"column":46}},"8":{"start":{"line":20,"column":0},"end":{"line":20,"column":251}},"9":{"start":{"line":21,"column":0},"end":{"line":21,"column":197}},"10":{"start":{"line":22,"column":0},"end":{"line":22,"column":201}},"11":{"start":{"line":23,"column":15},"end":{"line":23,"column":26}},"12":{"start":{"line":24,"column":0},"end":{"line":24,"column":30}}},"fnMap":{"0":{"name":"_interopRequireDefault","decl":{"start":{"line":16,"column":9},"end":{"line":16,"column":31}},"loc":{"start":{"line":16,"column":37},"end":{"line":16,"column":97}},"line":16}},"branchMap":{"0":{"loc":{"start":{"line":16,"column":46},"end":{"line":16,"column":94}},"type":"cond-expr","locations":[{"start":{"line":16,"column":70},"end":{"line":16,"column":73}},{"start":{"line":16,"column":76},"end":{"line":16,"column":94}}],"line":16},"1":{"loc":{"start":{"line":16,"column":46},"end":{"line":16,"column":67}},"type":"binary-expr","locations":[{"start":{"line":16,"column":46},"end":{"line":16,"column":49}},{"start":{"line":16,"column":53},"end":{"line":16,"column":67}}],"line":16}},"s":{"0":1,"1":1,"2":1,"3":1,"4":1,"5":1,"6":4,"7":1,"8":1,"9":1,"10":1,"11":1,"12":1},"f":{"0":4},"b":{"0":[3,1],"1":[4,4]},"_coverageSchema":"43e27e138ebf9cfc5966b082cf9a028302ed4184","hash":"1d2c2db27605a3dc7aa452f768023ad71f36a80c","contentHash":"dd6fdc4506d4e5de31e4c8efb7c0e157f50441cabe60b9d6af56a483103e22c8"},"C:\\Users\\Nzubechukwu\\Desktop\\crest\\server\\controllers\\usersController.js":{"path":"C:\\Users\\Nzubechukwu\\Desktop\\crest\\server\\controllers\\usersController.js","statementMap":{"0":{"start":{"line":3,"column":0},"end":{"line":5,"column":3}},"1":{"start":{"line":6,"column":0},"end":{"line":6,"column":28}},"2":{"start":{"line":8,"column":15},"end":{"line":8,"column":68}},"3":{"start":{"line":10,"column":13},"end":{"line":10,"column":59}},"4":{"start":{"line":12,"column":39},"end":{"line":12,"column":95}},"5":{"start":{"line":14,"column":77},"end":{"line":14,"column":175}},"6":{"start":{"line":14,"column":94},"end":{"line":14,"column":107}},"7":{"start":{"line":14,"column":121},"end":{"line":14,"column":131}},"8":{"start":{"line":14,"column":151},"end":{"line":14,"column":165}},"9":{"start":{"line":14,"column":166},"end":{"line":14,"column":173}},"10":{"start":{"line":14,"column":176},"end":{"line":14,"column":263}},"11":{"start":{"line":14,"column":193},"end":{"line":14,"column":208}},"12":{"start":{"line":14,"column":218},"end":{"line":14,"column":261}},"13":{"start":{"line":16,"column":33},"end":{"line":16,"column":387}},"14":{"start":{"line":16,"column":65},"end":{"line":16,"column":69}},"15":{"start":{"line":16,"column":78},"end":{"line":16,"column":87}},"16":{"start":{"line":16,"column":89},"end":{"line":16,"column":384}},"17":{"start":{"line":16,"column":147},"end":{"line":16,"column":167}},"18":{"start":{"line":16,"column":193},"end":{"line":16,"column":264}},"19":{"start":{"line":16,"column":290},"end":{"line":16,"column":360}},"20":{"start":{"line":16,"column":363},"end":{"line":16,"column":380}},"21":{"start":{"line":18,"column":50},"end":{"line":18,"column":151}},"22":{"start":{"line":18,"column":92},"end":{"line":18,"column":149}},"23":{"start":{"line":20,"column":44},"end":{"line":20,"column":315}},"24":{"start":{"line":20,"column":57},"end":{"line":20,"column":58}},"25":{"start":{"line":20,"column":102},"end":{"line":20,"column":110}},"26":{"start":{"line":20,"column":112},"end":{"line":20,"column":167}},"27":{"start":{"line":20,"column":168},"end":{"line":20,"column":199}},"28":{"start":{"line":20,"column":200},"end":{"line":20,"column":254}},"29":{"start":{"line":20,"column":227},"end":{"line":20,"column":254}},"30":{"start":{"line":20,"column":255},"end":{"line":20,"column":313}},"31":{"start":{"line":22,"column":62},"end":{"line":22,"column":131}},"32":{"start":{"line":22,"column":78},"end":{"line":22,"column":131}},"33":{"start":{"line":22,"column":132},"end":{"line":22,"column":193}},"34":{"start":{"line":22,"column":149},"end":{"line":22,"column":193}},"35":{"start":{"line":22,"column":194},"end":{"line":22,"column":213}},"36":{"start":{"line":29,"column":0},"end":{"line":243,"column":3}},"37":{"start":{"line":31,"column":4},"end":{"line":31,"column":42}},"38":{"start":{"line":34,"column":2},"end":{"line":240,"column":6}},"39":{"start":{"line":44,"column":20},"end":{"line":105,"column":9}},"40":{"start":{"line":49,"column":8},"end":{"line":104,"column":37}},"41":{"start":{"line":50,"column":10},"end":{"line":103,"column":11}},"42":{"start":{"line":51,"column":12},"end":{"line":102,"column":13}},"43":{"start":{"line":53,"column":16},"end":{"line":53,"column":209}},"44":{"start":{"line":54,"column":16},"end":{"line":54,"column":58}},"45":{"start":{"line":55,"column":16},"end":{"line":55,"column":155}},"46":{"start":{"line":56,"column":16},"end":{"line":56,"column":75}},"47":{"start":{"line":57,"column":16},"end":{"line":57,"column":34}},"48":{"start":{"line":58,"column":16},"end":{"line":58,"column":34}},"49":{"start":{"line":59,"column":16},"end":{"line":59,"column":61}},"50":{"start":{"line":62,"column":16},"end":{"line":62,"column":37}},"51":{"start":{"line":63,"column":16},"end":{"line":63,"column":33}},"52":{"start":{"line":64,"column":16},"end":{"line":64,"column":133}},"53":{"start":{"line":65,"column":16},"end":{"line":65,"column":116}},"54":{"start":{"line":66,"column":16},"end":{"line":75,"column":19}},"55":{"start":{"line":76,"column":16},"end":{"line":76,"column":35}},"56":{"start":{"line":77,"column":16},"end":{"line":77,"column":22}},"57":{"start":{"line":80,"column":16},"end":{"line":80,"column":35}},"58":{"start":{"line":81,"column":16},"end":{"line":81,"column":51}},"59":{"start":{"line":83,"column":16},"end":{"line":86,"column":17}},"60":{"start":{"line":84,"column":18},"end":{"line":84,"column":37}},"61":{"start":{"line":85,"column":18},"end":{"line":85,"column":24}},"62":{"start":{"line":88,"column":16},"end":{"line":91,"column":20}},"63":{"start":{"line":94,"column":16},"end":{"line":97,"column":20}},"64":{"start":{"line":101,"column":16},"end":{"line":101,"column":39}},"65":{"start":{"line":108,"column":8},"end":{"line":108,"column":46}},"66":{"start":{"line":111,"column":6},"end":{"line":111,"column":20}},"67":{"start":{"line":123,"column":19},"end":{"line":180,"column":9}},"68":{"start":{"line":128,"column":8},"end":{"line":179,"column":38}},"69":{"start":{"line":129,"column":10},"end":{"line":178,"column":11}},"70":{"start":{"line":130,"column":12},"end":{"line":177,"column":13}},"71":{"start":{"line":132,"column":16},"end":{"line":132,"column":96}},"72":{"start":{"line":133,"column":16},"end":{"line":133,"column":62}},"73":{"start":{"line":134,"column":16},"end":{"line":134,"column":35}},"74":{"start":{"line":135,"column":16},"end":{"line":135,"column":35}},"75":{"start":{"line":136,"column":16},"end":{"line":136,"column":62}},"76":{"start":{"line":139,"column":16},"end":{"line":139,"column":39}},"77":{"start":{"line":140,"column":16},"end":{"line":140,"column":34}},"78":{"start":{"line":142,"column":16},"end":{"line":145,"column":17}},"79":{"start":{"line":143,"column":18},"end":{"line":143,"column":37}},"80":{"start":{"line":144,"column":18},"end":{"line":144,"column":24}},"81":{"start":{"line":147,"column":16},"end":{"line":150,"column":20}},"82":{"start":{"line":153,"column":16},"end":{"line":153,"column":138}},"83":{"start":{"line":154,"column":16},"end":{"line":154,"column":116}},"84":{"start":{"line":155,"column":16},"end":{"line":164,"column":20}},"85":{"start":{"line":167,"column":16},"end":{"line":167,"column":36}},"86":{"start":{"line":168,"column":16},"end":{"line":168,"column":53}},"87":{"start":{"line":169,"column":16},"end":{"line":172,"column":20}},"88":{"start":{"line":176,"column":16},"end":{"line":176,"column":40}},"89":{"start":{"line":183,"column":8},"end":{"line":183,"column":45}},"90":{"start":{"line":186,"column":6},"end":{"line":186,"column":19}},"91":{"start":{"line":195,"column":32},"end":{"line":232,"column":9}},"92":{"start":{"line":200,"column":8},"end":{"line":231,"column":38}},"93":{"start":{"line":201,"column":10},"end":{"line":230,"column":11}},"94":{"start":{"line":202,"column":12},"end":{"line":229,"column":13}},"95":{"start":{"line":204,"column":16},"end":{"line":204,"column":41}},"96":{"start":{"line":205,"column":16},"end":{"line":205,"column":85}},"97":{"start":{"line":206,"column":16},"end":{"line":206,"column":35}},"98":{"start":{"line":207,"column":16},"end":{"line":207,"column":35}},"99":{"start":{"line":208,"column":16},"end":{"line":208,"column":77}},"100":{"start":{"line":211,"column":16},"end":{"line":211,"column":39}},"101":{"start":{"line":212,"column":16},"end":{"line":212,"column":34}},"102":{"start":{"line":213,"column":16},"end":{"line":216,"column":20}},"103":{"start":{"line":219,"column":16},"end":{"line":219,"column":36}},"104":{"start":{"line":220,"column":16},"end":{"line":220,"column":53}},"105":{"start":{"line":221,"column":16},"end":{"line":224,"column":20}},"106":{"start":{"line":228,"column":16},"end":{"line":228,"column":40}},"107":{"start":{"line":235,"column":8},"end":{"line":235,"column":58}},"108":{"start":{"line":238,"column":6},"end":{"line":238,"column":32}},"109":{"start":{"line":242,"column":2},"end":{"line":242,"column":24}},"110":{"start":{"line":245,"column":0},"end":{"line":245,"column":36}}},"fnMap":{"0":{"name":"_interopRequireDefault","decl":{"start":{"line":12,"column":9},"end":{"line":12,"column":31}},"loc":{"start":{"line":12,"column":37},"end":{"line":12,"column":97}},"line":12},"1":{"name":"asyncGeneratorStep","decl":{"start":{"line":14,"column":9},"end":{"line":14,"column":27}},"loc":{"start":{"line":14,"column":75},"end":{"line":14,"column":265}},"line":14},"2":{"name":"_asyncToGenerator","decl":{"start":{"line":16,"column":9},"end":{"line":16,"column":26}},"loc":{"start":{"line":16,"column":31},"end":{"line":16,"column":389}},"line":16},"3":{"name":"(anonymous_3)","decl":{"start":{"line":16,"column":40},"end":{"line":16,"column":41}},"loc":{"start":{"line":16,"column":52},"end":{"line":16,"column":386}},"line":16},"4":{"name":"(anonymous_4)","decl":{"start":{"line":16,"column":108},"end":{"line":16,"column":109}},"loc":{"start":{"line":16,"column":135},"end":{"line":16,"column":382}},"line":16},"5":{"name":"_next","decl":{"start":{"line":16,"column":178},"end":{"line":16,"column":183}},"loc":{"start":{"line":16,"column":191},"end":{"line":16,"column":266}},"line":16},"6":{"name":"_throw","decl":{"start":{"line":16,"column":276},"end":{"line":16,"column":282}},"loc":{"start":{"line":16,"column":288},"end":{"line":16,"column":362}},"line":16},"7":{"name":"_classCallCheck","decl":{"start":{"line":18,"column":9},"end":{"line":18,"column":24}},"loc":{"start":{"line":18,"column":48},"end":{"line":18,"column":153}},"line":18},"8":{"name":"_defineProperties","decl":{"start":{"line":20,"column":9},"end":{"line":20,"column":26}},"loc":{"start":{"line":20,"column":42},"end":{"line":20,"column":317}},"line":20},"9":{"name":"_createClass","decl":{"start":{"line":22,"column":9},"end":{"line":22,"column":21}},"loc":{"start":{"line":22,"column":60},"end":{"line":22,"column":215}},"line":22},"10":{"name":"(anonymous_10)","decl":{"start":{"line":29,"column":0},"end":{"line":29,"column":1}},"loc":{"start":{"line":29,"column":12},"end":{"line":243,"column":1}},"line":29},"11":{"name":"UserController","decl":{"start":{"line":30,"column":11},"end":{"line":30,"column":25}},"loc":{"start":{"line":30,"column":28},"end":{"line":32,"column":3}},"line":30},"12":{"name":"(anonymous_12)","decl":{"start":{"line":43,"column":11},"end":{"line":43,"column":12}},"loc":{"start":{"line":43,"column":23},"end":{"line":112,"column":5}},"line":43},"13":{"name":"_callee","decl":{"start":{"line":46,"column":39},"end":{"line":46,"column":46}},"loc":{"start":{"line":46,"column":57},"end":{"line":105,"column":7}},"line":46},"14":{"name":"_callee$","decl":{"start":{"line":49,"column":48},"end":{"line":49,"column":56}},"loc":{"start":{"line":49,"column":67},"end":{"line":104,"column":9}},"line":49},"15":{"name":"signup","decl":{"start":{"line":107,"column":15},"end":{"line":107,"column":21}},"loc":{"start":{"line":107,"column":31},"end":{"line":109,"column":7}},"line":107},"16":{"name":"(anonymous_16)","decl":{"start":{"line":122,"column":11},"end":{"line":122,"column":12}},"loc":{"start":{"line":122,"column":23},"end":{"line":187,"column":5}},"line":122},"17":{"name":"_callee2","decl":{"start":{"line":125,"column":39},"end":{"line":125,"column":47}},"loc":{"start":{"line":125,"column":58},"end":{"line":180,"column":7}},"line":125},"18":{"name":"_callee2$","decl":{"start":{"line":128,"column":48},"end":{"line":128,"column":57}},"loc":{"start":{"line":128,"column":69},"end":{"line":179,"column":9}},"line":128},"19":{"name":"login","decl":{"start":{"line":182,"column":15},"end":{"line":182,"column":20}},"loc":{"start":{"line":182,"column":31},"end":{"line":184,"column":7}},"line":182},"20":{"name":"(anonymous_20)","decl":{"start":{"line":194,"column":11},"end":{"line":194,"column":12}},"loc":{"start":{"line":194,"column":23},"end":{"line":239,"column":5}},"line":194},"21":{"name":"_callee3","decl":{"start":{"line":197,"column":39},"end":{"line":197,"column":47}},"loc":{"start":{"line":197,"column":58},"end":{"line":232,"column":7}},"line":197},"22":{"name":"_callee3$","decl":{"start":{"line":200,"column":48},"end":{"line":200,"column":57}},"loc":{"start":{"line":200,"column":69},"end":{"line":231,"column":9}},"line":200},"23":{"name":"getUserAccountList","decl":{"start":{"line":234,"column":15},"end":{"line":234,"column":33}},"loc":{"start":{"line":234,"column":44},"end":{"line":236,"column":7}},"line":234}},"branchMap":{"0":{"loc":{"start":{"line":12,"column":46},"end":{"line":12,"column":94}},"type":"cond-expr","locations":[{"start":{"line":12,"column":70},"end":{"line":12,"column":73}},{"start":{"line":12,"column":76},"end":{"line":12,"column":94}}],"line":12},"1":{"loc":{"start":{"line":12,"column":46},"end":{"line":12,"column":67}},"type":"binary-expr","locations":[{"start":{"line":12,"column":46},"end":{"line":12,"column":49}},{"start":{"line":12,"column":53},"end":{"line":12,"column":67}}],"line":12},"2":{"loc":{"start":{"line":14,"column":176},"end":{"line":14,"column":263}},"type":"if","locations":[{"start":{"line":14,"column":176},"end":{"line":14,"column":263}},{"start":{"line":14,"column":176},"end":{"line":14,"column":263}}],"line":14},"3":{"loc":{"start":{"line":18,"column":50},"end":{"line":18,"column":151}},"type":"if","locations":[{"start":{"line":18,"column":50},"end":{"line":18,"column":151}},{"start":{"line":18,"column":50},"end":{"line":18,"column":151}}],"line":18},"4":{"loc":{"start":{"line":20,"column":136},"end":{"line":20,"column":166}},"type":"binary-expr","locations":[{"start":{"line":20,"column":136},"end":{"line":20,"column":157}},{"start":{"line":20,"column":161},"end":{"line":20,"column":166}}],"line":20},"5":{"loc":{"start":{"line":20,"column":200},"end":{"line":20,"column":254}},"type":"if","locations":[{"start":{"line":20,"column":200},"end":{"line":20,"column":254}},{"start":{"line":20,"column":200},"end":{"line":20,"column":254}}],"line":20},"6":{"loc":{"start":{"line":22,"column":62},"end":{"line":22,"column":131}},"type":"if","locations":[{"start":{"line":22,"column":62},"end":{"line":22,"column":131}},{"start":{"line":22,"column":62},"end":{"line":22,"column":131}}],"line":22},"7":{"loc":{"start":{"line":22,"column":132},"end":{"line":22,"column":193}},"type":"if","locations":[{"start":{"line":22,"column":132},"end":{"line":22,"column":193}},{"start":{"line":22,"column":132},"end":{"line":22,"column":193}}],"line":22},"8":{"loc":{"start":{"line":51,"column":12},"end":{"line":102,"column":13}},"type":"switch","locations":[{"start":{"line":52,"column":14},"end":{"line":59,"column":61}},{"start":{"line":61,"column":14},"end":{"line":77,"column":22}},{"start":{"line":79,"column":14},"end":{"line":91,"column":20}},{"start":{"line":93,"column":14},"end":{"line":97,"column":20}},{"start":{"line":99,"column":14},"end":{"line":99,"column":22}},{"start":{"line":100,"column":14},"end":{"line":101,"column":39}}],"line":51},"9":{"loc":{"start":{"line":83,"column":16},"end":{"line":86,"column":17}},"type":"if","locations":[{"start":{"line":83,"column":16},"end":{"line":86,"column":17}},{"start":{"line":83,"column":16},"end":{"line":86,"column":17}}],"line":83},"10":{"loc":{"start":{"line":130,"column":12},"end":{"line":177,"column":13}},"type":"switch","locations":[{"start":{"line":131,"column":14},"end":{"line":136,"column":62}},{"start":{"line":138,"column":14},"end":{"line":150,"column":20}},{"start":{"line":152,"column":14},"end":{"line":164,"column":20}},{"start":{"line":166,"column":14},"end":{"line":172,"column":20}},{"start":{"line":174,"column":14},"end":{"line":174,"column":22}},{"start":{"line":175,"column":14},"end":{"line":176,"column":40}}],"line":130},"11":{"loc":{"start":{"line":142,"column":16},"end":{"line":145,"column":17}},"type":"if","locations":[{"start":{"line":142,"column":16},"end":{"line":145,"column":17}},{"start":{"line":142,"column":16},"end":{"line":145,"column":17}}],"line":142},"12":{"loc":{"start":{"line":202,"column":12},"end":{"line":229,"column":13}},"type":"switch","locations":[{"start":{"line":203,"column":14},"end":{"line":208,"column":77}},{"start":{"line":210,"column":14},"end":{"line":216,"column":20}},{"start":{"line":218,"column":14},"end":{"line":224,"column":20}},{"start":{"line":226,"column":14},"end":{"line":226,"column":22}},{"start":{"line":227,"column":14},"end":{"line":228,"column":40}}],"line":202}},"s":{"0":1,"1":1,"2":1,"3":1,"4":2,"5":14,"6":14,"7":14,"8":0,"9":0,"10":14,"11":7,"12":7,"13":3,"14":7,"15":7,"16":7,"17":7,"18":12,"19":2,"20":7,"21":0,"22":0,"23":1,"24":1,"25":3,"26":3,"27":3,"28":3,"29":3,"30":3,"31":1,"32":0,"33":1,"34":1,"35":1,"36":1,"37":0,"38":1,"39":1,"40":4,"41":10,"42":12,"43":4,"44":4,"45":4,"46":4,"47":4,"48":4,"49":4,"50":2,"51":2,"52":2,"53":2,"54":2,"55":2,"56":2,"57":2,"58":2,"59":2,"60":0,"61":0,"62":2,"63":0,"64":4,"65":4,"66":1,"67":1,"68":3,"69":9,"70":11,"71":3,"72":3,"73":3,"74":3,"75":3,"76":3,"77":3,"78":3,"79":2,"80":2,"81":1,"82":2,"83":2,"84":2,"85":0,"86":0,"87":0,"88":3,"89":3,"90":1,"91":1,"92":0,"93":0,"94":0,"95":0,"96":0,"97":0,"98":0,"99":0,"100":0,"101":0,"102":0,"103":0,"104":0,"105":0,"106":0,"107":0,"108":1,"109":1,"110":1},"f":{"0":2,"1":14,"2":3,"3":7,"4":7,"5":12,"6":2,"7":0,"8":1,"9":1,"10":1,"11":0,"12":1,"13":4,"14":10,"15":4,"16":1,"17":3,"18":9,"19":3,"20":1,"21":0,"22":0,"23":0},"b":{"0":[2,0],"1":[2,2],"2":[7,7],"3":[0,0],"4":[3,3],"5":[3,0],"6":[0,1],"7":[1,0],"8":[4,2,2,0,2,4],"9":[0,2],"10":[3,3,2,0,0,3],"11":[2,1],"12":[0,0,0,0,0]},"_coverageSchema":"43e27e138ebf9cfc5966b082cf9a028302ed4184","hash":"cecf0e1c94312f1a19cdd3fa97ae400cd437bfc5","contentHash":"9fedd61718889501fb4f3e111e51c2d16af05cbdd528ecdce41cfc1d90eb7d67"},"C:\\Users\\Nzubechukwu\\Desktop\\crest\\server\\Helpers\\helpers.js":{"path":"C:\\Users\\Nzubechukwu\\Desktop\\crest\\server\\Helpers\\helpers.js","statementMap":{"0":{"start":{"line":3,"column":0},"end":{"line":5,"column":3}},"1":{"start":{"line":6,"column":0},"end":{"line":6,"column":28}},"2":{"start":{"line":8,"column":14},"end":{"line":8,"column":55}},"3":{"start":{"line":10,"column":20},"end":{"line":10,"column":67}},"4":{"start":{"line":12,"column":39},"end":{"line":12,"column":95}},"5":{"start":{"line":14,"column":50},"end":{"line":14,"column":151}},"6":{"start":{"line":14,"column":92},"end":{"line":14,"column":149}},"7":{"start":{"line":16,"column":44},"end":{"line":16,"column":315}},"8":{"start":{"line":16,"column":57},"end":{"line":16,"column":58}},"9":{"start":{"line":16,"column":102},"end":{"line":16,"column":110}},"10":{"start":{"line":16,"column":112},"end":{"line":16,"column":167}},"11":{"start":{"line":16,"column":168},"end":{"line":16,"column":199}},"12":{"start":{"line":16,"column":200},"end":{"line":16,"column":254}},"13":{"start":{"line":16,"column":227},"end":{"line":16,"column":254}},"14":{"start":{"line":16,"column":255},"end":{"line":16,"column":313}},"15":{"start":{"line":18,"column":62},"end":{"line":18,"column":131}},"16":{"start":{"line":18,"column":78},"end":{"line":18,"column":131}},"17":{"start":{"line":18,"column":132},"end":{"line":18,"column":193}},"18":{"start":{"line":18,"column":149},"end":{"line":18,"column":193}},"19":{"start":{"line":18,"column":194},"end":{"line":18,"column":213}},"20":{"start":{"line":25,"column":0},"end":{"line":80,"column":3}},"21":{"start":{"line":27,"column":4},"end":{"line":27,"column":34}},"22":{"start":{"line":30,"column":2},"end":{"line":77,"column":6}},"23":{"start":{"line":40,"column":6},"end":{"line":40,"column":87}},"24":{"start":{"line":52,"column":6},"end":{"line":52,"column":60}},"25":{"start":{"line":64,"column":18},"end":{"line":73,"column":8}},"26":{"start":{"line":75,"column":6},"end":{"line":75,"column":19}},"27":{"start":{"line":79,"column":2},"end":{"line":79,"column":16}},"28":{"start":{"line":82,"column":0},"end":{"line":82,"column":28}}},"fnMap":{"0":{"name":"_interopRequireDefault","decl":{"start":{"line":12,"column":9},"end":{"line":12,"column":31}},"loc":{"start":{"line":12,"column":37},"end":{"line":12,"column":97}},"line":12},"1":{"name":"_classCallCheck","decl":{"start":{"line":14,"column":9},"end":{"line":14,"column":24}},"loc":{"start":{"line":14,"column":48},"end":{"line":14,"column":153}},"line":14},"2":{"name":"_defineProperties","decl":{"start":{"line":16,"column":9},"end":{"line":16,"column":26}},"loc":{"start":{"line":16,"column":42},"end":{"line":16,"column":317}},"line":16},"3":{"name":"_createClass","decl":{"start":{"line":18,"column":9},"end":{"line":18,"column":21}},"loc":{"start":{"line":18,"column":60},"end":{"line":18,"column":215}},"line":18},"4":{"name":"(anonymous_4)","decl":{"start":{"line":25,"column":0},"end":{"line":25,"column":1}},"loc":{"start":{"line":25,"column":12},"end":{"line":80,"column":1}},"line":25},"5":{"name":"Helper","decl":{"start":{"line":26,"column":11},"end":{"line":26,"column":17}},"loc":{"start":{"line":26,"column":20},"end":{"line":28,"column":3}},"line":26},"6":{"name":"hash","decl":{"start":{"line":39,"column":20},"end":{"line":39,"column":24}},"loc":{"start":{"line":39,"column":35},"end":{"line":41,"column":5}},"line":39},"7":{"name":"checkPassword","decl":{"start":{"line":51,"column":20},"end":{"line":51,"column":33}},"loc":{"start":{"line":51,"column":50},"end":{"line":53,"column":5}},"line":51},"8":{"name":"getToken","decl":{"start":{"line":63,"column":20},"end":{"line":63,"column":28}},"loc":{"start":{"line":63,"column":76},"end":{"line":76,"column":5}},"line":63}},"branchMap":{"0":{"loc":{"start":{"line":12,"column":46},"end":{"line":12,"column":94}},"type":"cond-expr","locations":[{"start":{"line":12,"column":70},"end":{"line":12,"column":73}},{"start":{"line":12,"column":76},"end":{"line":12,"column":94}}],"line":12},"1":{"loc":{"start":{"line":12,"column":46},"end":{"line":12,"column":67}},"type":"binary-expr","locations":[{"start":{"line":12,"column":46},"end":{"line":12,"column":49}},{"start":{"line":12,"column":53},"end":{"line":12,"column":67}}],"line":12},"2":{"loc":{"start":{"line":14,"column":50},"end":{"line":14,"column":151}},"type":"if","locations":[{"start":{"line":14,"column":50},"end":{"line":14,"column":151}},{"start":{"line":14,"column":50},"end":{"line":14,"column":151}}],"line":14},"3":{"loc":{"start":{"line":16,"column":136},"end":{"line":16,"column":166}},"type":"binary-expr","locations":[{"start":{"line":16,"column":136},"end":{"line":16,"column":157}},{"start":{"line":16,"column":161},"end":{"line":16,"column":166}}],"line":16},"4":{"loc":{"start":{"line":16,"column":200},"end":{"line":16,"column":254}},"type":"if","locations":[{"start":{"line":16,"column":200},"end":{"line":16,"column":254}},{"start":{"line":16,"column":200},"end":{"line":16,"column":254}}],"line":16},"5":{"loc":{"start":{"line":18,"column":62},"end":{"line":18,"column":131}},"type":"if","locations":[{"start":{"line":18,"column":62},"end":{"line":18,"column":131}},{"start":{"line":18,"column":62},"end":{"line":18,"column":131}}],"line":18},"6":{"loc":{"start":{"line":18,"column":132},"end":{"line":18,"column":193}},"type":"if","locations":[{"start":{"line":18,"column":132},"end":{"line":18,"column":193}},{"start":{"line":18,"column":132},"end":{"line":18,"column":193}}],"line":18}},"s":{"0":1,"1":1,"2":1,"3":1,"4":2,"5":0,"6":0,"7":1,"8":1,"9":3,"10":3,"11":3,"12":3,"13":3,"14":3,"15":1,"16":0,"17":1,"18":1,"19":1,"20":1,"21":0,"22":1,"23":4,"24":3,"25":4,"26":4,"27":1,"28":1},"f":{"0":2,"1":0,"2":1,"3":1,"4":1,"5":0,"6":4,"7":3,"8":4},"b":{"0":[0,2],"1":[2,2],"2":[0,0],"3":[3,3],"4":[3,0],"5":[0,1],"6":[1,0]},"_coverageSchema":"43e27e138ebf9cfc5966b082cf9a028302ed4184","hash":"212c7ec67ac49d8773cccf641759bb42c574577d","contentHash":"cc63bc7d6f3f2bfd26c7ea9ce180f873f3515747ea8a46e90ba05135e071afe5"},"C:\\Users\\Nzubechukwu\\Desktop\\crest\\server\\db\\index.js":{"path":"C:\\Users\\Nzubechukwu\\Desktop\\crest\\server\\db\\index.js","statementMap":{"0":{"start":{"line":3,"column":0},"end":{"line":5,"column":3}},"1":{"start":{"line":6,"column":0},"end":{"line":6,"column":28}},"2":{"start":{"line":8,"column":10},"end":{"line":8,"column":23}},"3":{"start":{"line":10,"column":14},"end":{"line":10,"column":31}},"4":{"start":{"line":12,"column":0},"end":{"line":12,"column":22}},"5":{"start":{"line":13,"column":18},"end":{"line":13,"column":20}},"6":{"start":{"line":15,"column":0},"end":{"line":19,"column":1}},"7":{"start":{"line":16,"column":2},"end":{"line":16,"column":41}},"8":{"start":{"line":18,"column":2},"end":{"line":18,"column":46}},"9":{"start":{"line":21,"column":0},"end":{"line":21,"column":63}},"10":{"start":{"line":22,"column":11},"end":{"line":24,"column":2}},"11":{"start":{"line":25,"column":15},"end":{"line":33,"column":1}},"12":{"start":{"line":31,"column":4},"end":{"line":31,"column":36}},"13":{"start":{"line":34,"column":0},"end":{"line":34,"column":30}}},"fnMap":{"0":{"name":"query","decl":{"start":{"line":30,"column":18},"end":{"line":30,"column":23}},"loc":{"start":{"line":30,"column":38},"end":{"line":32,"column":3}},"line":30}},"branchMap":{"0":{"loc":{"start":{"line":15,"column":0},"end":{"line":19,"column":1}},"type":"if","locations":[{"start":{"line":15,"column":0},"end":{"line":19,"column":1}},{"start":{"line":15,"column":0},"end":{"line":19,"column":1}}],"line":15}},"s":{"0":1,"1":1,"2":1,"3":1,"4":1,"5":1,"6":1,"7":0,"8":1,"9":1,"10":1,"11":1,"12":26,"13":1},"f":{"0":26},"b":{"0":[0,1]},"_coverageSchema":"43e27e138ebf9cfc5966b082cf9a028302ed4184","hash":"f529ffead16765ae7b54b72dfe3d6842e825b25b","contentHash":"3b8284d09fa92ebab9a6313307b5fcabf8be77213ddeb44664b2fc74146a94c8"},"C:\\Users\\Nzubechukwu\\Desktop\\crest\\server\\middleware\\userMiddlerware.js":{"path":"C:\\Users\\Nzubechukwu\\Desktop\\crest\\server\\middleware\\userMiddlerware.js","statementMap":{"0":{"start":{"line":3,"column":0},"end":{"line":5,"column":3}},"1":{"start":{"line":6,"column":0},"end":{"line":6,"column":28}},"2":{"start":{"line":8,"column":14},"end":{"line":8,"column":31}},"3":{"start":{"line":10,"column":13},"end":{"line":10,"column":59}},"4":{"start":{"line":12,"column":39},"end":{"line":12,"column":95}},"5":{"start":{"line":14,"column":77},"end":{"line":14,"column":175}},"6":{"start":{"line":14,"column":94},"end":{"line":14,"column":107}},"7":{"start":{"line":14,"column":121},"end":{"line":14,"column":131}},"8":{"start":{"line":14,"column":151},"end":{"line":14,"column":165}},"9":{"start":{"line":14,"column":166},"end":{"line":14,"column":173}},"10":{"start":{"line":14,"column":176},"end":{"line":14,"column":263}},"11":{"start":{"line":14,"column":193},"end":{"line":14,"column":208}},"12":{"start":{"line":14,"column":218},"end":{"line":14,"column":261}},"13":{"start":{"line":16,"column":33},"end":{"line":16,"column":387}},"14":{"start":{"line":16,"column":65},"end":{"line":16,"column":69}},"15":{"start":{"line":16,"column":78},"end":{"line":16,"column":87}},"16":{"start":{"line":16,"column":89},"end":{"line":16,"column":384}},"17":{"start":{"line":16,"column":147},"end":{"line":16,"column":167}},"18":{"start":{"line":16,"column":193},"end":{"line":16,"column":264}},"19":{"start":{"line":16,"column":290},"end":{"line":16,"column":360}},"20":{"start":{"line":16,"column":363},"end":{"line":16,"column":380}},"21":{"start":{"line":18,"column":50},"end":{"line":18,"column":151}},"22":{"start":{"line":18,"column":92},"end":{"line":18,"column":149}},"23":{"start":{"line":20,"column":44},"end":{"line":20,"column":315}},"24":{"start":{"line":20,"column":57},"end":{"line":20,"column":58}},"25":{"start":{"line":20,"column":102},"end":{"line":20,"column":110}},"26":{"start":{"line":20,"column":112},"end":{"line":20,"column":167}},"27":{"start":{"line":20,"column":168},"end":{"line":20,"column":199}},"28":{"start":{"line":20,"column":200},"end":{"line":20,"column":254}},"29":{"start":{"line":20,"column":227},"end":{"line":20,"column":254}},"30":{"start":{"line":20,"column":255},"end":{"line":20,"column":313}},"31":{"start":{"line":22,"column":62},"end":{"line":22,"column":131}},"32":{"start":{"line":22,"column":78},"end":{"line":22,"column":131}},"33":{"start":{"line":22,"column":132},"end":{"line":22,"column":193}},"34":{"start":{"line":22,"column":149},"end":{"line":22,"column":193}},"35":{"start":{"line":22,"column":194},"end":{"line":22,"column":213}},"36":{"start":{"line":24,"column":0},"end":{"line":24,"column":22}},"37":{"start":{"line":31,"column":0},"end":{"line":311,"column":3}},"38":{"start":{"line":33,"column":4},"end":{"line":33,"column":36}},"39":{"start":{"line":36,"column":2},"end":{"line":308,"column":6}},"40":{"start":{"line":46,"column":18},"end":{"line":46,"column":32}},"41":{"start":{"line":48,"column":6},"end":{"line":53,"column":7}},"42":{"start":{"line":49,"column":8},"end":{"line":52,"column":11}},"43":{"start":{"line":55,"column":21},"end":{"line":55,"column":174}},"44":{"start":{"line":57,"column":6},"end":{"line":62,"column":7}},"45":{"start":{"line":58,"column":8},"end":{"line":61,"column":11}},"46":{"start":{"line":64,"column":6},"end":{"line":64,"column":13}},"47":{"start":{"line":76,"column":22},"end":{"line":76,"column":40}},"48":{"start":{"line":78,"column":6},"end":{"line":83,"column":7}},"49":{"start":{"line":79,"column":8},"end":{"line":82,"column":11}},"50":{"start":{"line":85,"column":24},"end":{"line":85,"column":37}},"51":{"start":{"line":87,"column":6},"end":{"line":92,"column":7}},"52":{"start":{"line":88,"column":8},"end":{"line":91,"column":11}},"53":{"start":{"line":94,"column":6},"end":{"line":99,"column":7}},"54":{"start":{"line":95,"column":8},"end":{"line":98,"column":11}},"55":{"start":{"line":101,"column":6},"end":{"line":101,"column":13}},"56":{"start":{"line":113,"column":21},"end":{"line":113,"column":38}},"57":{"start":{"line":115,"column":6},"end":{"line":120,"column":7}},"58":{"start":{"line":116,"column":8},"end":{"line":119,"column":11}},"59":{"start":{"line":122,"column":24},"end":{"line":122,"column":37}},"60":{"start":{"line":124,"column":6},"end":{"line":129,"column":7}},"61":{"start":{"line":125,"column":8},"end":{"line":128,"column":11}},"62":{"start":{"line":131,"column":6},"end":{"line":136,"column":7}},"63":{"start":{"line":132,"column":8},"end":{"line":135,"column":11}},"64":{"start":{"line":138,"column":6},"end":{"line":138,"column":13}},"65":{"start":{"line":150,"column":21},"end":{"line":150,"column":38}},"66":{"start":{"line":152,"column":6},"end":{"line":157,"column":7}},"67":{"start":{"line":153,"column":8},"end":{"line":156,"column":11}},"68":{"start":{"line":159,"column":6},"end":{"line":164,"column":7}},"69":{"start":{"line":160,"column":8},"end":{"line":163,"column":11}},"70":{"start":{"line":166,"column":6},"end":{"line":166,"column":13}},"71":{"start":{"line":178,"column":24},"end":{"line":215,"column":9}},"72":{"start":{"line":183,"column":8},"end":{"line":214,"column":20}},"73":{"start":{"line":184,"column":10},"end":{"line":213,"column":11}},"74":{"start":{"line":185,"column":12},"end":{"line":212,"column":13}},"75":{"start":{"line":187,"column":16},"end":{"line":187,"column":39}},"76":{"start":{"line":188,"column":16},"end":{"line":188,"column":65}},"77":{"start":{"line":189,"column":16},"end":{"line":189,"column":34}},"78":{"start":{"line":190,"column":16},"end":{"line":190,"column":65}},"79":{"start":{"line":193,"column":16},"end":{"line":193,"column":37}},"80":{"start":{"line":194,"column":16},"end":{"line":194,"column":33}},"81":{"start":{"line":196,"column":16},"end":{"line":199,"column":17}},"82":{"start":{"line":197,"column":18},"end":{"line":197,"column":36}},"83":{"start":{"line":198,"column":18},"end":{"line":198,"column":24}},"84":{"start":{"line":201,"column":16},"end":{"line":204,"column":20}},"85":{"start":{"line":207,"column":16},"end":{"line":207,"column":23}},"86":{"start":{"line":211,"column":16},"end":{"line":211,"column":39}},"87":{"start":{"line":218,"column":8},"end":{"line":218,"column":50}},"88":{"start":{"line":221,"column":6},"end":{"line":221,"column":24}},"89":{"start":{"line":233,"column":18},"end":{"line":233,"column":34}},"90":{"start":{"line":235,"column":6},"end":{"line":240,"column":7}},"91":{"start":{"line":236,"column":8},"end":{"line":239,"column":11}},"92":{"start":{"line":242,"column":21},"end":{"line":242,"column":174}},"93":{"start":{"line":244,"column":6},"end":{"line":249,"column":7}},"94":{"start":{"line":245,"column":8},"end":{"line":248,"column":11}},"95":{"start":{"line":251,"column":6},"end":{"line":251,"column":13}},"96":{"start":{"line":263,"column":24},"end":{"line":300,"column":9}},"97":{"start":{"line":268,"column":8},"end":{"line":299,"column":21}},"98":{"start":{"line":269,"column":10},"end":{"line":298,"column":11}},"99":{"start":{"line":270,"column":12},"end":{"line":297,"column":13}},"100":{"start":{"line":272,"column":16},"end":{"line":272,"column":41}},"101":{"start":{"line":273,"column":16},"end":{"line":273,"column":65}},"102":{"start":{"line":274,"column":16},"end":{"line":274,"column":35}},"103":{"start":{"line":275,"column":16},"end":{"line":275,"column":65}},"104":{"start":{"line":278,"column":16},"end":{"line":278,"column":39}},"105":{"start":{"line":279,"column":16},"end":{"line":279,"column":34}},"106":{"start":{"line":281,"column":16},"end":{"line":284,"column":17}},"107":{"start":{"line":282,"column":18},"end":{"line":282,"column":37}},"108":{"start":{"line":283,"column":18},"end":{"line":283,"column":24}},"109":{"start":{"line":286,"column":16},"end":{"line":289,"column":20}},"110":{"start":{"line":292,"column":16},"end":{"line":292,"column":23}},"111":{"start":{"line":296,"column":16},"end":{"line":296,"column":40}},"112":{"start":{"line":303,"column":8},"end":{"line":303,"column":50}},"113":{"start":{"line":306,"column":6},"end":{"line":306,"column":24}},"114":{"start":{"line":310,"column":2},"end":{"line":310,"column":18}},"115":{"start":{"line":313,"column":0},"end":{"line":313,"column":30}}},"fnMap":{"0":{"name":"_interopRequireDefault","decl":{"start":{"line":12,"column":9},"end":{"line":12,"column":31}},"loc":{"start":{"line":12,"column":37},"end":{"line":12,"column":97}},"line":12},"1":{"name":"asyncGeneratorStep","decl":{"start":{"line":14,"column":9},"end":{"line":14,"column":27}},"loc":{"start":{"line":14,"column":75},"end":{"line":14,"column":265}},"line":14},"2":{"name":"_asyncToGenerator","decl":{"start":{"line":16,"column":9},"end":{"line":16,"column":26}},"loc":{"start":{"line":16,"column":31},"end":{"line":16,"column":389}},"line":16},"3":{"name":"(anonymous_3)","decl":{"start":{"line":16,"column":40},"end":{"line":16,"column":41}},"loc":{"start":{"line":16,"column":52},"end":{"line":16,"column":386}},"line":16},"4":{"name":"(anonymous_4)","decl":{"start":{"line":16,"column":108},"end":{"line":16,"column":109}},"loc":{"start":{"line":16,"column":135},"end":{"line":16,"column":382}},"line":16},"5":{"name":"_next","decl":{"start":{"line":16,"column":178},"end":{"line":16,"column":183}},"loc":{"start":{"line":16,"column":191},"end":{"line":16,"column":266}},"line":16},"6":{"name":"_throw","decl":{"start":{"line":16,"column":276},"end":{"line":16,"column":282}},"loc":{"start":{"line":16,"column":288},"end":{"line":16,"column":362}},"line":16},"7":{"name":"_classCallCheck","decl":{"start":{"line":18,"column":9},"end":{"line":18,"column":24}},"loc":{"start":{"line":18,"column":48},"end":{"line":18,"column":153}},"line":18},"8":{"name":"_defineProperties","decl":{"start":{"line":20,"column":9},"end":{"line":20,"column":26}},"loc":{"start":{"line":20,"column":42},"end":{"line":20,"column":317}},"line":20},"9":{"name":"_createClass","decl":{"start":{"line":22,"column":9},"end":{"line":22,"column":21}},"loc":{"start":{"line":22,"column":60},"end":{"line":22,"column":215}},"line":22},"10":{"name":"(anonymous_10)","decl":{"start":{"line":31,"column":0},"end":{"line":31,"column":1}},"loc":{"start":{"line":31,"column":12},"end":{"line":311,"column":1}},"line":31},"11":{"name":"validate","decl":{"start":{"line":32,"column":11},"end":{"line":32,"column":19}},"loc":{"start":{"line":32,"column":22},"end":{"line":34,"column":3}},"line":32},"12":{"name":"validateEmail","decl":{"start":{"line":45,"column":20},"end":{"line":45,"column":33}},"loc":{"start":{"line":45,"column":50},"end":{"line":65,"column":5}},"line":45},"13":{"name":"validateFirstName","decl":{"start":{"line":75,"column":20},"end":{"line":75,"column":37}},"loc":{"start":{"line":75,"column":54},"end":{"line":102,"column":5}},"line":75},"14":{"name":"validateLastName","decl":{"start":{"line":112,"column":20},"end":{"line":112,"column":36}},"loc":{"start":{"line":112,"column":53},"end":{"line":139,"column":5}},"line":112},"15":{"name":"validatePassword","decl":{"start":{"line":149,"column":20},"end":{"line":149,"column":36}},"loc":{"start":{"line":149,"column":53},"end":{"line":167,"column":5}},"line":149},"16":{"name":"(anonymous_16)","decl":{"start":{"line":177,"column":11},"end":{"line":177,"column":12}},"loc":{"start":{"line":177,"column":23},"end":{"line":222,"column":5}},"line":177},"17":{"name":"_callee","decl":{"start":{"line":180,"column":39},"end":{"line":180,"column":46}},"loc":{"start":{"line":180,"column":63},"end":{"line":215,"column":7}},"line":180},"18":{"name":"_callee$","decl":{"start":{"line":183,"column":48},"end":{"line":183,"column":56}},"loc":{"start":{"line":183,"column":67},"end":{"line":214,"column":9}},"line":183},"19":{"name":"verifyUser","decl":{"start":{"line":217,"column":15},"end":{"line":217,"column":25}},"loc":{"start":{"line":217,"column":40},"end":{"line":219,"column":7}},"line":217},"20":{"name":"validateEmailParam","decl":{"start":{"line":232,"column":20},"end":{"line":232,"column":38}},"loc":{"start":{"line":232,"column":55},"end":{"line":252,"column":5}},"line":232},"21":{"name":"(anonymous_21)","decl":{"start":{"line":262,"column":11},"end":{"line":262,"column":12}},"loc":{"start":{"line":262,"column":23},"end":{"line":307,"column":5}},"line":262},"22":{"name":"_callee2","decl":{"start":{"line":265,"column":39},"end":{"line":265,"column":47}},"loc":{"start":{"line":265,"column":64},"end":{"line":300,"column":7}},"line":265},"23":{"name":"_callee2$","decl":{"start":{"line":268,"column":48},"end":{"line":268,"column":57}},"loc":{"start":{"line":268,"column":69},"end":{"line":299,"column":9}},"line":268},"24":{"name":"checkEmail","decl":{"start":{"line":302,"column":15},"end":{"line":302,"column":25}},"loc":{"start":{"line":302,"column":41},"end":{"line":304,"column":7}},"line":302}},"branchMap":{"0":{"loc":{"start":{"line":12,"column":46},"end":{"line":12,"column":94}},"type":"cond-expr","locations":[{"start":{"line":12,"column":70},"end":{"line":12,"column":73}},{"start":{"line":12,"column":76},"end":{"line":12,"column":94}}],"line":12},"1":{"loc":{"start":{"line":12,"column":46},"end":{"line":12,"column":67}},"type":"binary-expr","locations":[{"start":{"line":12,"column":46},"end":{"line":12,"column":49}},{"start":{"line":12,"column":53},"end":{"line":12,"column":67}}],"line":12},"2":{"loc":{"start":{"line":14,"column":176},"end":{"line":14,"column":263}},"type":"if","locations":[{"start":{"line":14,"column":176},"end":{"line":14,"column":263}},{"start":{"line":14,"column":176},"end":{"line":14,"column":263}}],"line":14},"3":{"loc":{"start":{"line":18,"column":50},"end":{"line":18,"column":151}},"type":"if","locations":[{"start":{"line":18,"column":50},"end":{"line":18,"column":151}},{"start":{"line":18,"column":50},"end":{"line":18,"column":151}}],"line":18},"4":{"loc":{"start":{"line":20,"column":136},"end":{"line":20,"column":166}},"type":"binary-expr","locations":[{"start":{"line":20,"column":136},"end":{"line":20,"column":157}},{"start":{"line":20,"column":161},"end":{"line":20,"column":166}}],"line":20},"5":{"loc":{"start":{"line":20,"column":200},"end":{"line":20,"column":254}},"type":"if","locations":[{"start":{"line":20,"column":200},"end":{"line":20,"column":254}},{"start":{"line":20,"column":200},"end":{"line":20,"column":254}}],"line":20},"6":{"loc":{"start":{"line":22,"column":62},"end":{"line":22,"column":131}},"type":"if","locations":[{"start":{"line":22,"column":62},"end":{"line":22,"column":131}},{"start":{"line":22,"column":62},"end":{"line":22,"column":131}}],"line":22},"7":{"loc":{"start":{"line":22,"column":132},"end":{"line":22,"column":193}},"type":"if","locations":[{"start":{"line":22,"column":132},"end":{"line":22,"column":193}},{"start":{"line":22,"column":132},"end":{"line":22,"column":193}}],"line":22},"8":{"loc":{"start":{"line":48,"column":6},"end":{"line":53,"column":7}},"type":"if","locations":[{"start":{"line":48,"column":6},"end":{"line":53,"column":7}},{"start":{"line":48,"column":6},"end":{"line":53,"column":7}}],"line":48},"9":{"loc":{"start":{"line":48,"column":10},"end":{"line":48,"column":57}},"type":"binary-expr","locations":[{"start":{"line":48,"column":10},"end":{"line":48,"column":16}},{"start":{"line":48,"column":20},"end":{"line":48,"column":41}},{"start":{"line":48,"column":45},"end":{"line":48,"column":57}}],"line":48},"10":{"loc":{"start":{"line":57,"column":6},"end":{"line":62,"column":7}},"type":"if","locations":[{"start":{"line":57,"column":6},"end":{"line":62,"column":7}},{"start":{"line":57,"column":6},"end":{"line":62,"column":7}}],"line":57},"11":{"loc":{"start":{"line":78,"column":6},"end":{"line":83,"column":7}},"type":"if","locations":[{"start":{"line":78,"column":6},"end":{"line":83,"column":7}},{"start":{"line":78,"column":6},"end":{"line":83,"column":7}}],"line":78},"12":{"loc":{"start":{"line":78,"column":10},"end":{"line":78,"column":69}},"type":"binary-expr","locations":[{"start":{"line":78,"column":10},"end":{"line":78,"column":20}},{"start":{"line":78,"column":24},"end":{"line":78,"column":49}},{"start":{"line":78,"column":53},"end":{"line":78,"column":69}}],"line":78},"13":{"loc":{"start":{"line":87,"column":6},"end":{"line":92,"column":7}},"type":"if","locations":[{"start":{"line":87,"column":6},"end":{"line":92,"column":7}},{"start":{"line":87,"column":6},"end":{"line":92,"column":7}}],"line":87},"14":{"loc":{"start":{"line":94,"column":6},"end":{"line":99,"column":7}},"type":"if","locations":[{"start":{"line":94,"column":6},"end":{"line":99,"column":7}},{"start":{"line":94,"column":6},"end":{"line":99,"column":7}}],"line":94},"15":{"loc":{"start":{"line":115,"column":6},"end":{"line":120,"column":7}},"type":"if","locations":[{"start":{"line":115,"column":6},"end":{"line":120,"column":7}},{"start":{"line":115,"column":6},"end":{"line":120,"column":7}}],"line":115},"16":{"loc":{"start":{"line":115,"column":10},"end":{"line":115,"column":66}},"type":"binary-expr","locations":[{"start":{"line":115,"column":10},"end":{"line":115,"column":19}},{"start":{"line":115,"column":23},"end":{"line":115,"column":47}},{"start":{"line":115,"column":51},"end":{"line":115,"column":66}}],"line":115},"17":{"loc":{"start":{"line":124,"column":6},"end":{"line":129,"column":7}},"type":"if","locations":[{"start":{"line":124,"column":6},"end":{"line":129,"column":7}},{"start":{"line":124,"column":6},"end":{"line":129,"column":7}}],"line":124},"18":{"loc":{"start":{"line":131,"column":6},"end":{"line":136,"column":7}},"type":"if","locations":[{"start":{"line":131,"column":6},"end":{"line":136,"column":7}},{"start":{"line":131,"column":6},"end":{"line":136,"column":7}}],"line":131},"19":{"loc":{"start":{"line":152,"column":6},"end":{"line":157,"column":7}},"type":"if","locations":[{"start":{"line":152,"column":6},"end":{"line":157,"column":7}},{"start":{"line":152,"column":6},"end":{"line":157,"column":7}}],"line":152},"20":{"loc":{"start":{"line":152,"column":10},"end":{"line":152,"column":66}},"type":"binary-expr","locations":[{"start":{"line":152,"column":10},"end":{"line":152,"column":19}},{"start":{"line":152,"column":23},"end":{"line":152,"column":47}},{"start":{"line":152,"column":51},"end":{"line":152,"column":66}}],"line":152},"21":{"loc":{"start":{"line":159,"column":6},"end":{"line":164,"column":7}},"type":"if","locations":[{"start":{"line":159,"column":6},"end":{"line":164,"column":7}},{"start":{"line":159,"column":6},"end":{"line":164,"column":7}}],"line":159},"22":{"loc":{"start":{"line":159,"column":10},"end":{"line":159,"column":56}},"type":"binary-expr","locations":[{"start":{"line":159,"column":10},"end":{"line":159,"column":31}},{"start":{"line":159,"column":35},"end":{"line":159,"column":56}}],"line":159},"23":{"loc":{"start":{"line":185,"column":12},"end":{"line":212,"column":13}},"type":"switch","locations":[{"start":{"line":186,"column":14},"end":{"line":190,"column":65}},{"start":{"line":192,"column":14},"end":{"line":204,"column":20}},{"start":{"line":206,"column":14},"end":{"line":207,"column":23}},{"start":{"line":209,"column":14},"end":{"line":209,"column":21}},{"start":{"line":210,"column":14},"end":{"line":211,"column":39}}],"line":185},"24":{"loc":{"start":{"line":196,"column":16},"end":{"line":199,"column":17}},"type":"if","locations":[{"start":{"line":196,"column":16},"end":{"line":199,"column":17}},{"start":{"line":196,"column":16},"end":{"line":199,"column":17}}],"line":196},"25":{"loc":{"start":{"line":235,"column":6},"end":{"line":240,"column":7}},"type":"if","locations":[{"start":{"line":235,"column":6},"end":{"line":240,"column":7}},{"start":{"line":235,"column":6},"end":{"line":240,"column":7}}],"line":235},"26":{"loc":{"start":{"line":235,"column":10},"end":{"line":235,"column":57}},"type":"binary-expr","locations":[{"start":{"line":235,"column":10},"end":{"line":235,"column":16}},{"start":{"line":235,"column":20},"end":{"line":235,"column":41}},{"start":{"line":235,"column":45},"end":{"line":235,"column":57}}],"line":235},"27":{"loc":{"start":{"line":244,"column":6},"end":{"line":249,"column":7}},"type":"if","locations":[{"start":{"line":244,"column":6},"end":{"line":249,"column":7}},{"start":{"line":244,"column":6},"end":{"line":249,"column":7}}],"line":244},"28":{"loc":{"start":{"line":270,"column":12},"end":{"line":297,"column":13}},"type":"switch","locations":[{"start":{"line":271,"column":14},"end":{"line":275,"column":65}},{"start":{"line":277,"column":14},"end":{"line":289,"column":20}},{"start":{"line":291,"column":14},"end":{"line":292,"column":23}},{"start":{"line":294,"column":14},"end":{"line":294,"column":21}},{"start":{"line":295,"column":14},"end":{"line":296,"column":40}}],"line":270},"29":{"loc":{"start":{"line":281,"column":16},"end":{"line":284,"column":17}},"type":"if","locations":[{"start":{"line":281,"column":16},"end":{"line":284,"column":17}},{"start":{"line":281,"column":16},"end":{"line":284,"column":17}}],"line":281}},"s":{"0":1,"1":1,"2":1,"3":1,"4":1,"5":8,"6":8,"7":8,"8":0,"9":0,"10":8,"11":4,"12":4,"13":2,"14":4,"15":4,"16":4,"17":4,"18":8,"19":0,"20":4,"21":0,"22":0,"23":1,"24":1,"25":7,"26":7,"27":7,"28":7,"29":7,"30":7,"31":1,"32":0,"33":1,"34":1,"35":1,"36":1,"37":1,"38":0,"39":1,"40":21,"41":21,"42":3,"43":18,"44":18,"45":2,"46":16,"47":12,"48":12,"49":2,"50":10,"51":10,"52":1,"53":9,"54":1,"55":8,"56":8,"57":8,"58":1,"59":7,"60":7,"61":1,"62":6,"63":1,"64":5,"65":9,"66":9,"67":1,"68":8,"69":0,"70":8,"71":1,"72":4,"73":9,"74":12,"75":4,"76":4,"77":4,"78":4,"79":4,"80":4,"81":4,"82":3,"83":3,"84":1,"85":3,"86":4,"87":4,"88":1,"89":0,"90":0,"91":0,"92":0,"93":0,"94":0,"95":0,"96":1,"97":0,"98":0,"99":0,"100":0,"101":0,"102":0,"103":0,"104":0,"105":0,"106":0,"107":0,"108":0,"109":0,"110":0,"111":0,"112":0,"113":1,"114":1,"115":1},"f":{"0":1,"1":8,"2":2,"3":4,"4":4,"5":8,"6":0,"7":0,"8":1,"9":1,"10":1,"11":0,"12":21,"13":12,"14":8,"15":9,"16":1,"17":4,"18":9,"19":4,"20":0,"21":1,"22":0,"23":0,"24":0},"b":{"0":[1,0],"1":[1,1],"2":[4,4],"3":[0,0],"4":[7,7],"5":[7,0],"6":[0,1],"7":[1,0],"8":[3,18],"9":[21,18,18],"10":[2,16],"11":[2,10],"12":[12,10,10],"13":[1,9],"14":[1,8],"15":[1,7],"16":[8,7,7],"17":[1,6],"18":[1,5],"19":[1,8],"20":[9,8,8],"21":[0,8],"22":[8,0],"23":[4,4,3,3,4],"24":[3,1],"25":[0,0],"26":[0,0,0],"27":[0,0],"28":[0,0,0,0,0],"29":[0,0]},"_coverageSchema":"43e27e138ebf9cfc5966b082cf9a028302ed4184","hash":"1149a3a14df5e8a60f7311eaa4f477016ffcb81a","contentHash":"cfb2bede4e1cab84819b0bb65d580262265091905b67363d489c936c9c33bf00"},"C:\\Users\\Nzubechukwu\\Desktop\\crest\\server\\middleware\\auth.js":{"path":"C:\\Users\\Nzubechukwu\\Desktop\\crest\\server\\middleware\\auth.js","statementMap":{"0":{"start":{"line":3,"column":0},"end":{"line":5,"column":3}},"1":{"start":{"line":6,"column":0},"end":{"line":6,"column":28}},"2":{"start":{"line":8,"column":14},"end":{"line":8,"column":31}},"3":{"start":{"line":10,"column":20},"end":{"line":10,"column":67}},"4":{"start":{"line":12,"column":39},"end":{"line":12,"column":95}},"5":{"start":{"line":14,"column":50},"end":{"line":14,"column":151}},"6":{"start":{"line":14,"column":92},"end":{"line":14,"column":149}},"7":{"start":{"line":16,"column":44},"end":{"line":16,"column":315}},"8":{"start":{"line":16,"column":57},"end":{"line":16,"column":58}},"9":{"start":{"line":16,"column":102},"end":{"line":16,"column":110}},"10":{"start":{"line":16,"column":112},"end":{"line":16,"column":167}},"11":{"start":{"line":16,"column":168},"end":{"line":16,"column":199}},"12":{"start":{"line":16,"column":200},"end":{"line":16,"column":254}},"13":{"start":{"line":16,"column":227},"end":{"line":16,"column":254}},"14":{"start":{"line":16,"column":255},"end":{"line":16,"column":313}},"15":{"start":{"line":18,"column":62},"end":{"line":18,"column":131}},"16":{"start":{"line":18,"column":78},"end":{"line":18,"column":131}},"17":{"start":{"line":18,"column":132},"end":{"line":18,"column":193}},"18":{"start":{"line":18,"column":149},"end":{"line":18,"column":193}},"19":{"start":{"line":18,"column":194},"end":{"line":18,"column":213}},"20":{"start":{"line":20,"column":0},"end":{"line":20,"column":22}},"21":{"start":{"line":27,"column":0},"end":{"line":120,"column":3}},"22":{"start":{"line":29,"column":4},"end":{"line":29,"column":32}},"23":{"start":{"line":32,"column":2},"end":{"line":117,"column":6}},"24":{"start":{"line":41,"column":6},"end":{"line":61,"column":7}},"25":{"start":{"line":43,"column":20},"end":{"line":43,"column":48}},"26":{"start":{"line":45,"column":8},"end":{"line":55,"column":9}},"27":{"start":{"line":46,"column":23},"end":{"line":46,"column":39}},"28":{"start":{"line":47,"column":28},"end":{"line":47,"column":37}},"29":{"start":{"line":48,"column":10},"end":{"line":48,"column":34}},"30":{"start":{"line":49,"column":10},"end":{"line":49,"column":17}},"31":{"start":{"line":51,"column":10},"end":{"line":54,"column":13}},"32":{"start":{"line":57,"column":8},"end":{"line":60,"column":11}},"33":{"start":{"line":70,"column":6},"end":{"line":88,"column":9}},"34":{"start":{"line":71,"column":8},"end":{"line":76,"column":9}},"35":{"start":{"line":72,"column":10},"end":{"line":75,"column":13}},"36":{"start":{"line":78,"column":19},"end":{"line":78,"column":32}},"37":{"start":{"line":80,"column":8},"end":{"line":85,"column":9}},"38":{"start":{"line":81,"column":10},"end":{"line":84,"column":13}},"39":{"start":{"line":87,"column":8},"end":{"line":87,"column":15}},"40":{"start":{"line":97,"column":6},"end":{"line":115,"column":9}},"41":{"start":{"line":98,"column":8},"end":{"line":103,"column":9}},"42":{"start":{"line":99,"column":10},"end":{"line":102,"column":13}},"43":{"start":{"line":105,"column":19},"end":{"line":105,"column":32}},"44":{"start":{"line":107,"column":8},"end":{"line":112,"column":9}},"45":{"start":{"line":108,"column":10},"end":{"line":111,"column":13}},"46":{"start":{"line":114,"column":8},"end":{"line":114,"column":15}},"47":{"start":{"line":119,"column":2},"end":{"line":119,"column":14}},"48":{"start":{"line":122,"column":0},"end":{"line":122,"column":26}}},"fnMap":{"0":{"name":"_interopRequireDefault","decl":{"start":{"line":12,"column":9},"end":{"line":12,"column":31}},"loc":{"start":{"line":12,"column":37},"end":{"line":12,"column":97}},"line":12},"1":{"name":"_classCallCheck","decl":{"start":{"line":14,"column":9},"end":{"line":14,"column":24}},"loc":{"start":{"line":14,"column":48},"end":{"line":14,"column":153}},"line":14},"2":{"name":"_defineProperties","decl":{"start":{"line":16,"column":9},"end":{"line":16,"column":26}},"loc":{"start":{"line":16,"column":42},"end":{"line":16,"column":317}},"line":16},"3":{"name":"_createClass","decl":{"start":{"line":18,"column":9},"end":{"line":18,"column":21}},"loc":{"start":{"line":18,"column":60},"end":{"line":18,"column":215}},"line":18},"4":{"name":"(anonymous_4)","decl":{"start":{"line":27,"column":0},"end":{"line":27,"column":1}},"loc":{"start":{"line":27,"column":12},"end":{"line":120,"column":1}},"line":27},"5":{"name":"Auth","decl":{"start":{"line":28,"column":11},"end":{"line":28,"column":15}},"loc":{"start":{"line":28,"column":18},"end":{"line":30,"column":3}},"line":28},"6":{"name":"checkToken","decl":{"start":{"line":40,"column":20},"end":{"line":40,"column":30}},"loc":{"start":{"line":40,"column":47},"end":{"line":62,"column":5}},"line":40},"7":{"name":"allowUserOnly","decl":{"start":{"line":69,"column":20},"end":{"line":69,"column":33}},"loc":{"start":{"line":69,"column":50},"end":{"line":89,"column":5}},"line":69},"8":{"name":"(anonymous_8)","decl":{"start":{"line":70,"column":73},"end":{"line":70,"column":74}},"loc":{"start":{"line":70,"column":98},"end":{"line":88,"column":7}},"line":70},"9":{"name":"allowStaffOnly","decl":{"start":{"line":96,"column":20},"end":{"line":96,"column":34}},"loc":{"start":{"line":96,"column":51},"end":{"line":116,"column":5}},"line":96},"10":{"name":"(anonymous_10)","decl":{"start":{"line":97,"column":73},"end":{"line":97,"column":74}},"loc":{"start":{"line":97,"column":98},"end":{"line":115,"column":7}},"line":97}},"branchMap":{"0":{"loc":{"start":{"line":12,"column":46},"end":{"line":12,"column":94}},"type":"cond-expr","locations":[{"start":{"line":12,"column":70},"end":{"line":12,"column":73}},{"start":{"line":12,"column":76},"end":{"line":12,"column":94}}],"line":12},"1":{"loc":{"start":{"line":12,"column":46},"end":{"line":12,"column":67}},"type":"binary-expr","locations":[{"start":{"line":12,"column":46},"end":{"line":12,"column":49}},{"start":{"line":12,"column":53},"end":{"line":12,"column":67}}],"line":12},"2":{"loc":{"start":{"line":14,"column":50},"end":{"line":14,"column":151}},"type":"if","locations":[{"start":{"line":14,"column":50},"end":{"line":14,"column":151}},{"start":{"line":14,"column":50},"end":{"line":14,"column":151}}],"line":14},"3":{"loc":{"start":{"line":16,"column":136},"end":{"line":16,"column":166}},"type":"binary-expr","locations":[{"start":{"line":16,"column":136},"end":{"line":16,"column":157}},{"start":{"line":16,"column":161},"end":{"line":16,"column":166}}],"line":16},"4":{"loc":{"start":{"line":16,"column":200},"end":{"line":16,"column":254}},"type":"if","locations":[{"start":{"line":16,"column":200},"end":{"line":16,"column":254}},{"start":{"line":16,"column":200},"end":{"line":16,"column":254}}],"line":16},"5":{"loc":{"start":{"line":18,"column":62},"end":{"line":18,"column":131}},"type":"if","locations":[{"start":{"line":18,"column":62},"end":{"line":18,"column":131}},{"start":{"line":18,"column":62},"end":{"line":18,"column":131}}],"line":18},"6":{"loc":{"start":{"line":18,"column":132},"end":{"line":18,"column":193}},"type":"if","locations":[{"start":{"line":18,"column":132},"end":{"line":18,"column":193}},{"start":{"line":18,"column":132},"end":{"line":18,"column":193}}],"line":18},"7":{"loc":{"start":{"line":45,"column":8},"end":{"line":55,"column":9}},"type":"if","locations":[{"start":{"line":45,"column":8},"end":{"line":55,"column":9}},{"start":{"line":45,"column":8},"end":{"line":55,"column":9}}],"line":45},"8":{"loc":{"start":{"line":71,"column":8},"end":{"line":76,"column":9}},"type":"if","locations":[{"start":{"line":71,"column":8},"end":{"line":76,"column":9}},{"start":{"line":71,"column":8},"end":{"line":76,"column":9}}],"line":71},"9":{"loc":{"start":{"line":80,"column":8},"end":{"line":85,"column":9}},"type":"if","locations":[{"start":{"line":80,"column":8},"end":{"line":85,"column":9}},{"start":{"line":80,"column":8},"end":{"line":85,"column":9}}],"line":80},"10":{"loc":{"start":{"line":80,"column":12},"end":{"line":80,"column":48}},"type":"binary-expr","locations":[{"start":{"line":80,"column":12},"end":{"line":80,"column":28}},{"start":{"line":80,"column":32},"end":{"line":80,"column":48}}],"line":80},"11":{"loc":{"start":{"line":98,"column":8},"end":{"line":103,"column":9}},"type":"if","locations":[{"start":{"line":98,"column":8},"end":{"line":103,"column":9}},{"start":{"line":98,"column":8},"end":{"line":103,"column":9}}],"line":98},"12":{"loc":{"start":{"line":107,"column":8},"end":{"line":112,"column":9}},"type":"if","locations":[{"start":{"line":107,"column":8},"end":{"line":112,"column":9}},{"start":{"line":107,"column":8},"end":{"line":112,"column":9}}],"line":107}},"s":{"0":1,"1":1,"2":1,"3":1,"4":1,"5":0,"6":0,"7":1,"8":1,"9":3,"10":3,"11":3,"12":3,"13":3,"14":3,"15":1,"16":0,"17":1,"18":1,"19":1,"20":1,"21":1,"22":0,"23":1,"24":32,"25":32,"26":32,"27":27,"28":27,"29":27,"30":27,"31":5,"32":0,"33":5,"34":5,"35":0,"36":5,"37":5,"38":1,"39":4,"40":16,"41":16,"42":4,"43":12,"44":12,"45":4,"46":8,"47":1,"48":1},"f":{"0":1,"1":0,"2":1,"3":1,"4":1,"5":0,"6":32,"7":5,"8":5,"9":16,"10":16},"b":{"0":[0,1],"1":[1,1],"2":[0,0],"3":[3,3],"4":[3,0],"5":[0,1],"6":[1,0],"7":[27,5],"8":[0,5],"9":[1,4],"10":[5,5],"11":[4,12],"12":[4,8]},"_coverageSchema":"43e27e138ebf9cfc5966b082cf9a028302ed4184","hash":"3536630ced6af620a777b3681c7ddfb8b79f442b","contentHash":"9e663fa16300adb69c0854637442594ec60df45249a3c3d42b51ed60cabc14ce"},"C:\\Users\\Nzubechukwu\\Desktop\\crest\\server\\routes\\accountsRoute.js":{"path":"C:\\Users\\Nzubechukwu\\Desktop\\crest\\server\\routes\\accountsRoute.js","statementMap":{"0":{"start":{"line":3,"column":0},"end":{"line":5,"column":3}},"1":{"start":{"line":6,"column":0},"end":{"line":6,"column":28}},"2":{"start":{"line":8,"column":15},"end":{"line":8,"column":57}},"3":{"start":{"line":10,"column":26},"end":{"line":10,"column":94}},"4":{"start":{"line":12,"column":12},"end":{"line":12,"column":65}},"5":{"start":{"line":14,"column":25},"end":{"line":14,"column":91}},"6":{"start":{"line":16,"column":39},"end":{"line":16,"column":95}},"7":{"start":{"line":18,"column":21},"end":{"line":18,"column":49}},"8":{"start":{"line":20,"column":0},"end":{"line":20,"column":176}},"9":{"start":{"line":21,"column":0},"end":{"line":21,"column":303}},"10":{"start":{"line":22,"column":0},"end":{"line":22,"column":255}},"11":{"start":{"line":23,"column":0},"end":{"line":23,"column":245}},"12":{"start":{"line":24,"column":0},"end":{"line":24,"column":216}},"13":{"start":{"line":25,"column":0},"end":{"line":25,"column":99}},"14":{"start":{"line":26,"column":15},"end":{"line":26,"column":29}},"15":{"start":{"line":27,"column":0},"end":{"line":27,"column":30}}},"fnMap":{"0":{"name":"_interopRequireDefault","decl":{"start":{"line":16,"column":9},"end":{"line":16,"column":31}},"loc":{"start":{"line":16,"column":37},"end":{"line":16,"column":97}},"line":16}},"branchMap":{"0":{"loc":{"start":{"line":16,"column":46},"end":{"line":16,"column":94}},"type":"cond-expr","locations":[{"start":{"line":16,"column":70},"end":{"line":16,"column":73}},{"start":{"line":16,"column":76},"end":{"line":16,"column":94}}],"line":16},"1":{"loc":{"start":{"line":16,"column":46},"end":{"line":16,"column":67}},"type":"binary-expr","locations":[{"start":{"line":16,"column":46},"end":{"line":16,"column":49}},{"start":{"line":16,"column":53},"end":{"line":16,"column":67}}],"line":16}},"s":{"0":1,"1":1,"2":1,"3":1,"4":1,"5":1,"6":4,"7":1,"8":1,"9":1,"10":1,"11":1,"12":1,"13":1,"14":1,"15":1},"f":{"0":4},"b":{"0":[3,1],"1":[4,4]},"_coverageSchema":"43e27e138ebf9cfc5966b082cf9a028302ed4184","hash":"94e8ad4cc652a85e47927ea41d9167a0ca9d7c73","contentHash":"c532ba0d0e31a983a39fde5fc91940302a70e9f4f42647a466d1a95fd45aef69"},"C:\\Users\\Nzubechukwu\\Desktop\\crest\\server\\controllers\\accountsController.js":{"path":"C:\\Users\\Nzubechukwu\\Desktop\\crest\\server\\controllers\\accountsController.js","statementMap":{"0":{"start":{"line":3,"column":0},"end":{"line":5,"column":3}},"1":{"start":{"line":6,"column":0},"end":{"line":6,"column":28}},"2":{"start":{"line":8,"column":14},"end":{"line":8,"column":31}},"3":{"start":{"line":10,"column":14},"end":{"line":10,"column":55}},"4":{"start":{"line":12,"column":20},"end":{"line":12,"column":67}},"5":{"start":{"line":14,"column":13},"end":{"line":14,"column":59}},"6":{"start":{"line":16,"column":39},"end":{"line":16,"column":95}},"7":{"start":{"line":18,"column":77},"end":{"line":18,"column":175}},"8":{"start":{"line":18,"column":94},"end":{"line":18,"column":107}},"9":{"start":{"line":18,"column":121},"end":{"line":18,"column":131}},"10":{"start":{"line":18,"column":151},"end":{"line":18,"column":165}},"11":{"start":{"line":18,"column":166},"end":{"line":18,"column":173}},"12":{"start":{"line":18,"column":176},"end":{"line":18,"column":263}},"13":{"start":{"line":18,"column":193},"end":{"line":18,"column":208}},"14":{"start":{"line":18,"column":218},"end":{"line":18,"column":261}},"15":{"start":{"line":20,"column":33},"end":{"line":20,"column":387}},"16":{"start":{"line":20,"column":65},"end":{"line":20,"column":69}},"17":{"start":{"line":20,"column":78},"end":{"line":20,"column":87}},"18":{"start":{"line":20,"column":89},"end":{"line":20,"column":384}},"19":{"start":{"line":20,"column":147},"end":{"line":20,"column":167}},"20":{"start":{"line":20,"column":193},"end":{"line":20,"column":264}},"21":{"start":{"line":20,"column":290},"end":{"line":20,"column":360}},"22":{"start":{"line":20,"column":363},"end":{"line":20,"column":380}},"23":{"start":{"line":22,"column":50},"end":{"line":22,"column":151}},"24":{"start":{"line":22,"column":92},"end":{"line":22,"column":149}},"25":{"start":{"line":24,"column":44},"end":{"line":24,"column":315}},"26":{"start":{"line":24,"column":57},"end":{"line":24,"column":58}},"27":{"start":{"line":24,"column":102},"end":{"line":24,"column":110}},"28":{"start":{"line":24,"column":112},"end":{"line":24,"column":167}},"29":{"start":{"line":24,"column":168},"end":{"line":24,"column":199}},"30":{"start":{"line":24,"column":200},"end":{"line":24,"column":254}},"31":{"start":{"line":24,"column":227},"end":{"line":24,"column":254}},"32":{"start":{"line":24,"column":255},"end":{"line":24,"column":313}},"33":{"start":{"line":26,"column":62},"end":{"line":26,"column":131}},"34":{"start":{"line":26,"column":78},"end":{"line":26,"column":131}},"35":{"start":{"line":26,"column":132},"end":{"line":26,"column":193}},"36":{"start":{"line":26,"column":149},"end":{"line":26,"column":193}},"37":{"start":{"line":26,"column":194},"end":{"line":26,"column":213}},"38":{"start":{"line":28,"column":0},"end":{"line":28,"column":22}},"39":{"start":{"line":35,"column":0},"end":{"line":437,"column":3}},"40":{"start":{"line":37,"column":4},"end":{"line":37,"column":46}},"41":{"start":{"line":40,"column":2},"end":{"line":434,"column":6}},"42":{"start":{"line":50,"column":27},"end":{"line":91,"column":9}},"43":{"start":{"line":55,"column":8},"end":{"line":90,"column":20}},"44":{"start":{"line":56,"column":10},"end":{"line":89,"column":11}},"45":{"start":{"line":57,"column":12},"end":{"line":88,"column":13}},"46":{"start":{"line":59,"column":16},"end":{"line":59,"column":43}},"47":{"start":{"line":60,"column":16},"end":{"line":60,"column":51}},"48":{"start":{"line":61,"column":16},"end":{"line":61,"column":79}},"49":{"start":{"line":62,"column":16},"end":{"line":62,"column":37}},"50":{"start":{"line":63,"column":16},"end":{"line":63,"column":94}},"51":{"start":{"line":64,"column":16},"end":{"line":64,"column":101}},"52":{"start":{"line":65,"column":16},"end":{"line":65,"column":221}},"53":{"start":{"line":66,"column":16},"end":{"line":66,"column":108}},"54":{"start":{"line":67,"column":16},"end":{"line":67,"column":35}},"55":{"start":{"line":68,"column":16},"end":{"line":68,"column":61}},"56":{"start":{"line":71,"column":16},"end":{"line":71,"column":37}},"57":{"start":{"line":72,"column":16},"end":{"line":72,"column":33}},"58":{"start":{"line":73,"column":16},"end":{"line":83,"column":19}},"59":{"start":{"line":87,"column":16},"end":{"line":87,"column":39}},"60":{"start":{"line":94,"column":8},"end":{"line":94,"column":53}},"61":{"start":{"line":97,"column":6},"end":{"line":97,"column":27}},"62":{"start":{"line":109,"column":33},"end":{"line":163,"column":9}},"63":{"start":{"line":114,"column":8},"end":{"line":162,"column":38}},"64":{"start":{"line":115,"column":10},"end":{"line":161,"column":11}},"65":{"start":{"line":116,"column":12},"end":{"line":160,"column":13}},"66":{"start":{"line":118,"column":16},"end":{"line":118,"column":57}},"67":{"start":{"line":119,"column":16},"end":{"line":119,"column":41}},"68":{"start":{"line":120,"column":16},"end":{"line":120,"column":76}},"69":{"start":{"line":121,"column":16},"end":{"line":121,"column":109}},"70":{"start":{"line":122,"column":16},"end":{"line":122,"column":35}},"71":{"start":{"line":123,"column":16},"end":{"line":123,"column":35}},"72":{"start":{"line":124,"column":16},"end":{"line":124,"column":73}},"73":{"start":{"line":127,"column":16},"end":{"line":127,"column":39}},"74":{"start":{"line":128,"column":16},"end":{"line":128,"column":34}},"75":{"start":{"line":130,"column":16},"end":{"line":133,"column":17}},"76":{"start":{"line":131,"column":18},"end":{"line":131,"column":38}},"77":{"start":{"line":132,"column":18},"end":{"line":132,"column":24}},"78":{"start":{"line":135,"column":16},"end":{"line":138,"column":20}},"79":{"start":{"line":141,"column":16},"end":{"line":141,"column":67}},"80":{"start":{"line":142,"column":16},"end":{"line":142,"column":36}},"81":{"start":{"line":143,"column":16},"end":{"line":143,"column":66}},"82":{"start":{"line":146,"column":16},"end":{"line":146,"column":40}},"83":{"start":{"line":147,"column":16},"end":{"line":150,"column":20}},"84":{"start":{"line":153,"column":16},"end":{"line":153,"column":36}},"85":{"start":{"line":154,"column":16},"end":{"line":154,"column":53}},"86":{"start":{"line":155,"column":16},"end":{"line":155,"column":86}},"87":{"start":{"line":159,"column":16},"end":{"line":159,"column":40}},"88":{"start":{"line":166,"column":8},"end":{"line":166,"column":59}},"89":{"start":{"line":169,"column":6},"end":{"line":169,"column":33}},"90":{"start":{"line":181,"column":27},"end":{"line":230,"column":9}},"91":{"start":{"line":186,"column":8},"end":{"line":229,"column":38}},"92":{"start":{"line":187,"column":10},"end":{"line":228,"column":11}},"93":{"start":{"line":188,"column":12},"end":{"line":227,"column":13}},"94":{"start":{"line":190,"column":16},"end":{"line":190,"column":57}},"95":{"start":{"line":191,"column":16},"end":{"line":191,"column":88}},"96":{"start":{"line":192,"column":16},"end":{"line":192,"column":35}},"97":{"start":{"line":193,"column":16},"end":{"line":193,"column":35}},"98":{"start":{"line":194,"column":16},"end":{"line":194,"column":77}},"99":{"start":{"line":197,"column":16},"end":{"line":197,"column":39}},"100":{"start":{"line":198,"column":16},"end":{"line":198,"column":34}},"101":{"start":{"line":200,"column":16},"end":{"line":203,"column":17}},"102":{"start":{"line":201,"column":18},"end":{"line":201,"column":37}},"103":{"start":{"line":202,"column":18},"end":{"line":202,"column":24}},"104":{"start":{"line":205,"column":16},"end":{"line":208,"column":20}},"105":{"start":{"line":211,"column":16},"end":{"line":214,"column":20}},"106":{"start":{"line":217,"column":16},"end":{"line":217,"column":36}},"107":{"start":{"line":218,"column":16},"end":{"line":218,"column":53}},"108":{"start":{"line":219,"column":16},"end":{"line":222,"column":20}},"109":{"start":{"line":226,"column":16},"end":{"line":226,"column":40}},"110":{"start":{"line":233,"column":8},"end":{"line":233,"column":53}},"111":{"start":{"line":236,"column":6},"e
[...]
e":182,"column":15}},"138":{"start":{"line":185,"column":4},"end":{"line":193,"column":7}},"139":{"start":{"line":186,"column":6},"end":{"line":192,"column":9}},"140":{"start":{"line":187,"column":8},"end":{"line":187,"column":36}},"141":{"start":{"line":188,"column":8},"end":{"line":188,"column":57}},"142":{"start":{"line":189,"column":8},"end":{"line":189,"column":39}},"143":{"start":{"line":190,"column":8},"end":{"line":190,"column":71}},"144":{"start":{"line":191,"column":8},"end":{"line":191,"column":15}},"145":{"start":{"line":194,"column":4},"end":{"line":202,"column":7}},"146":{"start":{"line":195,"column":6},"end":{"line":201,"column":9}},"147":{"start":{"line":196,"column":8},"end":{"line":196,"column":36}},"148":{"start":{"line":197,"column":8},"end":{"line":197,"column":68}},"149":{"start":{"line":198,"column":8},"end":{"line":198,"column":57}},"150":{"start":{"line":199,"column":8},"end":{"line":199,"column":39}},"151":{"start":{"line":200,"column":8},"end":{"line":200,"column":15}},"152":{"start":{"line":203,"column":4},"end":{"line":211,"column":7}},"153":{"start":{"line":204,"column":6},"end":{"line":210,"column":9}},"154":{"start":{"line":205,"column":8},"end":{"line":205,"column":36}},"155":{"start":{"line":206,"column":8},"end":{"line":206,"column":78}},"156":{"start":{"line":207,"column":8},"end":{"line":207,"column":57}},"157":{"start":{"line":208,"column":8},"end":{"line":208,"column":39}},"158":{"start":{"line":209,"column":8},"end":{"line":209,"column":15}}},"fnMap":{"0":{"name":"_interopRequireDefault","decl":{"start":{"line":11,"column":9},"end":{"line":11,"column":31}},"loc":{"start":{"line":11,"column":37},"end":{"line":11,"column":97}},"line":11},"1":{"name":"(anonymous_1)","decl":{"start":{"line":40,"column":29},"end":{"line":40,"column":30}},"loc":{"start":{"line":40,"column":41},"end":{"line":213,"column":1}},"line":40},"2":{"name":"(anonymous_2)","decl":{"start":{"line":41,"column":46},"end":{"line":41,"column":47}},"loc":{"start":{"line":41,"column":58},"end":{"line":166,"column":3}},"line":41},"3":{"name":"(anonymous_3)","decl":{"start":{"line":42,"column":71},"end":{"line":42,"column":72}},"loc":{"start":{"line":42,"column":87},"end":{"line":49,"column":5}},"line":42},"4":{"name":"(anonymous_4)","decl":{"start":{"line":43,"column":106},"end":{"line":43,"column":107}},"loc":{"start":{"line":43,"column":126},"end":{"line":48,"column":7}},"line":43},"5":{"name":"(anonymous_5)","decl":{"start":{"line":50,"column":83},"end":{"line":50,"column":84}},"loc":{"start":{"line":50,"column":99},"end":{"line":57,"column":5}},"line":50},"6":{"name":"(anonymous_6)","decl":{"start":{"line":51,"column":107},"end":{"line":51,"column":108}},"loc":{"start":{"line":51,"column":127},"end":{"line":56,"column":7}},"line":51},"7":{"name":"(anonymous_7)","decl":{"start":{"line":58,"column":79},"end":{"line":58,"column":80}},"loc":{"start":{"line":58,"column":95},"end":{"line":66,"column":5}},"line":58},"8":{"name":"(anonymous_8)","decl":{"start":{"line":59,"column":111},"end":{"line":59,"column":112}},"loc":{"start":{"line":59,"column":131},"end":{"line":65,"column":7}},"line":59},"9":{"name":"(anonymous_9)","decl":{"start":{"line":67,"column":80},"end":{"line":67,"column":81}},"loc":{"start":{"line":67,"column":96},"end":{"line":75,"column":5}},"line":67},"10":{"name":"(anonymous_10)","decl":{"start":{"line":68,"column":112},"end":{"line":68,"column":113}},"loc":{"start":{"line":68,"column":132},"end":{"line":74,"column":7}},"line":68},"11":{"name":"(anonymous_11)","decl":{"start":{"line":76,"column":68},"end":{"line":76,"column":69}},"loc":{"start":{"line":76,"column":84},"end":{"line":84,"column":5}},"line":76},"12":{"name":"(anonymous_12)","decl":{"start":{"line":77,"column":108},"end":{"line":77,"column":109}},"loc":{"start":{"line":77,"column":128},"end":{"line":83,"column":7}},"line":77},"13":{"name":"(anonymous_13)","decl":{"start":{"line":85,"column":68},"end":{"line":85,"column":69}},"loc":{"start":{"line":85,"column":84},"end":{"line":93,"column":5}},"line":85},"14":{"name":"(anonymous_14)","decl":{"start":{"line":86,"column":108},"end":{"line":86,"column":109}},"loc":{"start":{"line":86,"column":128},"end":{"line":92,"column":7}},"line":86},"15":{"name":"(anonymous_15)","decl":{"start":{"line":94,"column":79},"end":{"line":94,"column":80}},"loc":{"start":{"line":94,"column":95},"end":{"line":102,"column":5}},"line":94},"16":{"name":"(anonymous_16)","decl":{"start":{"line":95,"column":112},"end":{"line":95,"column":113}},"loc":{"start":{"line":95,"column":132},"end":{"line":101,"column":7}},"line":95},"17":{"name":"(anonymous_17)","decl":{"start":{"line":103,"column":70},"end":{"line":103,"column":71}},"loc":{"start":{"line":103,"column":86},"end":{"line":111,"column":5}},"line":103},"18":{"name":"(anonymous_18)","decl":{"start":{"line":104,"column":110},"end":{"line":104,"column":111}},"loc":{"start":{"line":104,"column":130},"end":{"line":110,"column":7}},"line":104},"19":{"name":"(anonymous_19)","decl":{"start":{"line":112,"column":73},"end":{"line":112,"column":74}},"loc":{"start":{"line":112,"column":89},"end":{"line":120,"column":5}},"line":112},"20":{"name":"(anonymous_20)","decl":{"start":{"line":113,"column":112},"end":{"line":113,"column":113}},"loc":{"start":{"line":113,"column":132},"end":{"line":119,"column":7}},"line":113},"21":{"name":"(anonymous_21)","decl":{"start":{"line":121,"column":93},"end":{"line":121,"column":94}},"loc":{"start":{"line":121,"column":109},"end":{"line":129,"column":5}},"line":121},"22":{"name":"(anonymous_22)","decl":{"start":{"line":122,"column":119},"end":{"line":122,"column":120}},"loc":{"start":{"line":122,"column":139},"end":{"line":128,"column":7}},"line":122},"23":{"name":"(anonymous_23)","decl":{"start":{"line":130,"column":78},"end":{"line":130,"column":79}},"loc":{"start":{"line":130,"column":94},"end":{"line":138,"column":5}},"line":130},"24":{"name":"(anonymous_24)","decl":{"start":{"line":131,"column":111},"end":{"line":131,"column":112}},"loc":{"start":{"line":131,"column":131},"end":{"line":137,"column":7}},"line":131},"25":{"name":"(anonymous_25)","decl":{"start":{"line":139,"column":72},"end":{"line":139,"column":73}},"loc":{"start":{"line":139,"column":88},"end":{"line":147,"column":5}},"line":139},"26":{"name":"(anonymous_26)","decl":{"start":{"line":140,"column":111},"end":{"line":140,"column":112}},"loc":{"start":{"line":140,"column":131},"end":{"line":146,"column":7}},"line":140},"27":{"name":"(anonymous_27)","decl":{"start":{"line":148,"column":92},"end":{"line":148,"column":93}},"loc":{"start":{"line":148,"column":108},"end":{"line":156,"column":5}},"line":148},"28":{"name":"(anonymous_28)","decl":{"start":{"line":149,"column":118},"end":{"line":149,"column":119}},"loc":{"start":{"line":149,"column":138},"end":{"line":155,"column":7}},"line":149},"29":{"name":"(anonymous_29)","decl":{"start":{"line":157,"column":77},"end":{"line":157,"column":78}},"loc":{"start":{"line":157,"column":93},"end":{"line":165,"column":5}},"line":157},"30":{"name":"(anonymous_30)","decl":{"start":{"line":158,"column":111},"end":{"line":158,"column":112}},"loc":{"start":{"line":158,"column":131},"end":{"line":164,"column":7}},"line":158},"31":{"name":"(anonymous_31)","decl":{"start":{"line":167,"column":46},"end":{"line":167,"column":47}},"loc":{"start":{"line":167,"column":58},"end":{"line":212,"column":3}},"line":167},"32":{"name":"(anonymous_32)","decl":{"start":{"line":168,"column":80},"end":{"line":168,"column":81}},"loc":{"start":{"line":168,"column":96},"end":{"line":175,"column":5}},"line":168},"33":{"name":"(anonymous_33)","decl":{"start":{"line":169,"column":111},"end":{"line":169,"column":112}},"loc":{"start":{"line":169,"column":131},"end":{"line":174,"column":7}},"line":169},"34":{"name":"(anonymous_34)","decl":{"start":{"line":176,"column":72},"end":{"line":176,"column":73}},"loc":{"start":{"line":176,"column":88},"end":{"line":184,"column":5}},"line":176},"35":{"name":"(anonymous_35)","decl":{"start":{"line":177,"column":113},"end":{"line":177,"column":114}},"loc":{"start":{"line":177,"column":133},"end":{"line":183,"column":7}},"line":177},"36":{"name":"(anonymous_36)","decl":{"start":{"line":185,"column":73},"end":{"line":185,"column":74}},"loc":{"start":{"line":185,"column":89},"end":{"line":193,"column":5}},"line":185},"37":{"name":"(anonymous_37)","decl":{"start":{"line":186,"column":120},"end":{"line":186,"column":121}},"loc":{"start":{"line":186,"column":140},"end":{"line":192,"column":7}},"line":186},"38":{"name":"(anonymous_38)","decl":{"start":{"line":194,"column":64},"end":{"line":194,"column":65}},"loc":{"start":{"line":194,"column":80},"end":{"line":202,"column":5}},"line":194},"39":{"name":"(anonymous_39)","decl":{"start":{"line":195,"column":108},"end":{"line":195,"column":109}},"loc":{"start":{"line":195,"column":128},"end":{"line":201,"column":7}},"line":195},"40":{"name":"(anonymous_40)","decl":{"start":{"line":203,"column":64},"end":{"line":203,"column":65}},"loc":{"start":{"line":203,"column":80},"end":{"line":211,"column":5}},"line":203},"41":{"name":"(anonymous_41)","decl":{"start":{"line":204,"column":108},"end":{"line":204,"column":109}},"loc":{"start":{"line":204,"column":128},"end":{"line":210,"column":7}},"line":204}},"branchMap":{"0":{"loc":{"start":{"line":11,"column":46},"end":{"line":11,"column":94}},"type":"cond-expr","locations":[{"start":{"line":11,"column":70},"end":{"line":11,"column":73}},{"start":{"line":11,"column":76},"end":{"line":11,"column":94}}],"line":11},"1":{"loc":{"start":{"line":11,"column":46},"end":{"line":11,"column":67}},"type":"binary-expr","locations":[{"start":{"line":11,"column":46},"end":{"line":11,"column":49}},{"start":{"line":11,"column":53},"end":{"line":11,"column":67}}],"line":11}},"s":{"0":1,"1":1,"2":1,"3":1,"4":4,"5":1,"6":1,"7":1,"8":1,"9":1,"10":1,"11":1,"12":1,"13":1,"14":1,"15":1,"16":1,"17":1,"18":1,"19":1,"20":1,"21":1,"22":1,"23":1,"24":1,"25":1,"26":1,"27":1,"28":1,"29":1,"30":1,"31":1,"32":1,"33":1,"34":1,"35":1,"36":1,"37":1,"38":1,"39":1,"40":1,"41":1,"42":1,"43":1,"44":1,"45":1,"46":1,"47":1,"48":1,"49":1,"50":1,"51":1,"52":1,"53":1,"54":1,"55":1,"56":1,"57":1,"58":1,"59":1,"60":1,"61":1,"62":1,"63":1,"64":1,"65":1,"66":1,"67":1,"68":1,"69":1,"70":1,"71":1,"72":1,"73":1,"74":1,"75":1,"76":1,"77":1,"78":1,"79":1,"80":1,"81":1,"82":1,"83":1,"84":1,"85":1,"86":1,"87":1,"88":1,"89":1,"90":1,"91":1,"92":1,"93":1,"94":1,"95":1,"96":1,"97":1,"98":1,"99":1,"100":1,"101":1,"102":1,"103":1,"104":1,"105":1,"106":1,"107":1,"108":1,"109":1,"110":1,"111":1,"112":1,"113":1,"114":1,"115":1,"116":1,"117":1,"118":1,"119":1,"120":1,"121":1,"122":1,"123":1,"124":1,"125":1,"126":1,"127":1,"128":1,"129":1,"130":1,"131":1,"132":1,"133":1,"134":1,"135":1,"136":1,"137":1,"138":1,"139":1,"140":1,"141":1,"142":1,"143":1,"144":1,"145":1,"146":1,"147":1,"148":1,"149":1,"150":1,"151":1,"152":1,"153":1,"154":1,"155":1,"156":1,"157":1,"158":1},"f":{"0":4,"1":1,"2":1,"3":1,"4":1,"5":1,"6":1,"7":1,"8":1,"9":1,"10":1,"11":1,"12":1,"13":1,"14":1,"15":1,"16":1,"17":1,"18":1,"19":1,"20":1,"21":1,"22":1,"23":1,"24":1,"25":1,"26":1,"27":1,"28":1,"29":1,"30":1,"31":1,"32":1,"33":1,"34":1,"35":1,"36":1,"37":1,"38":1,"39":1,"40":1,"41":1},"b":{"0":[1,3],"1":[4,4]},"_coverageSchema":"43e27e138ebf9cfc5966b082cf9a028302ed4184","hash":"194f22bfecedca8c46fae33553729e438bd7eb93","contentHash":"3300f613c683ad9eb9df335c145f47e266d65e15556138134b17a0db3f53f9fe"},"C:\\Users\\Nzubechukwu\\Desktop\\crest\\server\\tests\\transaction.spec.js":{"path":"C:\\Users\\Nzubechukwu\\Desktop\\crest\\server\\tests\\transaction.spec.js","statementMap":{"0":{"start":{"line":3,"column":12},"end":{"line":3,"column":51}},"1":{"start":{"line":5,"column":16},"end":{"line":5,"column":60}},"2":{"start":{"line":7,"column":14},"end":{"line":7,"column":58}},"3":{"start":{"line":9,"column":39},"end":{"line":9,"column":95}},"4":{"start":{"line":12,"column":0},"end":{"line":12,"column":43}},"5":{"start":{"line":14,"column":0},"end":{"line":14,"column":26}},"6":{"start":{"line":16,"column":0},"end":{"line":38,"column":3}},"7":{"start":{"line":17,"column":15},"end":{"line":19,"column":3}},"8":{"start":{"line":20,"column":2},"end":{"line":28,"column":5}},"9":{"start":{"line":21,"column":4},"end":{"line":27,"column":7}},"10":{"start":{"line":22,"column":6},"end":{"line":26,"column":9}},"11":{"start":{"line":23,"column":8},"end":{"line":23,"column":36}},"12":{"start":{"line":24,"column":8},"end":{"line":24,"column":39}},"13":{"start":{"line":25,"column":8},"end":{"line":25,"column":15}},"14":{"start":{"line":29,"column":2},"end":{"line":37,"column":5}},"15":{"start":{"line":30,"column":4},"end":{"line":36,"column":7}},"16":{"start":{"line":31,"column":6},"end":{"line":35,"column":9}},"17":{"start":{"line":32,"column":8},"end":{"line":32,"column":36}},"18":{"start":{"line":33,"column":8},"end":{"line":33,"column":39}},"19":{"start":{"line":34,"column":8},"end":{"line":34,"column":15}}},"fnMap":{"0":{"name":"_interopRequireDefault","decl":{"start":{"line":9,"column":9},"end":{"line":9,"column":31}},"loc":{"start":{"line":9,"column":37},"end":{"line":9,"column":97}},"line":9},"1":{"name":"(anonymous_1)","decl":{"start":{"line":16,"column":22},"end":{"line":16,"column":23}},"loc":{"start":{"line":16,"column":34},"end":{"line":38,"column":1}},"line":16},"2":{"name":"(anonymous_2)","decl":{"start":{"line":20,"column":32},"end":{"line":20,"column":33}},"loc":{"start":{"line":20,"column":44},"end":{"line":28,"column":3}},"line":20},"3":{"name":"(anonymous_3)","decl":{"start":{"line":21,"column":66},"end":{"line":21,"column":67}},"loc":{"start":{"line":21,"column":82},"end":{"line":27,"column":5}},"line":21},"4":{"name":"(anonymous_4)","decl":{"start":{"line":22,"column":110},"end":{"line":22,"column":111}},"loc":{"start":{"line":22,"column":130},"end":{"line":26,"column":7}},"line":22},"5":{"name":"(anonymous_5)","decl":{"start":{"line":29,"column":31},"end":{"line":29,"column":32}},"loc":{"start":{"line":29,"column":43},"end":{"line":37,"column":3}},"line":29},"6":{"name":"(anonymous_6)","decl":{"start":{"line":30,"column":65},"end":{"line":30,"column":66}},"loc":{"start":{"line":30,"column":81},"end":{"line":36,"column":5}},"line":30},"7":{"name":"(anonymous_7)","decl":{"start":{"line":31,"column":109},"end":{"line":31,"column":110}},"loc":{"start":{"line":31,"column":129},"end":{"line":35,"column":7}},"line":31}},"branchMap":{"0":{"loc":{"start":{"line":9,"column":46},"end":{"line":9,"column":94}},"type":"cond-expr","locations":[{"start":{"line":9,"column":70},"end":{"line":9,"column":73}},{"start":{"line":9,"column":76},"end":{"line":9,"column":94}}],"line":9},"1":{"loc":{"start":{"line":9,"column":46},"end":{"line":9,"column":67}},"type":"binary-expr","locations":[{"start":{"line":9,"column":46},"end":{"line":9,"column":49}},{"start":{"line":9,"column":53},"end":{"line":9,"column":67}}],"line":9}},"s":{"0":1,"1":1,"2":1,"3":3,"4":1,"5":1,"6":1,"7":1,"8":1,"9":1,"10":1,"11":1,"12":1,"13":1,"14":1,"15":1,"16":1,"17":1,"18":1,"19":1},"f":{"0":3,"1":1,"2":1,"3":1,"4":1,"5":1,"6":1,"7":1},"b":{"0":[1,2],"1":[3,3]},"_coverageSchema":"43e27e138ebf9cfc5966b082cf9a028302ed4184","hash":"2b672ca258d560aaef463f61f6557602ff05348b","contentHash":"3311d2582bafb0853b488cefad18abb8399faad0eb9064e08fd1f673a000faef"},"C:\\Users\\Nzubechukwu\\Desktop\\crest\\server\\tests\\user.spec.js":{"path":"C:\\Users\\Nzubechukwu\\Desktop\\crest\\server\\tests\\user.spec.js","statementMap":{"0":{"start":{"line":3,"column":12},"end":{"line":3,"column":51}},"1":{"start":{"line":5,"column":16},"end":{"line":5,"column":60}},"2":{"start":{"line":7,"column":14},"end":{"line":7,"column":58}},"3":{"start":{"line":9,"column":39},"end":{"line":9,"column":95}},"4":{"start":{"line":12,"column":0},"end":{"line":12,"column":43}},"5":{"start":{"line":14,"column":0},"end":{"line":14,"column":26}},"6":{"start":{"line":16,"column":0},"end":{"line":110,"column":3}},"7":{"start":{"line":17,"column":13},"end":{"line":24,"column":3}},"8":{"start":{"line":25,"column":14},"end":{"line":30,"column":3}},"9":{"start":{"line":31,"column":14},"end":{"line":38,"column":3}},"10":{"start":{"line":39,"column":14},"end":{"line":44,"column":3}},"11":{"start":{"line":45,"column":14},"end":{"line":50,"column":3}},"12":{"start":{"line":51,"column":14},"end":{"line":56,"column":3}},"13":{"start":{"line":57,"column":14},"end":{"line":59,"column":3}},"14":{"start":{"line":60,"column":14},"end":{"line":66,"column":3}},"15":{"start":{"line":67,"column":14},"end":{"line":72,"column":3}},"16":{"start":{"line":73,"column":15},"end":{"line":78,"column":3}},"17":{"start":{"line":91,"column":2},"end":{"line":99,"column":5}},"18":{"start":{"line":92,"column":4},"end":{"line":98,"column":7}},"19":{"start":{"line":93,"column":6},"end":{"line":97,"column":9}},"20":{"start":{"line":94,"column":8},"end":{"line":94,"column":36}},"21":{"start":{"line":95,"column":8},"end":{"line":95,"column":39}},"22":{"start":{"line":96,"column":8},"end":{"line":96,"column":15}},"23":{"start":{"line":100,"column":2},"end":{"line":109,"column":5}},"24":{"start":{"line":101,"column":4},"end":{"line":108,"column":7}},"25":{"start":{"line":102,"column":6},"end":{"line":107,"column":9}},"26":{"start":{"line":103,"column":8},"end":{"line":103,"column":36}},"27":{"start":{"line":104,"column":8},"end":{"line":104,"column":39}},"28":{"start":{"line":105,"column":8},"end":{"line":105,"column":63}},"29":{"start":{"line":106,"column":8},"end":{"line":106,"column":15}}},"fnMap":{"0":{"name":"_interopRequireDefault","decl":{"start":{"line":9,"column":9},"end":{"line":9,"column":31}},"loc":{"start":{"line":9,"column":37},"end":{"line":9,"column":97}},"line":9},"1":{"name":"(anonymous_1)","decl":{"start":{"line":16,"column":22},"end":{"line":16,"column":23}},"loc":{"start":{"line":16,"column":34},"end":{"line":110,"column":1}},"line":16},"2":{"name":"(anonymous_2)","decl":{"start":{"line":91,"column":27},"end":{"line":91,"column":28}},"loc":{"start":{"line":91,"column":39},"end":{"line":99,"column":3}},"line":91},"3":{"name":"(anonymous_3)","decl":{"start":{"line":92,"column":41},"end":{"line":92,"column":42}},"loc":{"start":{"line":92,"column":57},"end":{"line":98,"column":5}},"line":92},"4":{"name":"(anonymous_4)","decl":{"start":{"line":93,"column":101},"end":{"line":93,"column":102}},"loc":{"start":{"line":93,"column":121},"end":{"line":97,"column":7}},"line":93},"5":{"name":"(anonymous_5)","decl":{"start":{"line":100,"column":27},"end":{"line":100,"column":28}},"loc":{"start":{"line":100,"column":39},"end":{"line":109,"column":3}},"line":100},"6":{"name":"(anonymous_6)","decl":{"start":{"line":101,"column":56},"end":{"line":101,"column":57}},"loc":{"start":{"line":101,"column":72},"end":{"line":108,"column":5}},"line":101},"7":{"name":"(anonymous_7)","decl":{"start":{"line":102,"column":101},"end":{"line":102,"column":102}},"loc":{"start":{"line":102,"column":121},"end":{"line":107,"column":7}},"line":102}},"branchMap":{"0":{"loc":{"start":{"line":9,"column":46},"end":{"line":9,"column":94}},"type":"cond-expr","locations":[{"start":{"line":9,"column":70},"end":{"line":9,"column":73}},{"start":{"line":9,"column":76},"end":{"line":9,"column":94}}],"line":9},"1":{"loc":{"start":{"line":9,"column":46},"end":{"line":9,"column":67}},"type":"binary-expr","locations":[{"start":{"line":9,"column":46},"end":{"line":9,"column":49}},{"start":{"line":9,"column":53},"end":{"line":9,"column":67}}],"line":9}},"s":{"0":1,"1":1,"2":1,"3":3,"4":1,"5":1,"6":1,"7":1,"8":1,"9":1,"10":1,"11":1,"12":1,"13":1,"14":1,"15":1,"16":1,"17":1,"18":1,"19":1,"20":1,"21":1,"22":1,"23":1,"24":1,"25":1,"26":1,"27":1,"28":1,"29":1},"f":{"0":3,"1":1,"2":1,"3":1,"4":1,"5":1,"6":1,"7":1},"b":{"0":[1,2],"1":[3,3]},"_coverageSchema":"43e27e138ebf9cfc5966b082cf9a028302ed4184","hash":"7501a2a8c3c2dc07e097147ba06ab2867c6abd3a","contentHash":"130e8a2c9ab4fba69688d38674c872e48c0ff84e8d8c8f61134ddeeaf8362601"}}