{"C:\\Users\\Nzubechukwu\\Desktop\\crest\\api\\tests\\account.spec.js":{"path":"C:\\Users\\Nzubechukwu\\Desktop\\crest\\api\\tests\\account.spec.js","statementMap":{"0":{"start":{"line":3,"column":12},"end":{"line":3,"column":51}},"1":{"start":{"line":5,"column":16},"end":{"line":5,"column":60}},"2":{"start":{"line":7,"column":14},"end":{"line":7,"column":61}},"3":{"start":{"line":9,"column":39},"end":{"line":9,"column":93}},"4":{"start":{"line":11,"column":0},"end":{"line":11,"column":37}},"5":{"start":{"line":13,"column":0},"end":{"line":13,"column":23}},"6":{"start":{"line":15,"column":0},"end":{"line":51,"column":3}},"7":{"start":{"line":16,"column":16},"end":{"line":23,"column":3}},"8":{"start":{"line":24,"column":2},"end":{"line":32,"column":5}},"9":{"start":{"line":25,"column":4},"end":{"line":31,"column":7}},"10":{"start":{"line":26,"column":6},"end":{"line":30,"column":9}},"11":{"start":{"line":27,"column":8},"end":{"line":27,"column":36}},"12":{"start":{"line":28,"column":8},"end":{"line":28,"column":39}},"13":{"start":{"line":29,"column":8},"end":{"line":29,"column":15}},"14":{"start":{"line":33,"column":2},"end":{"line":41,"column":5}},"15":{"start":{"line":34,"column":4},"end":{"line":40,"column":7}},"16":{"start":{"line":35,"column":6},"end":{"line":39,"column":9}},"17":{"start":{"line":36,"column":8},"end":{"line":36,"column":36}},"18":{"start":{"line":37,"column":8},"end":{"line":37,"column":39}},"19":{"start":{"line":38,"column":8},"end":{"line":38,"column":15}},"20":{"start":{"line":42,"column":2},"end":{"line":50,"column":5}},"21":{"start":{"line":43,"column":4},"end":{"line":49,"column":7}},"22":{"start":{"line":44,"column":6},"end":{"line":48,"column":9}},"23":{"start":{"line":45,"column":8},"end":{"line":45,"column":36}},"24":{"start":{"line":46,"column":8},"end":{"line":46,"column":39}},"25":{"start":{"line":47,"column":8},"end":{"line":47,"column":15}}},"fnMap":{"0":{"name":"_interopRequireDefault","decl":{"start":{"line":9,"column":9},"end":{"line":9,"column":31}},"loc":{"start":{"line":9,"column":37},"end":{"line":9,"column":95}},"line":9},"1":{"name":"(anonymous_1)","decl":{"start":{"line":15,"column":22},"end":{"line":15,"column":23}},"loc":{"start":{"line":15,"column":34},"end":{"line":51,"column":1}},"line":15},"2":{"name":"(anonymous_2)","decl":{"start":{"line":24,"column":33},"end":{"line":24,"column":34}},"loc":{"start":{"line":24,"column":45},"end":{"line":32,"column":3}},"line":24},"3":{"name":"(anonymous_3)","decl":{"start":{"line":25,"column":66},"end":{"line":25,"column":67}},"loc":{"start":{"line":25,"column":82},"end":{"line":31,"column":5}},"line":25},"4":{"name":"(anonymous_4)","decl":{"start":{"line":26,"column":88},"end":{"line":26,"column":89}},"loc":{"start":{"line":26,"column":108},"end":{"line":30,"column":7}},"line":26},"5":{"name":"(anonymous_5)","decl":{"start":{"line":33,"column":48},"end":{"line":33,"column":49}},"loc":{"start":{"line":33,"column":60},"end":{"line":41,"column":3}},"line":33},"6":{"name":"(anonymous_6)","decl":{"start":{"line":34,"column":92},"end":{"line":34,"column":93}},"loc":{"start":{"line":34,"column":108},"end":{"line":40,"column":5}},"line":34},"7":{"name":"(anonymous_7)","decl":{"start":{"line":35,"column":88},"end":{"line":35,"column":89}},"loc":{"start":{"line":35,"column":108},"end":{"line":39,"column":7}},"line":35},"8":{"name":"(anonymous_8)","decl":{"start":{"line":42,"column":32},"end":{"line":42,"column":33}},"loc":{"start":{"line":42,"column":44},"end":{"line":50,"column":3}},"line":42},"9":{"name":"(anonymous_9)","decl":{"start":{"line":43,"column":76},"end":{"line":43,"column":77}},"loc":{"start":{"line":43,"column":92},"end":{"line":49,"column":5}},"line":43},"10":{"name":"(anonymous_10)","decl":{"start":{"line":44,"column":89},"end":{"line":44,"column":90}},"loc":{"start":{"line":44,"column":109},"end":{"line":48,"column":7}},"line":44}},"branchMap":{"0":{"loc":{"start":{"line":9,"column":46},"end":{"line":9,"column":92}},"type":"cond-expr","locations":[{"start":{"line":9,"column":70},"end":{"line":9,"column":73}},{"start":{"line":9,"column":76},"end":{"line":9,"column":92}}],"line":9},"1":{"loc":{"start":{"line":9,"column":46},"end":{"line":9,"column":67}},"type":"binary-expr","locations":[{"start":{"line":9,"column":46},"end":{"line":9,"column":49}},{"start":{"line":9,"column":53},"end":{"line":9,"column":67}}],"line":9}},"s":{"0":1,"1":1,"2":1,"3":3,"4":1,"5":1,"6":1,"7":1,"8":1,"9":1,"10":1,"11":1,"12":1,"13":1,"14":1,"15":1,"16":1,"17":1,"18":1,"19":1,"20":1,"21":1,"22":1,"23":1,"24":1,"25":1},"f":{"0":3,"1":1,"2":1,"3":1,"4":1,"5":1,"6":1,"7":1,"8":1,"9":1,"10":1},"b":{"0":[1,2],"1":[3,3]},"_coverageSchema":"43e27e138ebf9cfc5966b082cf9a028302ed4184","hash":"2c7e952c14812bb9412d4f6d2350274ca536dbf0","contentHash":"f99925e3744fc37f542d67e9d89c2bdd1f658b1b98085f97ae062400a9bb06ed"},"C:\\Users\\Nzubechukwu\\Desktop\\crest\\server.js":{"path":"C:\\Users\\Nzubechukwu\\Desktop\\crest\\server.js","statementMap":{"0":{"start":{"line":3,"column":0},"end":{"line":5,"column":3}},"1":{"start":{"line":6,"column":0},"end":{"line":6,"column":25}},"2":{"start":{"line":8,"column":15},"end":{"line":8,"column":57}},"3":{"start":{"line":10,"column":18},"end":{"line":10,"column":64}},"4":{"start":{"line":12,"column":14},"end":{"line":12,"column":55}},"5":{"start":{"line":14,"column":14},"end":{"line":14,"column":61}},"6":{"start":{"line":16,"column":39},"end":{"line":16,"column":93}},"7":{"start":{"line":18,"column":0},"end":{"line":18,"column":25}},"8":{"start":{"line":20,"column":10},"end":{"line":20,"column":33}},"9":{"start":{"line":21,"column":0},"end":{"line":21,"column":36}},"10":{"start":{"line":22,"column":0},"end":{"line":24,"column":4}},"11":{"start":{"line":25,"column":0},"end":{"line":29,"column":3}},"12":{"start":{"line":26,"column":2},"end":{"line":28,"column":5}},"13":{"start":{"line":30,"column":0},"end":{"line":30,"column":36}},"14":{"start":{"line":31,"column":11},"end":{"line":31,"column":35}},"15":{"start":{"line":32,"column":0},"end":{"line":34,"column":3}},"16":{"start":{"line":33,"column":2},"end":{"line":33,"column":35}},"17":{"start":{"line":35,"column":15},"end":{"line":35,"column":18}},"18":{"start":{"line":36,"column":0},"end":{"line":36,"column":27}}},"fnMap":{"0":{"name":"_interopRequireDefault","decl":{"start":{"line":16,"column":9},"end":{"line":16,"column":31}},"loc":{"start":{"line":16,"column":37},"end":{"line":16,"column":95}},"line":16},"1":{"name":"(anonymous_1)","decl":{"start":{"line":25,"column":13},"end":{"line":25,"column":14}},"loc":{"start":{"line":25,"column":33},"end":{"line":29,"column":1}},"line":25},"2":{"name":"(anonymous_2)","decl":{"start":{"line":32,"column":17},"end":{"line":32,"column":18}},"loc":{"start":{"line":32,"column":29},"end":{"line":34,"column":1}},"line":32}},"branchMap":{"0":{"loc":{"start":{"line":16,"column":46},"end":{"line":16,"column":92}},"type":"cond-expr","locations":[{"start":{"line":16,"column":70},"end":{"line":16,"column":73}},{"start":{"line":16,"column":76},"end":{"line":16,"column":92}}],"line":16},"1":{"loc":{"start":{"line":16,"column":46},"end":{"line":16,"column":67}},"type":"binary-expr","locations":[{"start":{"line":16,"column":46},"end":{"line":16,"column":49}},{"start":{"line":16,"column":53},"end":{"line":16,"column":67}}],"line":16},"2":{"loc":{"start":{"line":31,"column":11},"end":{"line":31,"column":35}},"type":"binary-expr","locations":[{"start":{"line":31,"column":11},"end":{"line":31,"column":27}},{"start":{"line":31,"column":31},"end":{"line":31,"column":35}}],"line":31}},"s":{"0":1,"1":1,"2":1,"3":1,"4":1,"5":1,"6":4,"7":1,"8":1,"9":1,"10":1,"11":1,"12":1,"13":1,"14":1,"15":1,"16":1,"17":1,"18":1},"f":{"0":4,"1":1,"2":1},"b":{"0":[1,3],"1":[4,4],"2":[1,1]},"_coverageSchema":"43e27e138ebf9cfc5966b082cf9a028302ed4184","hash":"c3e827f3ed68a8f6a6abe81607ff82e052624a01","contentHash":"52aaf06e0d6c099936e591168280cf80ffb7c2d758330fde6c1ba410984e189f"},"C:\\Users\\Nzubechukwu\\Desktop\\crest\\api\\routes\\index.js":{"path":"C:\\Users\\Nzubechukwu\\Desktop\\crest\\api\\routes\\index.js","statementMap":{"0":{"start":{"line":3,"column":0},"end":{"line":5,"column":3}},"1":{"start":{"line":6,"column":0},"end":{"line":6,"column":25}},"2":{"start":{"line":8,"column":15},"end":{"line":8,"column":57}},"3":{"start":{"line":10,"column":18},"end":{"line":10,"column":65}},"4":{"start":{"line":12,"column":21},"end":{"line":12,"column":71}},"5":{"start":{"line":14,"column":24},"end":{"line":14,"column":77}},"6":{"start":{"line":16,"column":39},"end":{"line":16,"column":93}},"7":{"start":{"line":18,"column":13},"end":{"line":18,"column":38}},"8":{"start":{"line":20,"column":0},"end":{"line":20,"column":42}},"9":{"start":{"line":21,"column":0},"end":{"line":21,"column":48}},"10":{"start":{"line":22,"column":0},"end":{"line":22,"column":55}},"11":{"start":{"line":23,"column":15},"end":{"line":23,"column":21}},"12":{"start":{"line":24,"column":0},"end":{"line":24,"column":27}}},"fnMap":{"0":{"name":"_interopRequireDefault","decl":{"start":{"line":16,"column":9},"end":{"line":16,"column":31}},"loc":{"start":{"line":16,"column":37},"end":{"line":16,"column":95}},"line":16}},"branchMap":{"0":{"loc":{"start":{"line":16,"column":46},"end":{"line":16,"column":92}},"type":"cond-expr","locations":[{"start":{"line":16,"column":70},"end":{"line":16,"column":73}},{"start":{"line":16,"column":76},"end":{"line":16,"column":92}}],"line":16},"1":{"loc":{"start":{"line":16,"column":46},"end":{"line":16,"column":67}},"type":"binary-expr","locations":[{"start":{"line":16,"column":46},"end":{"line":16,"column":49}},{"start":{"line":16,"column":53},"end":{"line":16,"column":67}}],"line":16}},"s":{"0":1,"1":1,"2":1,"3":1,"4":1,"5":1,"6":4,"7":1,"8":1,"9":1,"10":1,"11":1,"12":1},"f":{"0":4},"b":{"0":[3,1],"1":[4,4]},"_coverageSchema":"43e27e138ebf9cfc5966b082cf9a028302ed4184","hash":"739668e836efde5d831504f70583e93361425cf4","contentHash":"e0ad16ab0e7bb26bec12cd7f0eb9b189b17659e9e710b714c6fa718a9dcfc3dd"},"C:\\Users\\Nzubechukwu\\Desktop\\crest\\api\\routes\\usersRoute.js":{"path":"C:\\Users\\Nzubechukwu\\Desktop\\crest\\api\\routes\\usersRoute.js","statementMap":{"0":{"start":{"line":3,"column":0},"end":{"line":5,"column":3}},"1":{"start":{"line":6,"column":0},"end":{"line":6,"column":25}},"2":{"start":{"line":8,"column":15},"end":{"line":8,"column":57}},"3":{"start":{"line":10,"column":23},"end":{"line":10,"column":88}},"4":{"start":{"line":12,"column":23},"end":{"line":12,"column":87}},"5":{"start":{"line":14,"column":39},"end":{"line":14,"column":93}},"6":{"start":{"line":16,"column":18},"end":{"line":16,"column":43}},"7":{"start":{"line":18,"column":0},"end":{"line":18,"column":193}},"8":{"start":{"line":19,"column":0},"end":{"line":19,"column":185}},"9":{"start":{"line":20,"column":15},"end":{"line":20,"column":26}},"10":{"start":{"line":21,"column":0},"end":{"line":21,"column":27}}},"fnMap":{"0":{"name":"_interopRequireDefault","decl":{"start":{"line":14,"column":9},"end":{"line":14,"column":31}},"loc":{"start":{"line":14,"column":37},"end":{"line":14,"column":95}},"line":14}},"branchMap":{"0":{"loc":{"start":{"line":14,"column":46},"end":{"line":14,"column":92}},"type":"cond-expr","locations":[{"start":{"line":14,"column":70},"end":{"line":14,"column":73}},{"start":{"line":14,"column":76},"end":{"line":14,"column":92}}],"line":14},"1":{"loc":{"start":{"line":14,"column":46},"end":{"line":14,"column":67}},"type":"binary-expr","locations":[{"start":{"line":14,"column":46},"end":{"line":14,"column":49}},{"start":{"line":14,"column":53},"end":{"line":14,"column":67}}],"line":14}},"s":{"0":1,"1":1,"2":1,"3":1,"4":1,"5":3,"6":1,"7":1,"8":1,"9":1,"10":1},"f":{"0":3},"b":{"0":[2,1],"1":[3,3]},"_coverageSchema":"43e27e138ebf9cfc5966b082cf9a028302ed4184","hash":"ae3045b97011c415952f5a8d4c878651aa6fab4c","contentHash":"d7d1f6aa6946a1fc0957a4936eafb512ae92f0c65105218bacfe1f14a5582f81"},"C:\\Users\\Nzubechukwu\\Desktop\\crest\\api\\controllers\\usersController.js":{"path":"C:\\Users\\Nzubechukwu\\Desktop\\crest\\api\\controllers\\usersController.js","statementMap":{"0":{"start":{"line":3,"column":0},"end":{"line":5,"column":3}},"1":{"start":{"line":6,"column":0},"end":{"line":6,"column":25}},"2":{"start":{"line":8,"column":20},"end":{"line":8,"column":67}},"3":{"start":{"line":10,"column":14},"end":{"line":10,"column":55}},"4":{"start":{"line":12,"column":12},"end":{"line":12,"column":61}},"5":{"start":{"line":14,"column":39},"end":{"line":14,"column":93}},"6":{"start":{"line":16,"column":50},"end":{"line":16,"column":151}},"7":{"start":{"line":16,"column":92},"end":{"line":16,"column":149}},"8":{"start":{"line":18,"column":44},"end":{"line":18,"column":315}},"9":{"start":{"line":18,"column":57},"end":{"line":18,"column":58}},"10":{"start":{"line":18,"column":102},"end":{"line":18,"column":110}},"11":{"start":{"line":18,"column":112},"end":{"line":18,"column":167}},"12":{"start":{"line":18,"column":168},"end":{"line":18,"column":199}},"13":{"start":{"line":18,"column":200},"end":{"line":18,"column":254}},"14":{"start":{"line":18,"column":227},"end":{"line":18,"column":254}},"15":{"start":{"line":18,"column":255},"end":{"line":18,"column":313}},"16":{"start":{"line":20,"column":62},"end":{"line":20,"column":131}},"17":{"start":{"line":20,"column":78},"end":{"line":20,"column":131}},"18":{"start":{"line":20,"column":132},"end":{"line":20,"column":193}},"19":{"start":{"line":20,"column":149},"end":{"line":20,"column":193}},"20":{"start":{"line":20,"column":194},"end":{"line":20,"column":213}},"21":{"start":{"line":22,"column":11},"end":{"line":22,"column":30}},"22":{"start":{"line":29,"column":0},"end":{"line":153,"column":3}},"23":{"start":{"line":31,"column":4},"end":{"line":31,"column":42}},"24":{"start":{"line":34,"column":2},"end":{"line":150,"column":6}},"25":{"start":{"line":44,"column":21},"end":{"line":44,"column":39}},"26":{"start":{"line":45,"column":22},"end":{"line":45,"column":30}},"27":{"start":{"line":46,"column":18},"end":{"line":46,"column":33}},"28":{"start":{"line":47,"column":22},"end":{"line":47,"column":41}},"29":{"start":{"line":48,"column":21},"end":{"line":48,"column":39}},"30":{"start":{"line":49,"column":21},"end":{"line":49,"column":39}},"31":{"start":{"line":50,"column":18},"end":{"line":52,"column":8}},"32":{"start":{"line":51,"column":8},"end":{"line":51,"column":37}},"33":{"start":{"line":54,"column":6},"end":{"line":58,"column":7}},"34":{"start":{"line":55,"column":8},"end":{"line":57,"column":11}},"35":{"start":{"line":60,"column":20},"end":{"line":60,"column":45}},"36":{"start":{"line":62,"column":6},"end":{"line":62,"column":49}},"37":{"start":{"line":64,"column":17},"end":{"line":64,"column":55}},"38":{"start":{"line":66,"column":21},"end":{"line":73,"column":8}},"39":{"start":{"line":75,"column":6},"end":{"line":99,"column":7}},"40":{"start":{"line":76,"column":20},"end":{"line":85,"column":10}},"41":{"start":{"line":87,"column":8},"end":{"line":98,"column":11}},"42":{"start":{"line":101,"column":6},"end":{"line":103,"column":9}},"43":{"start":{"line":115,"column":21},"end":{"line":115,"column":39}},"44":{"start":{"line":116,"column":18},"end":{"line":116,"column":32}},"45":{"start":{"line":117,"column":18},"end":{"line":119,"column":8}},"46":{"start":{"line":118,"column":8},"end":{"line":118,"column":37}},"47":{"start":{"line":120,"column":15},"end":{"line":120,"column":23}},"48":{"start":{"line":121,"column":22},"end":{"line":121,"column":37}},"49":{"start":{"line":122,"column":21},"end":{"line":122,"column":35}},"50":{"start":{"line":123,"column":17},"end":{"line":123,"column":27}},"51":{"start":{"line":124,"column":20},"end":{"line":124,"column":33}},"52":{"start":{"line":126,"column":18},"end":{"line":135,"column":8}},"53":{"start":{"line":137,"column":6},"end":{"line":148,"column":9}},"54":{"start":{"line":152,"column":2},"end":{"line":152,"column":24}},"55":{"start":{"line":155,"column":0},"end":{"line":155,"column":33}}},"fnMap":{"0":{"name":"_interopRequireDefault","decl":{"start":{"line":14,"column":9},"end":{"line":14,"column":31}},"loc":{"start":{"line":14,"column":37},"end":{"line":14,"column":95}},"line":14},"1":{"name":"_classCallCheck","decl":{"start":{"line":16,"column":9},"end":{"line":16,"column":24}},"loc":{"start":{"line":16,"column":48},"end":{"line":16,"column":153}},"line":16},"2":{"name":"_defineProperties","decl":{"start":{"line":18,"column":9},"end":{"line":18,"column":26}},"loc":{"start":{"line":18,"column":42},"end":{"line":18,"column":317}},"line":18},"3":{"name":"_createClass","decl":{"start":{"line":20,"column":9},"end":{"line":20,"column":21}},"loc":{"start":{"line":20,"column":60},"end":{"line":20,"column":215}},"line":20},"4":{"name":"(anonymous_4)","decl":{"start":{"line":29,"column":0},"end":{"line":29,"column":1}},"loc":{"start":{"line":29,"column":12},"end":{"line":153,"column":1}},"line":29},"5":{"name":"UserController","decl":{"start":{"line":30,"column":11},"end":{"line":30,"column":25}},"loc":{"start":{"line":30,"column":28},"end":{"line":32,"column":3}},"line":30},"6":{"name":"signup","decl":{"start":{"line":43,"column":20},"end":{"line":43,"column":26}},"loc":{"start":{"line":43,"column":37},"end":{"line":104,"column":5}},"line":43},"7":{"name":"(anonymous_7)","decl":{"start":{"line":50,"column":32},"end":{"line":50,"column":33}},"loc":{"start":{"line":50,"column":49},"end":{"line":52,"column":7}},"line":50},"8":{"name":"login","decl":{"start":{"line":114,"column":20},"end":{"line":114,"column":25}},"loc":{"start":{"line":114,"column":36},"end":{"line":149,"column":5}},"line":114},"9":{"name":"(anonymous_9)","decl":{"start":{"line":117,"column":32},"end":{"line":117,"column":33}},"loc":{"start":{"line":117,"column":49},"end":{"line":119,"column":7}},"line":117}},"branchMap":{"0":{"loc":{"start":{"line":14,"column":46},"end":{"line":14,"column":92}},"type":"cond-expr","locations":[{"start":{"line":14,"column":70},"end":{"line":14,"column":73}},{"start":{"line":14,"column":76},"end":{"line":14,"column":92}}],"line":14},"1":{"loc":{"start":{"line":14,"column":46},"end":{"line":14,"column":67}},"type":"binary-expr","locations":[{"start":{"line":14,"column":46},"end":{"line":14,"column":49}},{"start":{"line":14,"column":53},"end":{"line":14,"column":67}}],"line":14},"2":{"loc":{"start":{"line":16,"column":50},"end":{"line":16,"column":151}},"type":"if","locations":[{"start":{"line":16,"column":50},"end":{"line":16,"column":151}},{"start":{"line":16,"column":50},"end":{"line":16,"column":151}}],"line":16},"3":{"loc":{"start":{"line":18,"column":136},"end":{"line":18,"column":166}},"type":"binary-expr","locations":[{"start":{"line":18,"column":136},"end":{"line":18,"column":157}},{"start":{"line":18,"column":161},"end":{"line":18,"column":166}}],"line":18},"4":{"loc":{"start":{"line":18,"column":200},"end":{"line":18,"column":254}},"type":"if","locations":[{"start":{"line":18,"column":200},"end":{"line":18,"column":254}},{"start":{"line":18,"column":200},"end":{"line":18,"column":254}}],"line":18},"5":{"loc":{"start":{"line":20,"column":62},"end":{"line":20,"column":131}},"type":"if","locations":[{"start":{"line":20,"column":62},"end":{"line":20,"column":131}},{"start":{"line":20,"column":62},"end":{"line":20,"column":131}}],"line":20},"6":{"loc":{"start":{"line":20,"column":132},"end":{"line":20,"column":193}},"type":"if","locations":[{"start":{"line":20,"column":132},"end":{"line":20,"column":193}},{"start":{"line":20,"column":132},"end":{"line":20,"column":193}}],"line":20},"7":{"loc":{"start":{"line":54,"column":6},"end":{"line":58,"column":7}},"type":"if","locations":[{"start":{"line":54,"column":6},"end":{"line":58,"column":7}},{"start":{"line":54,"column":6},"end":{"line":58,"column":7}}],"line":54},"8":{"loc":{"start":{"line":60,"column":20},"end":{"line":60,"column":45}},"type":"binary-expr","locations":[{"start":{"line":60,"column":20},"end":{"line":60,"column":36}},{"start":{"line":60,"column":40},"end":{"line":60,"column":45}}],"line":60},"9":{"loc":{"start":{"line":62,"column":6},"end":{"line":62,"column":48}},"type":"cond-expr","locations":[{"start":{"line":62,"column":16},"end":{"line":62,"column":30}},{"start":{"line":62,"column":33},"end":{"line":62,"column":48}}],"line":62},"10":{"loc":{"start":{"line":75,"column":6},"end":{"line":99,"column":7}},"type":"if","locations":[{"start":{"line":75,"column":6},"end":{"line":99,"column":7}},{"start":{"line":75,"column":6},"end":{"line":99,"column":7}}],"line":75}},"s":{"0":1,"1":1,"2":1,"3":1,"4":1,"5":3,"6":0,"7":0,"8":1,"9":1,"10":2,"11":2,"12":2,"13":2,"14":2,"15":2,"16":1,"17":0,"18":1,"19":1,"20":1,"21":1,"22":1,"23":0,"24":1,"25":3,"26":3,"27":3,"28":3,"29":3,"30":3,"31":3,"32":7,"33":3,"34":2,"35":1,"36":1,"37":1,"38":1,"39":1,"40":1,"41":1,"42":0,"43":1,"44":1,"45":1,"46":1,"47":1,"48":1,"49":1,"50":1,"51":1,"52":1,"53":1,"54":1,"55":1},"f":{"0":3,"1":0,"2":1,"3":1,"4":1,"5":0,"6":3,"7":7,"8":1,"9":1},"b":{"0":[1,2],"1":[3,3],"2":[0,0],"3":[2,2],"4":[2,0],"5":[0,1],"6":[1,0],"7":[2,1],"8":[1,1],"9":[0,1],"10":[1,0]},"_coverageSchema":"43e27e138ebf9cfc5966b082cf9a028302ed4184","hash":"34b104fa8e92bfd1d673b86f39621ed7714573df","contentHash":"c82ae097c866bf81b424a117e36c6e467adfc7c3a1a1ebbd042386f8cada2781"},"C:\\Users\\Nzubechukwu\\Desktop\\crest\\api\\models\\User.js":{"path":"C:\\Users\\Nzubechukwu\\Desktop\\crest\\api\\models\\User.js","statementMap":{"0":{"start":{"line":3,"column":0},"end":{"line":5,"column":3}},"1":{"start":{"line":6,"column":0},"end":{"line":6,"column":25}},"2":{"start":{"line":8,"column":12},"end":{"line":8,"column":51}},"3":{"start":{"line":10,"column":39},"end":{"line":10,"column":93}},"4":{"start":{"line":12,"column":50},"end":{"line":12,"column":151}},"5":{"start":{"line":12,"column":92},"end":{"line":12,"column":149}},"6":{"start":{"line":14,"column":44},"end":{"line":14,"column":315}},"7":{"start":{"line":14,"column":57},"end":{"line":14,"column":58}},"8":{"start":{"line":14,"column":102},"end":{"line":14,"column":110}},"9":{"start":{"line":14,"column":112},"end":{"line":14,"column":167}},"10":{"start":{"line":14,"column":168},"end":{"line":14,"column":199}},"11":{"start":{"line":14,"column":200},"end":{"line":14,"column":254}},"12":{"start":{"line":14,"column":227},"end":{"line":14,"column":254}},"13":{"start":{"line":14,"column":255},"end":{"line":14,"column":313}},"14":{"start":{"line":16,"column":62},"end":{"line":16,"column":131}},"15":{"start":{"line":16,"column":78},"end":{"line":16,"column":131}},"16":{"start":{"line":16,"column":132},"end":{"line":16,"column":193}},"17":{"start":{"line":16,"column":149},"end":{"line":16,"column":193}},"18":{"start":{"line":16,"column":194},"end":{"line":16,"column":213}},"19":{"start":{"line":20,"column":0},"end":{"line":117,"column":3}},"20":{"start":{"line":26,"column":4},"end":{"line":26,"column":32}},"21":{"start":{"line":28,"column":4},"end":{"line":60,"column":7}},"22":{"start":{"line":68,"column":2},"end":{"line":114,"column":6}},"23":{"start":{"line":71,"column":20},"end":{"line":79,"column":7}},"24":{"start":{"line":80,"column":21},"end":{"line":80,"column":45}},"25":{"start":{"line":82,"column":6},"end":{"line":87,"column":7}},"26":{"start":{"line":83,"column":8},"end":{"line":86,"column":10}},"27":{"start":{"line":89,"column":6},"end":{"line":91,"column":8}},"28":{"start":{"line":101,"column":6},"end":{"line":103,"column":9}},"29":{"start":{"line":102,"column":8},"end":{"line":102,"column":36}},"30":{"start":{"line":112,"column":6},"end":{"line":112,"column":24}},"31":{"start":{"line":116,"column":2},"end":{"line":116,"column":14}},"32":{"start":{"line":119,"column":0},"end":{"line":119,"column":23}}},"fnMap":{"0":{"name":"_interopRequireDefault","decl":{"start":{"line":10,"column":9},"end":{"line":10,"column":31}},"loc":{"start":{"line":10,"column":37},"end":{"line":10,"column":95}},"line":10},"1":{"name":"_classCallCheck","decl":{"start":{"line":12,"column":9},"end":{"line":12,"column":24}},"loc":{"start":{"line":12,"column":48},"end":{"line":12,"column":153}},"line":12},"2":{"name":"_defineProperties","decl":{"start":{"line":14,"column":9},"end":{"line":14,"column":26}},"loc":{"start":{"line":14,"column":42},"end":{"line":14,"column":317}},"line":14},"3":{"name":"_createClass","decl":{"start":{"line":16,"column":9},"end":{"line":16,"column":21}},"loc":{"start":{"line":16,"column":60},"end":{"line":16,"column":215}},"line":16},"4":{"name":"(anonymous_4)","decl":{"start":{"line":20,"column":0},"end":{"line":20,"column":1}},"loc":{"start":{"line":20,"column":12},"end":{"line":117,"column":1}},"line":20},"5":{"name":"User","decl":{"start":{"line":25,"column":11},"end":{"line":25,"column":15}},"loc":{"start":{"line":25,"column":18},"end":{"line":61,"column":3}},"line":25},"6":{"name":"create","decl":{"start":{"line":70,"column":20},"end":{"line":70,"column":26}},"loc":{"start":{"line":70,"column":33},"end":{"line":92,"column":5}},"line":70},"7":{"name":"findAuser","decl":{"start":{"line":100,"column":20},"end":{"line":100,"column":29}},"loc":{"start":{"line":100,"column":37},"end":{"line":104,"column":5}},"line":100},"8":{"name":"(anonymous_8)","decl":{"start":{"line":101,"column":29},"end":{"line":101,"column":30}},"loc":{"start":{"line":101,"column":45},"end":{"line":103,"column":7}},"line":101},"9":{"name":"findAllUser","decl":{"start":{"line":111,"column":20},"end":{"line":111,"column":31}},"loc":{"start":{"line":111,"column":34},"end":{"line":113,"column":5}},"line":111}},"branchMap":{"0":{"loc":{"start":{"line":10,"column":46},"end":{"line":10,"column":92}},"type":"cond-expr","locations":[{"start":{"line":10,"column":70},"end":{"line":10,"column":73}},{"start":{"line":10,"column":76},"end":{"line":10,"column":92}}],"line":10},"1":{"loc":{"start":{"line":10,"column":46},"end":{"line":10,"column":67}},"type":"binary-expr","locations":[{"start":{"line":10,"column":46},"end":{"line":10,"column":49}},{"start":{"line":10,"column":53},"end":{"line":10,"column":67}}],"line":10},"2":{"loc":{"start":{"line":12,"column":50},"end":{"line":12,"column":151}},"type":"if","locations":[{"start":{"line":12,"column":50},"end":{"line":12,"column":151}},{"start":{"line":12,"column":50},"end":{"line":12,"column":151}}],"line":12},"3":{"loc":{"start":{"line":14,"column":136},"end":{"line":14,"column":166}},"type":"binary-expr","locations":[{"start":{"line":14,"column":136},"end":{"line":14,"column":157}},{"start":{"line":14,"column":161},"end":{"line":14,"column":166}}],"line":14},"4":{"loc":{"start":{"line":14,"column":200},"end":{"line":14,"column":254}},"type":"if","locations":[{"start":{"line":14,"column":200},"end":{"line":14,"column":254}},{"start":{"line":14,"column":200},"end":{"line":14,"column":254}}],"line":14},"5":{"loc":{"start":{"line":16,"column":62},"end":{"line":16,"column":131}},"type":"if","locations":[{"start":{"line":16,"column":62},"end":{"line":16,"column":131}},{"start":{"line":16,"column":62},"end":{"line":16,"column":131}}],"line":16},"6":{"loc":{"start":{"line":16,"column":132},"end":{"line":16,"column":193}},"type":"if","locations":[{"start":{"line":16,"column":132},"end":{"line":16,"column":193}},{"start":{"line":16,"column":132},"end":{"line":16,"column":193}}],"line":16},"7":{"loc":{"start":{"line":82,"column":6},"end":{"line":87,"column":7}},"type":"if","locations":[{"start":{"line":82,"column":6},"end":{"line":87,"column":7}},{"start":{"line":82,"column":6},"end":{"line":87,"column":7}}],"line":82}},"s":{"0":1,"1":1,"2":1,"3":1,"4":2,"5":0,"6":1,"7":1,"8":3,"9":3,"10":3,"11":3,"12":3,"13":3,"14":1,"15":1,"16":1,"17":0,"18":1,"19":1,"20":2,"21":2,"22":1,"23":1,"24":1,"25":1,"26":1,"27":0,"28":0,"29":0,"30":6,"31":1,"32":1},"f":{"0":1,"1":2,"2":1,"3":1,"4":1,"5":2,"6":1,"7":0,"8":0,"9":6},"b":{"0":[0,1],"1":[1,1],"2":[0,2],"3":[3,3],"4":[3,0],"5":[1,0],"6":[0,1],"7":[1,0]},"_coverageSchema":"43e27e138ebf9cfc5966b082cf9a028302ed4184","hash":"f881d5d9a1d68613f0f2606c0fc0277af09e7252","contentHash":"ee6c5eaf9db0ad4d7e56d38f11924499abecf596289f2124de04f39e4359d6aa"},"C:\\Users\\Nzubechukwu\\Desktop\\crest\\api\\middleware\\userMiddlerware.js":{"path":"C:\\Users\\Nzubechukwu\\Desktop\\crest\\api\\middleware\\userMiddlerware.js","statementMap":{"0":{"start":{"line":3,"column":0},"end":{"line":5,"column":3}},"1":{"start":{"line":6,"column":0},"end":{"line":6,"column":25}},"2":{"start":{"line":8,"column":12},"end":{"line":8,"column":61}},"3":{"start":{"line":10,"column":39},"end":{"line":10,"column":93}},"4":{"start":{"line":12,"column":50},"end":{"line":12,"column":151}},"5":{"start":{"line":12,"column":92},"end":{"line":12,"column":149}},"6":{"start":{"line":14,"column":44},"end":{"line":14,"column":315}},"7":{"start":{"line":14,"column":57},"end":{"line":14,"column":58}},"8":{"start":{"line":14,"column":102},"end":{"line":14,"column":110}},"9":{"start":{"line":14,"column":112},"end":{"line":14,"column":167}},"10":{"start":{"line":14,"column":168},"end":{"line":14,"column":199}},"11":{"start":{"line":14,"column":200},"end":{"line":14,"column":254}},"12":{"start":{"line":14,"column":227},"end":{"line":14,"column":254}},"13":{"start":{"line":14,"column":255},"end":{"line":14,"column":313}},"14":{"start":{"line":16,"column":62},"end":{"line":16,"column":131}},"15":{"start":{"line":16,"column":78},"end":{"line":16,"column":131}},"16":{"start":{"line":16,"column":132},"end":{"line":16,"column":193}},"17":{"start":{"line":16,"column":149},"end":{"line":16,"column":193}},"18":{"start":{"line":16,"column":194},"end":{"line":16,"column":213}},"19":{"start":{"line":18,"column":11},"end":{"line":18,"column":30}},"20":{"start":{"line":25,"column":0},"end":{"line":184,"column":3}},"21":{"start":{"line":27,"column":4},"end":{"line":27,"column":36}},"22":{"start":{"line":30,"column":2},"end":{"line":181,"column":6}},"23":{"start":{"line":40,"column":18},"end":{"line":40,"column":32}},"24":{"start":{"line":42,"column":6},"end":{"line":46,"column":7}},"25":{"start":{"line":43,"column":8},"end":{"line":45,"column":11}},"26":{"start":{"line":48,"column":21},"end":{"line":48,"column":174}},"27":{"start":{"line":50,"column":6},"end":{"line":54,"column":7}},"28":{"start":{"line":51,"column":8},"end":{"line":53,"column":11}},"29":{"start":{"line":56,"column":6},"end":{"line":56,"column":13}},"30":{"start":{"line":68,"column":22},"end":{"line":68,"column":40}},"31":{"start":{"line":70,"column":6},"end":{"line":74,"column":7}},"32":{"start":{"line":71,"column":8},"end":{"line":73,"column":11}},"33":{"start":{"line":76,"column":24},"end":{"line":76,"column":37}},"34":{"start":{"line":78,"column":6},"end":{"line":82,"column":7}},"35":{"start":{"line":79,"column":8},"end":{"line":81,"column":11}},"36":{"start":{"line":84,"column":6},"end":{"line":88,"column":7}},"37":{"start":{"line":85,"column":8},"end":{"line":87,"column":11}},"38":{"start":{"line":90,"column":6},"end":{"line":90,"column":13}},"39":{"start":{"line":102,"column":21},"end":{"line":102,"column":38}},"40":{"start":{"line":104,"column":6},"end":{"line":108,"column":7}},"41":{"start":{"line":105,"column":8},"end":{"line":107,"column":11}},"42":{"start":{"line":110,"column":24},"end":{"line":110,"column":37}},"43":{"start":{"line":112,"column":6},"end":{"line":116,"column":7}},"44":{"start":{"line":113,"column":8},"end":{"line":115,"column":11}},"45":{"start":{"line":118,"column":6},"end":{"line":122,"column":7}},"46":{"start":{"line":119,"column":8},"end":{"line":121,"column":11}},"47":{"start":{"line":124,"column":6},"end":{"line":124,"column":13}},"48":{"start":{"line":136,"column":21},"end":{"line":136,"column":38}},"49":{"start":{"line":138,"column":6},"end":{"line":142,"column":7}},"50":{"start":{"line":139,"column":8},"end":{"line":141,"column":11}},"51":{"start":{"line":144,"column":6},"end":{"line":148,"column":7}},"52":{"start":{"line":145,"column":8},"end":{"line":147,"column":11}},"53":{"start":{"line":150,"column":6},"end":{"line":150,"column":13}},"54":{"start":{"line":162,"column":20},"end":{"line":162,"column":38}},"55":{"start":{"line":163,"column":18},"end":{"line":165,"column":8}},"56":{"start":{"line":164,"column":8},"end":{"line":164,"column":46}},"57":{"start":{"line":167,"column":6},"end":{"line":171,"column":7}},"58":{"start":{"line":168,"column":8},"end":{"line":170,"column":11}},"59":{"start":{"line":173,"column":6},"end":{"line":177,"column":7}},"60":{"start":{"line":174,"column":8},"end":{"line":176,"column":11}},"61":{"start":{"line":179,"column":6},"end":{"line":179,"column":13}},"62":{"start":{"line":183,"column":2},"end":{"line":183,"column":18}},"63":{"start":{"line":186,"column":0},"end":{"line":186,"column":27}}},"fnMap":{"0":{"name":"_interopRequireDefault","decl":{"start":{"line":10,"column":9},"end":{"line":10,"column":31}},"loc":{"start":{"line":10,"column":37},"end":{"line":10,"column":95}},"line":10},"1":{"name":"_classCallCheck","decl":{"start":{"line":12,"column":9},"end":{"line":12,"column":24}},"loc":{"start":{"line":12,"column":48},"end":{"line":12,"column":153}},"line":12},"2":{"name":"_defineProperties","decl":{"start":{"line":14,"column":9},"end":{"line":14,"column":26}},"loc":{"start":{"line":14,"column":42},"end":{"line":14,"column":317}},"line":14},"3":{"name":"_createClass","decl":{"start":{"line":16,"column":9},"end":{"line":16,"column":21}},"loc":{"start":{"line":16,"column":60},"end":{"line":16,"column":215}},"line":16},"4":{"name":"(anonymous_4)","decl":{"start":{"line":25,"column":0},"end":{"line":25,"column":1}},"loc":{"start":{"line":25,"column":12},"end":{"line":184,"column":1}},"line":25},"5":{"name":"validate","decl":{"start":{"line":26,"column":11},"end":{"line":26,"column":19}},"loc":{"start":{"line":26,"column":22},"end":{"line":28,"column":3}},"line":26},"6":{"name":"validateEmail","decl":{"start":{"line":39,"column":20},"end":{"line":39,"column":33}},"loc":{"start":{"line":39,"column":50},"end":{"line":57,"column":5}},"line":39},"7":{"name":"validateFirstName","decl":{"start":{"line":67,"column":20},"end":{"line":67,"column":37}},"loc":{"start":{"line":67,"column":54},"end":{"line":91,"column":5}},"line":67},"8":{"name":"validateLastName","decl":{"start":{"line":101,"column":20},"end":{"line":101,"column":36}},"loc":{"start":{"line":101,"column":53},"end":{"line":125,"column":5}},"line":101},"9":{"name":"validatePassword","decl":{"start":{"line":135,"column":20},"end":{"line":135,"column":36}},"loc":{"start":{"line":135,"column":53},"end":{"line":151,"column":5}},"line":135},"10":{"name":"verifyUser","decl":{"start":{"line":161,"column":20},"end":{"line":161,"column":30}},"loc":{"start":{"line":161,"column":47},"end":{"line":180,"column":5}},"line":161},"11":{"name":"(anonymous_11)","decl":{"start":{"line":163,"column":31},"end":{"line":163,"column":32}},"loc":{"start":{"line":163,"column":48},"end":{"line":165,"column":7}},"line":163}},"branchMap":{"0":{"loc":{"start":{"line":10,"column":46},"end":{"line":10,"column":92}},"type":"cond-expr","locations":[{"start":{"line":10,"column":70},"end":{"line":10,"column":73}},{"start":{"line":10,"column":76},"end":{"line":10,"column":92}}],"line":10},"1":{"loc":{"start":{"line":10,"column":46},"end":{"line":10,"column":67}},"type":"binary-expr","locations":[{"start":{"line":10,"column":46},"end":{"line":10,"column":49}},{"start":{"line":10,"column":53},"end":{"line":10,"column":67}}],"line":10},"2":{"loc":{"start":{"line":12,"column":50},"end":{"line":12,"column":151}},"type":"if","locations":[{"start":{"line":12,"column":50},"end":{"line":12,"column":151}},{"start":{"line":12,"column":50},"end":{"line":12,"column":151}}],"line":12},"3":{"loc":{"start":{"line":14,"column":136},"end":{"line":14,"column":166}},"type":"binary-expr","locations":[{"start":{"line":14,"column":136},"end":{"line":14,"column":157}},{"start":{"line":14,"column":161},"end":{"line":14,"column":166}}],"line":14},"4":{"loc":{"start":{"line":14,"column":200},"end":{"line":14,"column":254}},"type":"if","locations":[{"start":{"line":14,"column":200},"end":{"line":14,"column":254}},{"start":{"line":14,"column":200},"end":{"line":14,"column":254}}],"line":14},"5":{"loc":{"start":{"line":16,"column":62},"end":{"line":16,"column":131}},"type":"if","locations":[{"start":{"line":16,"column":62},"end":{"line":16,"column":131}},{"start":{"line":16,"column":62},"end":{"line":16,"column":131}}],"line":16},"6":{"loc":{"start":{"line":16,"column":132},"end":{"line":16,"column":193}},"type":"if","locations":[{"start":{"line":16,"column":132},"end":{"line":16,"column":193}},{"start":{"line":16,"column":132},"end":{"line":16,"column":193}}],"line":16},"7":{"loc":{"start":{"line":42,"column":6},"end":{"line":46,"column":7}},"type":"if","locations":[{"start":{"line":42,"column":6},"end":{"line":46,"column":7}},{"start":{"line":42,"column":6},"end":{"line":46,"column":7}}],"line":42},"8":{"loc":{"start":{"line":42,"column":10},"end":{"line":42,"column":57}},"type":"binary-expr","locations":[{"start":{"line":42,"column":10},"end":{"line":42,"column":16}},{"start":{"line":42,"column":20},"end":{"line":42,"column":41}},{"start":{"line":42,"column":45},"end":{"line":42,"column":57}}],"line":42},"9":{"loc":{"start":{"line":50,"column":6},"end":{"line":54,"column":7}},"type":"if","locations":[{"start":{"line":50,"column":6},"end":{"line":54,"column":7}},{"start":{"line":50,"column":6},"end":{"line":54,"column":7}}],"line":50},"10":{"loc":{"start":{"line":70,"column":6},"end":{"line":74,"column":7}},"type":"if","locations":[{"start":{"line":70,"column":6},"end":{"line":74,"column":7}},{"start":{"line":70,"column":6},"end":{"line":74,"column":7}}],"line":70},"11":{"loc":{"start":{"line":70,"column":10},"end":{"line":70,"column":69}},"type":"binary-expr","locations":[{"start":{"line":70,"column":10},"end":{"line":70,"column":20}},{"start":{"line":70,"column":24},"end":{"line":70,"column":49}},{"start":{"line":70,"column":53},"end":{"line":70,"column":69}}],"line":70},"12":{"loc":{"start":{"line":78,"column":6},"end":{"line":82,"column":7}},"type":"if","locations":[{"start":{"line":78,"column":6},"end":{"line":82,"column":7}},{"start":{"line":78,"column":6},"end":{"line":82,"column":7}}],"line":78},"13":{"loc":{"start":{"line":84,"column":6},"end":{"line":88,"column":7}},"type":"if","locations":[{"start":{"line":84,"column":6},"end":{"line":88,"column":7}},{"start":{"line":84,"column":6},"end":{"line":88,"column":7}}],"line":84},"14":{"loc":{"start":{"line":104,"column":6},"end":{"line":108,"column":7}},"type":"if","locations":[{"start":{"line":104,"column":6},"end":{"line":108,"column":7}},{"start":{"line":104,"column":6},"end":{"line":108,"column":7}}],"line":104},"15":{"loc":{"start":{"line":104,"column":10},"end":{"line":104,"column":66}},"type":"binary-expr","locations":[{"start":{"line":104,"column":10},"end":{"line":104,"column":19}},{"start":{"line":104,"column":23},"end":{"line":104,"column":47}},{"start":{"line":104,"column":51},"end":{"line":104,"column":66}}],"line":104},"16":{"loc":{"start":{"line":112,"column":6},"end":{"line":116,"column":7}},"type":"if","locations":[{"start":{"line":112,"column":6},"end":{"line":116,"column":7}},{"start":{"line":112,"column":6},"end":{"line":116,"column":7}}],"line":112},"17":{"loc":{"start":{"line":118,"column":6},"end":{"line":122,"column":7}},"type":"if","locations":[{"start":{"line":118,"column":6},"end":{"line":122,"column":7}},{"start":{"line":118,"column":6},"end":{"line":122,"column":7}}],"line":118},"18":{"loc":{"start":{"line":138,"column":6},"end":{"line":142,"column":7}},"type":"if","locations":[{"start":{"line":138,"column":6},"end":{"line":142,"column":7}},{"start":{"line":138,"column":6},"end":{"line":142,"column":7}}],"line":138},"19":{"loc":{"start":{"line":138,"column":10},"end":{"line":138,"column":66}},"type":"binary-expr","locations":[{"start":{"line":138,"column":10},"end":{"line":138,"column":19}},{"start":{"line":138,"column":23},"end":{"line":138,"column":47}},{"start":{"line":138,"column":51},"end":{"line":138,"column":66}}],"line":138},"20":{"loc":{"start":{"line":144,"column":6},"end":{"line":148,"column":7}},"type":"if","locations":[{"start":{"line":144,"column":6},"end":{"line":148,"column":7}},{"start":{"line":144,"column":6},"end":{"line":148,"column":7}}],"line":144},"21":{"loc":{"start":{"line":144,"column":10},"end":{"line":144,"column":56}},"type":"binary-expr","locations":[{"start":{"line":144,"column":10},"end":{"line":144,"column":31}},{"start":{"line":144,"column":35},"end":{"line":144,"column":56}}],"line":144},"22":{"loc":{"start":{"line":167,"column":6},"end":{"line":171,"column":7}},"type":"if","locations":[{"start":{"line":167,"column":6},"end":{"line":171,"column":7}},{"start":{"line":167,"column":6},"end":{"line":171,"column":7}}],"line":167},"23":{"loc":{"start":{"line":173,"column":6},"end":{"line":177,"column":7}},"type":"if","locations":[{"start":{"line":173,"column":6},"end":{"line":177,"column":7}},{"start":{"line":173,"column":6},"end":{"line":177,"column":7}}],"line":173}},"s":{"0":1,"1":1,"2":1,"3":1,"4":0,"5":0,"6":1,"7":1,"8":5,"9":5,"10":5,"11":5,"12":5,"13":5,"14":1,"15":0,"16":1,"17":1,"18":1,"19":1,"20":1,"21":0,"22":1,"23":15,"24":15,"25":3,"26":12,"27":12,"28":1,"29":11,"30":10,"31":10,"32":3,"33":7,"34":7,"35":1,"36":6,"37":2,"38":4,"39":4,"40":4,"41":0,"42":4,"43":4,"44":0,"45":4,"46":1,"47":3,"48":1,"49":1,"50":0,"51":1,"52":0,"53":1,"54":2,"55":2,"56":5,"57":2,"58":1,"59":1,"60":0,"61":1,"62":1,"63":1},"f":{"0":1,"1":0,"2":1,"3":1,"4":1,"5":0,"6":15,"7":10,"8":4,"9":1,"10":2,"11":5},"b":{"0":[1,0],"1":[1,1],"2":[0,0],"3":[5,5],"4":[5,0],"5":[0,1],"6":[1,0],"7":[3,12],"8":[15,12,12],"9":[1,11],"10":[3,7],"11":[10,7,7],"12":[1,6],"13":[2,4],"14":[0,4],"15":[4,4,4],"16":[0,4],"17":[1,3],"18":[0,1],"19":[1,1,1],"20":[0,1],"21":[1,0],"22":[1,1],"23":[0,1]},"_coverageSchema":"43e27e138ebf9cfc5966b082cf9a028302ed4184","hash":"411abc4690bb1222f65d73e58fc3dc8f9d1a3809","contentHash":"e17360fc7a23485444fa32b1a027e84dff6b2ead86ba017bdb6e49b82b44069a"},"C:\\Users\\Nzubechukwu\\Desktop\\crest\\api\\routes\\accountsRoute.js":{"path":"C:\\Users\\Nzubechukwu\\Desktop\\crest\\api\\routes\\accountsRoute.js","statementMap":{"0":{"start":{"line":3,"column":0},"end":{"line":5,"column":3}},"1":{"start":{"line":6,"column":0},"end":{"line":6,"column":25}},"2":{"start":{"line":8,"column":15},"end":{"line":8,"column":57}},"3":{"start":{"line":10,"column":26},"end":{"line":10,"column":94}},"4":{"start":{"line":12,"column":12},"end":{"line":12,"column":65}},"5":{"start":{"line":14,"column":25},"end":{"line":14,"column":91}},"6":{"start":{"line":16,"column":39},"end":{"line":16,"column":93}},"7":{"start":{"line":18,"column":21},"end":{"line":18,"column":46}},"8":{"start":{"line":20,"column":0},"end":{"line":20,"column":186}},"9":{"start":{"line":21,"column":0},"end":{"line":21,"column":208}},"10":{"start":{"line":22,"column":0},"end":{"line":22,"column":160}},"11":{"start":{"line":23,"column":15},"end":{"line":23,"column":29}},"12":{"start":{"line":24,"column":0},"end":{"line":24,"column":27}}},"fnMap":{"0":{"name":"_interopRequireDefault","decl":{"start":{"line":16,"column":9},"end":{"line":16,"column":31}},"loc":{"start":{"line":16,"column":37},"end":{"line":16,"column":95}},"line":16}},"branchMap":{"0":{"loc":{"start":{"line":16,"column":46},"end":{"line":16,"column":92}},"type":"cond-expr","locations":[{"start":{"line":16,"column":70},"end":{"line":16,"column":73}},{"start":{"line":16,"column":76},"end":{"line":16,"column":92}}],"line":16},"1":{"loc":{"start":{"line":16,"column":46},"end":{"line":16,"column":67}},"type":"binary-expr","locations":[{"start":{"line":16,"column":46},"end":{"line":16,"column":49}},{"start":{"line":16,"column":53},"end":{"line":16,"column":67}}],"line":16}},"s":{"0":1,"1":1,"2":1,"3":1,"4":1,"5":1,"6":4,"7":1,"8":1,"9":1,"10":1,"11":1,"12":1},"f":{"0":4},"b":{"0":[3,1],"1":[4,4]},"_coverageSchema":"43e27e138ebf9cfc5966b082cf9a028302ed4184","hash":"42881a576257e321e4c76485e86f464d35894d25","contentHash":"d1ebe1789e0f0e825de333ce240417902b562c182c5f1d17b335f08d3b1f2402"},"C:\\Users\\Nzubechukwu\\Desktop\\crest\\api\\controllers\\accountsController.js":{"path":"C:\\Users\\Nzubechukwu\\Desktop\\crest\\api\\controllers\\accountsController.js","statementMap":{"0":{"start":{"line":3,"column":0},"end":{"line":5,"column":3}},"1":{"start":{"line":6,"column":0},"end":{"line":6,"column":25}},"2":{"start":{"line":8,"column":20},"end":{"line":8,"column":67}},"3":{"start":{"line":10,"column":14},"end":{"line":10,"column":55}},"4":{"start":{"line":12,"column":16},"end":{"line":12,"column":69}},"5":{"start":{"line":14,"column":39},"end":{"line":14,"column":93}},"6":{"start":{"line":16,"column":50},"end":{"line":16,"column":151}},"7":{"start":{"line":16,"column":92},"end":{"line":16,"column":149}},"8":{"start":{"line":18,"column":44},"end":{"line":18,"column":315}},"9":{"start":{"line":18,"column":57},"end":{"line":18,"column":58}},"10":{"start":{"line":18,"column":102},"end":{"line":18,"column":110}},"11":{"start":{"line":18,"column":112},"end":{"line":18,"column":167}},"12":{"start":{"line":18,"column":168},"end":{"line":18,"column":199}},"13":{"start":{"line":18,"column":200},"end":{"line":18,"column":254}},"14":{"start":{"line":18,"column":227},"end":{"line":18,"column":254}},"15":{"start":{"line":18,"column":255},"end":{"line":18,"column":313}},"16":{"start":{"line":20,"column":62},"end":{"line":20,"column":131}},"17":{"start":{"line":20,"column":78},"end":{"line":20,"column":131}},"18":{"start":{"line":20,"column":132},"end":{"line":20,"column":193}},"19":{"start":{"line":20,"column":149},"end":{"line":20,"column":193}},"20":{"start":{"line":20,"column":194},"end":{"line":20,"column":213}},"21":{"start":{"line":22,"column":0},"end":{"line":22,"column":25}},"22":{"start":{"line":24,"column":14},"end":{"line":24,"column":37}},"23":{"start":{"line":31,"column":0},"end":{"line":210,"column":3}},"24":{"start":{"line":33,"column":4},"end":{"line":33,"column":46}},"25":{"start":{"line":36,"column":2},"end":{"line":207,"column":6}},"26":{"start":{"line":46,"column":6},"end":{"line":88,"column":9}},"27":{"start":{"line":47,"column":8},"end":{"line":51,"column":9}},"28":{"start":{"line":48,"column":10},"end":{"line":50,"column":13}},"29":{"start":{"line":53,"column":24},"end":{"line":53,"column":42}},"30":{"start":{"line":54,"column":23},"end":{"line":54,"column":40}},"31":{"start":{"line":55,"column":20},"end":{"line":55,"column":34}},"32":{"start":{"line":56,"column":22},"end":{"line":56,"column":38}},"33":{"start":{"line":58,"column":8},"end":{"line":62,"column":9}},"34":{"start":{"line":59,"column":10},"end":{"line":61,"column":13}},"35":{"start":{"line":64,"column":19},"end":{"line":64,"column":32}},"36":{"start":{"line":65,"column":26},"end":{"line":67,"column":10}},"37":{"start":{"line":69,"column":8},"end":{"line":83,"column":9}},"38":{"start":{"line":70,"column":10},"end":{"line":82,"column":13}},"39":{"start":{"line":85,"column":8},"end":{"line":87,"column":11}},"40":{"start":{"line":100,"column":6},"end":{"line":164,"column":9}},"41":{"start":{"line":101,"column":8},"end":{"line":105,"column":9}},"42":{"start":{"line":102,"column":10},"end":{"line":104,"column":13}},"43":{"start":{"line":107,"column":22},"end":{"line":107,"column":38}},"44":{"start":{"line":109,"column":8},"end":{"line":113,"column":9}},"45":{"start":{"line":110,"column":10},"end":{"line":112,"column":13}},"46":{"start":{"line":115,"column":28},"end":{"line":115,"column":52}},"47":{"start":{"line":116,"column":20},"end":{"line":116,"column":54}},"48":{"start":{"line":118,"column":8},"end":{"line":122,"column":9}},"49":{"start":{"line":119,"column":10},"end":{"line":121,"column":13}},"50":{"start":{"line":124,"column":17},"end":{"line":124,"column":25}},"51":{"start":{"line":125,"column":22},"end":{"line":125,"column":35}},"52":{"start":{"line":126,"column":19},"end":{"line":126,"column":29}},"53":{"start":{"line":127,"column":21},"end":{"line":127,"column":33}},"54":{"start":{"line":128,"column":29},"end":{"line":128,"column":49}},"55":{"start":{"line":129,"column":24},"end":{"line":129,"column":39}},"56":{"start":{"line":131,"column":8},"end":{"line":146,"column":9}},"57":{"start":{"line":132,"column":10},"end":{"line":132,"column":35}},"58":{"start":{"line":133,"column":10},"end":{"line":133,"column":30}},"59":{"start":{"line":134,"column":10},"end":{"line":145,"column":13}},"60":{"start":{"line":148,"column":8},"end":{"line":163,"column":9}},"61":{"start":{"line":149,"column":10},"end":{"line":149,"column":34}},"62":{"start":{"line":150,"column":10},"end":{"line":150,"column":30}},"63":{"start":{"line":151,"column":10},"end":{"line":162,"column":13}},"64":{"start":{"line":176,"column":6},"end":{"line":205,"column":9}},"65":{"start":{"line":177,"column":8},"end":{"line":181,"column":9}},"66":{"start":{"line":178,"column":10},"end":{"line":180,"column":13}},"67":{"start":{"line":183,"column":22},"end":{"line":183,"column":38}},"68":{"start":{"line":185,"column":8},"end":{"line":189,"column":9}},"69":{"start":{"line":186,"column":10},"end":{"line":188,"column":13}},"70":{"start":{"line":191,"column":28},"end":{"line":191,"column":52}},"71":{"start":{"line":192,"column":20},"end":{"line":192,"column":54}},"72":{"start":{"line":194,"column":8},"end":{"line":198,"column":9}},"73":{"start":{"line":195,"column":10},"end":{"line":197,"column":13}},"74":{"start":{"line":200,"column":8},"end":{"line":200,"column":37}},"75":{"start":{"line":201,"column":8},"end":{"line":204,"column":11}},"76":{"start":{"line":209,"column":2},"end":{"line":209,"column":28}},"77":{"start":{"line":212,"column":0},"end":{"line":212,"column":37}}},"fnMap":{"0":{"name":"_interopRequireDefault","decl":{"start":{"line":14,"column":9},"end":{"line":14,"column":31}},"loc":{"start":{"line":14,"column":37},"end":{"line":14,"column":95}},"line":14},"1":{"name":"_classCallCheck","decl":{"start":{"line":16,"column":9},"end":{"line":16,"column":24}},"loc":{"start":{"line":16,"column":48},"end":{"line":16,"column":153}},"line":16},"2":{"name":"_defineProperties","decl":{"start":{"line":18,"column":9},"end":{"line":18,"column":26}},"loc":{"start":{"line":18,"column":42},"end":{"line":18,"column":317}},"line":18},"3":{"name":"_createClass","decl":{"start":{"line":20,"column":9},"end":{"line":20,"column":21}},"loc":{"start":{"line":20,"column":60},"end":{"line":20,"column":215}},"line":20},"4":{"name":"(anonymous_4)","decl":{"start":{"line":31,"column":0},"end":{"line":31,"column":1}},"loc":{"start":{"line":31,"column":12},"end":{"line":210,"column":1}},"line":31},"5":{"name":"AccountsController","decl":{"start":{"line":32,"column":11},"end":{"line":32,"column":29}},"loc":{"start":{"line":32,"column":32},"end":{"line":34,"column":3}},"line":32},"6":{"name":"createAccount","decl":{"start":{"line":45,"column":20},"end":{"line":45,"column":33}},"loc":{"start":{"line":45,"column":44},"end":{"line":89,"column":5}},"line":45},"7":{"name":"(anonymous_7)","decl":{"start":{"line":46,"column":70},"end":{"line":46,"column":71}},"loc":{"start":{"line":46,"column":95},"end":{"line":88,"column":7}},"line":46},"8":{"name":"updateAccountStatus","decl":{"start":{"line":99,"column":20},"end":{"line":99,"column":39}},"loc":{"start":{"line":99,"column":50},"end":{"line":165,"column":5}},"line":99},"9":{"name":"(anonymous_9)","decl":{"start":{"line":100,"column":70},"end":{"line":100,"column":71}},"loc":{"start":{"line":100,"column":95},"end":{"line":164,"column":7}},"line":100},"10":{"name":"deleteAccount","decl":{"start":{"line":175,"column":20},"end":{"line":175,"column":33}},"loc":{"start":{"line":175,"column":44},"end":{"line":206,"column":5}},"line":175},"11":{"name":"(anonymous_11)","decl":{"start":{"line":176,"column":70},"end":{"line":176,"column":71}},"loc":{"start":{"line":176,"column":95},"end":{"line":205,"column":7}},"line":176}},"branchMap":{"0":{"loc":{"start":{"line":14,"column":46},"end":{"line":14,"column":92}},"type":"cond-expr","locations":[{"start":{"line":14,"column":70},"end":{"line":14,"column":73}},{"start":{"line":14,"column":76},"end":{"line":14,"column":92}}],"line":14},"1":{"loc":{"start":{"line":14,"column":46},"end":{"line":14,"column":67}},"type":"binary-expr","locations":[{"start":{"line":14,"column":46},"end":{"line":14,"column":49}},{"start":{"line":14,"column":53},"end":{"line":14,"column":67}}],"line":14},"2":{"loc":{"start":{"line":16,"column":50},"end":{"line":16,"column":151}},"type":"if","locations":[{"start":{"line":16,"column":50},"end":{"line":16,"column":151}},{"start":{"line":16,"column":50},"end":{"line":16,"column":151}}],"line":16},"3":{"loc":{"start":{"line":18,"column":136},"end":{"line":18,"column":166}},"type":"binary-expr","locations":[{"start":{"line":18,"column":136},"end":{"line":18,"column":157}},{"start":{"line":18,"column":161},"end":{"line":18,"column":166}}],"line":18},"4":{"loc":{"start":{"line":18,"column":200},"end":{"line":18,"column":254}},"type":"if","locations":[{"start":{"line":18,"column":200},"end":{"line":18,"column":254}},{"start":{"line":18,"column":200},"end":{"line":18,"column":254}}],"line":18},"5":{"loc":{"start":{"line":20,"column":62},"end":{"line":20,"column":131}},"type":"if","locations":[{"start":{"line":20,"column":62},"end":{"line":20,"column":131}},{"start":{"line":20,"column":62},"end":{"line":20,"column":131}}],"line":20},"6":{"loc":{"start":{"line":20,"column":132},"end":{"line":20,"column":193}},"type":"if","locations":[{"start":{"line":20,"column":132},"end":{"line":20,"column":193}},{"start":{"line":20,"column":132},"end":{"line":20,"column":193}}],"line":20},"7":{"loc":{"start":{"line":47,"column":8},"end":{"line":51,"column":9}},"type":"if","locations":[{"start":{"line":47,"column":8},"end":{"line":51,"column":9}},{"start":{"line":47,"column":8},"end":{"line":51,"column":9}}],"line":47},"8":{"loc":{"start":{"line":58,"column":8},"end":{"line":62,"column":9}},"type":"if","locations":[{"start":{"line":58,"column":8},"end":{"line":62,"column":9}},{"start":{"line":58,"column":8},"end":{"line":62,"column":9}}],"line":58},"9":{"loc":{"start":{"line":69,"column":8},"end":{"line":83,"column":9}},"type":"if","locations":[{"start":{"line":69,"column":8},"end":{"line":83,"column":9}},{"start":{"line":69,"column":8},"end":{"line":83,"column":9}}],"line":69},"10":{"loc":{"start":{"line":101,"column":8},"end":{"line":105,"column":9}},"type":"if","locations":[{"start":{"line":101,"column":8},"end":{"line":105,"column":9}},{"start":{"line":101,"column":8},"end":{"line":105,"column":9}}],"line":101},"11":{"loc":{"start":{"line":109,"column":8},"end":{"line":113,"column":9}},"type":"if","locations":[{"start":{"line":109,"column":8},"end":{"line":113,"column":9}},{"start":{"line":109,"column":8},"end":{"line":113,"column":9}}],"line":109},"12":{"loc":{"start":{"line":118,"column":8},"end":{"line":122,"column":9}},"type":"if","locations":[{"start":{"line":118,"column":8},"end":{"line":122,"column":9}},{"start":{"line":118,"column":8},"end":{"line":122,"column":9}}],"line":118},"13":{"loc":{"start":{"line":131,"column":8},"end":{"line":146,"column":9}},"type":"if","locations":[{"start":{"line":131,"column":8},"end":{"line":146,"column":9}},{"start":{"line":131,"column":8},"end":{"line":146,"column":9}}],"line":131},"14":{"loc":{"start":{"line":148,"column":8},"end":{"line":163,"column":9}},"type":"if","locations":[{"start":{"line":148,"column":8},"end":{"line":163,"column":9}},{"start":{"line":148,"column":8},"end":{"line":163,"column":9}}],"line":148},"15":{"loc":{"start":{"line":177,"column":8},"end":{"line":181,"column":9}},"type":"if","locations":[{"start":{"line":177,"column":8},"end":{"line":181,"column":9}},{"start":{"line":177,"column":8},"end":{"line":181,"column":9}}],"line":177},"16":{"loc":{"start":{"line":185,"column":8},"end":{"line":189,"column":9}},"type":"if","locations":[{"start":{"line":185,"column":8},"end":{"line":189,"column":9}},{"start":{"line":185,"column":8},"end":{"line":189,"column":9}}],"line":185},"17":{"loc":{"start":{"line":194,"column":8},"end":{"line":198,"column":9}},"type":"if","locations":[{"start":{"line":194,"column":8},"end":{"line":198,"column":9}},{"start":{"line":194,"column":8},"end":{"line":198,"column":9}}],"line":194}},"s":{"0":1,"1":1,"2":1,"3":1,"4":1,"5":3,"6":0,"7":0,"8":1,"9":1,"10":3,"11":3,"12":3,"13":3,"14":3,"15":3,"16":1,"17":0,"18":1,"19":1,"20":1,"21":1,"22":1,"23":1,"24":0,"25":1,"26":0,"27":0,"28":0,"29":0,"30":0,"31":0,"32":0,"33":0,"34":0,"35":0,"36":0,"37":0,"38":0,"39":0,"40":0,"41":0,"42":0,"43":0,"44":0,"45":0,"46":0,"47":0,"48":0,"49":0,"50":0,"51":0,"52":0,"53":0,"54":0,"55":0,"56":0,"57":0,"58":0,"59":0,"60":0,"61":0,"62":0,"63":0,"64":0,"65":0,"66":0,"67":0,"68":0,"69":0,"70":0,"71":0,"72":0,"73":0,"74":0,"75":0,"76":1,"77":1},"f":{"0":3,"1":0,"2":1,"3":1,"4":1,"5":0,"6":0,"7":0,"8":0,"9":0,"10":0,"11":0},"b":{"0":[1,2],"1":[3,3],"2":[0,0],"3":[3,3],"4":[3,0],"5":[0,1],"6":[1,0],"7":[0,0],"8":[0,0],"9":[0,0],"10":[0,0],"11":[0,0],"12":[0,0],"13":[0,0],"14":[0,0],"15":[0,0],"16":[0,0],"17":[0,0]},"_coverageSchema":"43e27e138ebf9cfc5966b082cf9a028302ed4184","hash":"86c6f02bc0f6d0acf58648a52011a2957b5f5d7e","contentHash":"8616888692c1bc5c6a7a860848579c2665760a9bb4b6e38820b46972fc16e488"},"C:\\Users\\Nzubechukwu\\Desktop\\crest\\api\\models\\Accounts.js":{"path":"C:\\Users\\Nzubechukwu\\Desktop\\crest\\api\\models\\Accounts.js","statementMap":{"0":{"start":{"line":3,"column":0},"end":{"line":5,"column":3}},"1":{"start":{"line":6,"column":0},"end":{"line":6,"column":25}},"2":{"start":{"line":8,"column":12},"end":{"line":8,"column":51}},"3":{"start":{"line":10,"column":39},"end":{"line":10,"column":93}},"4":{"start":{"line":12,"column":50},"end":{"line":12,"column":151}},"5":{"start":{"line":12,"column":92},"end":{"line":12,"column":149}},"6":{"start":{"line":14,"column":44},"end":{"line":14,"column":315}},"7":{"start":{"line":14,"column":57},"end":{"line":14,"column":58}},"8":{"start":{"line":14,"column":102},"end":{"line":14,"column":110}},"9":{"start":{"line":14,"column":112},"end":{"line":14,"column":167}},"10":{"start":{"line":14,"column":168},"end":{"line":14,"column":199}},"11":{"start":{"line":14,"column":200},"end":{"line":14,"column":254}},"12":{"start":{"line":14,"column":227},"end":{"line":14,"column":254}},"13":{"start":{"line":14,"column":255},"end":{"line":14,"column":313}},"14":{"start":{"line":16,"column":62},"end":{"line":16,"column":131}},"15":{"start":{"line":16,"column":78},"end":{"line":16,"column":131}},"16":{"start":{"line":16,"column":132},"end":{"line":16,"column":193}},"17":{"start":{"line":16,"column":149},"end":{"line":16,"column":193}},"18":{"start":{"line":16,"column":194},"end":{"line":16,"column":213}},"19":{"start":{"line":18,"column":26},"end":{"line":18,"column":30}},"20":{"start":{"line":19,"column":28},"end":{"line":19,"column":38}},"21":{"start":{"line":20,"column":23},"end":{"line":20,"column":66}},"22":{"start":{"line":21,"column":11},"end":{"line":21,"column":21}},"23":{"start":{"line":25,"column":0},"end":{"line":127,"column":3}},"24":{"start":{"line":31,"column":4},"end":{"line":31,"column":35}},"25":{"start":{"line":33,"column":4},"end":{"line":57,"column":7}},"26":{"start":{"line":65,"column":2},"end":{"line":124,"column":6}},"27":{"start":{"line":68,"column":23},"end":{"line":76,"column":7}},"28":{"start":{"line":77,"column":24},"end":{"line":77,"column":54}},"29":{"start":{"line":79,"column":6},"end":{"line":84,"column":7}},"30":{"start":{"line":80,"column":8},"end":{"line":83,"column":10}},"31":{"start":{"line":86,"column":6},"end":{"line":88,"column":8}},"32":{"start":{"line":98,"column":6},"end":{"line":100,"column":9}},"33":{"start":{"line":99,"column":8},"end":{"line":99,"column":51}},"34":{"start":{"line":109,"column":6},"end":{"line":109,"column":38}},"35":{"start":{"line":119,"column":18},"end":{"line":119,"column":49}},"36":{"start":{"line":120,"column":23},"end":{"line":120,"column":51}},"37":{"start":{"line":121,"column":6},"end":{"line":121,"column":42}},"38":{"start":{"line":122,"column":6},"end":{"line":122,"column":16}},"39":{"start":{"line":126,"column":2},"end":{"line":126,"column":17}},"40":{"start":{"line":129,"column":0},"end":{"line":129,"column":26}}},"fnMap":{"0":{"name":"_interopRequireDefault","decl":{"start":{"line":10,"column":9},"end":{"line":10,"column":31}},"loc":{"start":{"line":10,"column":37},"end":{"line":10,"column":95}},"line":10},"1":{"name":"_classCallCheck","decl":{"start":{"line":12,"column":9},"end":{"line":12,"column":24}},"loc":{"start":{"line":12,"column":48},"end":{"line":12,"column":153}},"line":12},"2":{"name":"_defineProperties","decl":{"start":{"line":14,"column":9},"end":{"line":14,"column":26}},"loc":{"start":{"line":14,"column":42},"end":{"line":14,"column":317}},"line":14},"3":{"name":"_createClass","decl":{"start":{"line":16,"column":9},"end":{"line":16,"column":21}},"loc":{"start":{"line":16,"column":60},"end":{"line":16,"column":215}},"line":16},"4":{"name":"(anonymous_4)","decl":{"start":{"line":25,"column":0},"end":{"line":25,"column":1}},"loc":{"start":{"line":25,"column":12},"end":{"line":127,"column":1}},"line":25},"5":{"name":"Account","decl":{"start":{"line":30,"column":11},"end":{"line":30,"column":18}},"loc":{"start":{"line":30,"column":21},"end":{"line":58,"column":3}},"line":30},"6":{"name":"create","decl":{"start":{"line":67,"column":20},"end":{"line":67,"column":26}},"loc":{"start":{"line":67,"column":36},"end":{"line":89,"column":5}},"line":67},"7":{"name":"findAccount","decl":{"start":{"line":97,"column":20},"end":{"line":97,"column":31}},"loc":{"start":{"line":97,"column":47},"end":{"line":101,"column":5}},"line":97},"8":{"name":"(anonymous_8)","decl":{"start":{"line":98,"column":32},"end":{"line":98,"column":33}},"loc":{"start":{"line":98,"column":47},"end":{"line":100,"column":7}},"line":98},"9":{"name":"save","decl":{"start":{"line":108,"column":20},"end":{"line":108,"column":24}},"loc":{"start":{"line":108,"column":31},"end":{"line":110,"column":5}},"line":108},"10":{"name":"deleteAccount","decl":{"start":{"line":118,"column":20},"end":{"line":118,"column":33}},"loc":{"start":{"line":118,"column":49},"end":{"line":123,"column":5}},"line":118}},"branchMap":{"0":{"loc":{"start":{"line":10,"column":46},"end":{"line":10,"column":92}},"type":"cond-expr","locations":[{"start":{"line":10,"column":70},"end":{"line":10,"column":73}},{"start":{"line":10,"column":76},"end":{"line":10,"column":92}}],"line":10},"1":{"loc":{"start":{"line":10,"column":46},"end":{"line":10,"column":67}},"type":"binary-expr","locations":[{"start":{"line":10,"column":46},"end":{"line":10,"column":49}},{"start":{"line":10,"column":53},"end":{"line":10,"column":67}}],"line":10},"2":{"loc":{"start":{"line":12,"column":50},"end":{"line":12,"column":151}},"type":"if","locations":[{"start":{"line":12,"column":50},"end":{"line":12,"column":151}},{"start":{"line":12,"column":50},"end":{"line":12,"column":151}}],"line":12},"3":{"loc":{"start":{"line":14,"column":136},"end":{"line":14,"column":166}},"type":"binary-expr","locations":[{"start":{"line":14,"column":136},"end":{"line":14,"column":157}},{"start":{"line":14,"column":161},"end":{"line":14,"column":166}}],"line":14},"4":{"loc":{"start":{"line":14,"column":200},"end":{"line":14,"column":254}},"type":"if","locations":[{"start":{"line":14,"column":200},"end":{"line":14,"column":254}},{"start":{"line":14,"column":200},"end":{"line":14,"column":254}}],"line":14},"5":{"loc":{"start":{"line":16,"column":62},"end":{"line":16,"column":131}},"type":"if","locations":[{"start":{"line":16,"column":62},"end":{"line":16,"column":131}},{"start":{"line":16,"column":62},"end":{"line":16,"column":131}}],"line":16},"6":{"loc":{"start":{"line":16,"column":132},"end":{"line":16,"column":193}},"type":"if","locations":[{"start":{"line":16,"column":132},"end":{"line":16,"column":193}},{"start":{"line":16,"column":132},"end":{"line":16,"column":193}}],"line":16},"7":{"loc":{"start":{"line":79,"column":6},"end":{"line":84,"column":7}},"type":"if","locations":[{"start":{"line":79,"column":6},"end":{"line":84,"column":7}},{"start":{"line":79,"column":6},"end":{"line":84,"column":7}}],"line":79}},"s":{"0":1,"1":1,"2":1,"3":1,"4":2,"5":0,"6":1,"7":1,"8":4,"9":4,"10":4,"11":4,"12":4,"13":4,"14":1,"15":1,"16":1,"17":0,"18":1,"19":1,"20":1,"21":1,"22":1,"23":1,"24":2,"25":2,"26":1,"27":0,"28":0,"29":0,"30":0,"31":0,"32":0,"33":0,"34":0,"35":0,"36":0,"37":0,"38":0,"39":1,"40":1},"f":{"0":1,"1":2,"2":1,"3":1,"4":1,"5":2,"6":0,"7":0,"8":0,"9":0,"10":0},"b":{"0":[0,1],"1":[1,1],"2":[0,2],"3":[4,4],"4":[4,0],"5":[1,0],"6":[0,1],"7":[0,0]},"_coverageSchema":"43e27e138ebf9cfc5966b082cf9a028302ed4184","hash":"6fc45220965136c35011b1c409fd9c8cd40baa21","contentHash":"98a5af62e1ad2ce3742b092b7b1664e7c2b9e4740c1b91bc87e43b190f083fad"},"C:\\Users\\Nzubechukwu\\Desktop\\crest\\api\\middleware\\auth.js":{"path":"C:\\Users\\Nzubechukwu\\Desktop\\crest\\api\\middleware\\auth.js","statementMap":{"0":{"start":{"line":3,"column":0},"end":{"line":5,"column":3}},"1":{"start":{"line":6,"column":0},"end":{"line":6,"column":25}},"2":{"start":{"line":8,"column":50},"end":{"line":8,"column":151}},"3":{"start":{"line":8,"column":92},"end":{"line":8,"column":149}},"4":{"start":{"line":10,"column":44},"end":{"line":10,"column":315}},"5":{"start":{"line":10,"column":57},"end":{"line":10,"column":58}},"6":{"start":{"line":10,"column":102},"end":{"line":10,"column":110}},"7":{"start":{"line":10,"column":112},"end":{"line":10,"column":167}},"8":{"start":{"line":10,"column":168},"end":{"line":10,"column":199}},"9":{"start":{"line":10,"column":200},"end":{"line":10,"column":254}},"10":{"start":{"line":10,"column":227},"end":{"line":10,"column":254}},"11":{"start":{"line":10,"column":255},"end":{"line":10,"column":313}},"12":{"start":{"line":12,"column":62},"end":{"line":12,"column":131}},"13":{"start":{"line":12,"column":78},"end":{"line":12,"column":131}},"14":{"start":{"line":12,"column":132},"end":{"line":12,"column":193}},"15":{"start":{"line":12,"column":149},"end":{"line":12,"column":193}},"16":{"start":{"line":12,"column":194},"end":{"line":12,"column":213}},"17":{"start":{"line":19,"column":0},"end":{"line":56,"column":3}},"18":{"start":{"line":21,"column":4},"end":{"line":21,"column":32}},"19":{"start":{"line":24,"column":2},"end":{"line":53,"column":6}},"20":{"start":{"line":33,"column":6},"end":{"line":51,"column":7}},"21":{"start":{"line":35,"column":20},"end":{"line":35,"column":48}},"22":{"start":{"line":37,"column":8},"end":{"line":46,"column":9}},"23":{"start":{"line":38,"column":23},"end":{"line":38,"column":39}},"24":{"start":{"line":39,"column":28},"end":{"line":39,"column":37}},"25":{"start":{"line":40,"column":10},"end":{"line":40,"column":34}},"26":{"start":{"line":41,"column":10},"end":{"line":41,"column":17}},"27":{"start":{"line":43,"column":10},"end":{"line":45,"column":13}},"28":{"start":{"line":48,"column":8},"end":{"line":50,"column":11}},"29":{"start":{"line":55,"column":2},"end":{"line":55,"column":14}},"30":{"start":{"line":58,"column":0},"end":{"line":58,"column":23}}},"fnMap":{"0":{"name":"_classCallCheck","decl":{"start":{"line":8,"column":9},"end":{"line":8,"column":24}},"loc":{"start":{"line":8,"column":48},"end":{"line":8,"column":153}},"line":8},"1":{"name":"_defineProperties","decl":{"start":{"line":10,"column":9},"end":{"line":10,"column":26}},"loc":{"start":{"line":10,"column":42},"end":{"line":10,"column":317}},"line":10},"2":{"name":"_createClass","decl":{"start":{"line":12,"column":9},"end":{"line":12,"column":21}},"loc":{"start":{"line":12,"column":60},"end":{"line":12,"column":215}},"line":12},"3":{"name":"(anonymous_3)","decl":{"start":{"line":19,"column":0},"end":{"line":19,"column":1}},"loc":{"start":{"line":19,"column":12},"end":{"line":56,"column":1}},"line":19},"4":{"name":"Auth","decl":{"start":{"line":20,"column":11},"end":{"line":20,"column":15}},"loc":{"start":{"line":20,"column":18},"end":{"line":22,"column":3}},"line":20},"5":{"name":"checkToken","decl":{"start":{"line":32,"column":20},"end":{"line":32,"column":30}},"loc":{"start":{"line":32,"column":47},"end":{"line":52,"column":5}},"line":32}},"branchMap":{"0":{"loc":{"start":{"line":8,"column":50},"end":{"line":8,"column":151}},"type":"if","locations":[{"start":{"line":8,"column":50},"end":{"line":8,"column":151}},{"start":{"line":8,"column":50},"end":{"line":8,"column":151}}],"line":8},"1":{"loc":{"start":{"line":10,"column":136},"end":{"line":10,"column":166}},"type":"binary-expr","locations":[{"start":{"line":10,"column":136},"end":{"line":10,"column":157}},{"start":{"line":10,"column":161},"end":{"line":10,"column":166}}],"line":10},"2":{"loc":{"start":{"line":10,"column":200},"end":{"line":10,"column":254}},"type":"if","locations":[{"start":{"line":10,"column":200},"end":{"line":10,"column":254}},{"start":{"line":10,"column":200},"end":{"line":10,"column":254}}],"line":10},"3":{"loc":{"start":{"line":12,"column":62},"end":{"line":12,"column":131}},"type":"if","locations":[{"start":{"line":12,"column":62},"end":{"line":12,"column":131}},{"start":{"line":12,"column":62},"end":{"line":12,"column":131}}],"line":12},"4":{"loc":{"start":{"line":12,"column":132},"end":{"line":12,"column":193}},"type":"if","locations":[{"start":{"line":12,"column":132},"end":{"line":12,"column":193}},{"start":{"line":12,"column":132},"end":{"line":12,"column":193}}],"line":12},"5":{"loc":{"start":{"line":37,"column":8},"end":{"line":46,"column":9}},"type":"if","locations":[{"start":{"line":37,"column":8},"end":{"line":46,"column":9}},{"start":{"line":37,"column":8},"end":{"line":46,"column":9}}],"line":37}},"s":{"0":1,"1":1,"2":0,"3":0,"4":1,"5":1,"6":1,"7":1,"8":1,"9":1,"10":1,"11":1,"12":1,"13":0,"14":1,"15":1,"16":1,"17":1,"18":0,"19":1,"20":3,"21":3,"22":3,"23":0,"24":0,"25":0,"26":0,"27":3,"28":0,"29":1,"30":1},"f":{"0":0,"1":1,"2":1,"3":1,"4":0,"5":3},"b":{"0":[0,0],"1":[1,1],"2":[1,0],"3":[0,1],"4":[1,0],"5":[0,3]},"_coverageSchema":"43e27e138ebf9cfc5966b082cf9a028302ed4184","hash":"4fbdc3901dfd4e881cd03b25850787dfc9ff136b","contentHash":"f7a164e4f27964be836d299e298b0184e152f3943d44494f1ceb0640e29fa2f4"},"C:\\Users\\Nzubechukwu\\Desktop\\crest\\api\\middleware\\accountMiddleware.js":{"path":"C:\\Users\\Nzubechukwu\\Desktop\\crest\\api\\middleware\\accountMiddleware.js","statementMap":{"0":{"start":{"line":3,"column":0},"end":{"line":5,"column":3}},"1":{"start":{"line":6,"column":0},"end":{"line":6,"column":25}},"2":{"start":{"line":8,"column":50},"end":{"line":8,"column":151}},"3":{"start":{"line":8,"column":92},"end":{"line":8,"column":149}},"4":{"start":{"line":10,"column":44},"end":{"line":10,"column":315}},"5":{"start":{"line":10,"column":57},"end":{"line":10,"column":58}},"6":{"start":{"line":10,"column":102},"end":{"line":10,"column":110}},"7":{"start":{"line":10,"column":112},"end":{"line":10,"column":167}},"8":{"start":{"line":10,"column":168},"end":{"line":10,"column":199}},"9":{"start":{"line":10,"column":200},"end":{"line":10,"column":254}},"10":{"start":{"line":10,"column":227},"end":{"line":10,"column":254}},"11":{"start":{"line":10,"column":255},"end":{"line":10,"column":313}},"12":{"start":{"line":12,"column":62},"end":{"line":12,"column":131}},"13":{"start":{"line":12,"column":78},"end":{"line":12,"column":131}},"14":{"start":{"line":12,"column":132},"end":{"line":12,"column":193}},"15":{"start":{"line":12,"column":149},"end":{"line":12,"column":193}},"16":{"start":{"line":12,"column":194},"end":{"line":12,"column":213}},"17":{"start":{"line":21,"column":0},"end":{"line":127,"column":3}},"18":{"start":{"line":23,"column":4},"end":{"line":23,"column":36}},"19":{"start":{"line":26,"column":2},"end":{"line":124,"column":6}},"20":{"start":{"line":36,"column":17},"end":{"line":36,"column":30}},"21":{"start":{"line":38,"column":6},"end":{"line":42,"column":7}},"22":{"start":{"line":39,"column":8},"end":{"line":41,"column":11}},"23":{"start":{"line":44,"column":24},"end":{"line":44,"column":37}},"24":{"start":{"line":46,"column":6},"end":{"line":50,"column":7}},"25":{"start":{"line":47,"column":8},"end":{"line":49,"column":11}},"26":{"start":{"line":52,"column":6},"end":{"line":52,"column":13}},"27":{"start":{"line":64,"column":27},"end":{"line":64,"column":50}},"28":{"start":{"line":66,"column":6},"end":{"line":70,"column":7}},"29":{"start":{"line":67,"column":8},"end":{"line":69,"column":11}},"30":{"start":{"line":72,"column":26},"end":{"line":72,"column":36}},"31":{"start":{"line":74,"column":6},"end":{"line":78,"column":7}},"32":{"start":{"line":75,"column":8},"end":{"line":77,"column":11}},"33":{"start":{"line":80,"column":6},"end":{"line":80,"column":13}},"34":{"start":{"line":92,"column":19},"end":{"line":92,"column":34}},"35":{"start":{"line":94,"column":6},"end":{"line":98,"column":7}},"36":{"start":{"line":95,"column":8},"end":{"line":97,"column":11}},"37":{"start":{"line":100,"column":24},"end":{"line":100,"column":37}},"38":{"start":{"line":102,"column":6},"end":{"line":106,"column":7}},"39":{"start":{"line":103,"column":8},"end":{"line":105,"column":11}},"40":{"start":{"line":108,"column":6},"end":{"line":108,"column":13}},"41":{"start":{"line":113,"column":26},"end":{"line":113,"column":50}},"42":{"start":{"line":114,"column":26},"end":{"line":114,"column":36}},"43":{"start":{"line":116,"column":6},"end":{"line":120,"column":7}},"44":{"start":{"line":117,"column":8},"end":{"line":119,"column":11}},"45":{"start":{"line":122,"column":6},"end":{"line":122,"column":13}},"46":{"start":{"line":126,"column":2},"end":{"line":126,"column":18}},"47":{"start":{"line":129,"column":0},"end":{"line":129,"column":27}}},"fnMap":{"0":{"name":"_classCallCheck","decl":{"start":{"line":8,"column":9},"end":{"line":8,"column":24}},"loc":{"start":{"line":8,"column":48},"end":{"line":8,"column":153}},"line":8},"1":{"name":"_defineProperties","decl":{"start":{"line":10,"column":9},"end":{"line":10,"column":26}},"loc":{"start":{"line":10,"column":42},"end":{"line":10,"column":317}},"line":10},"2":{"name":"_createClass","decl":{"start":{"line":12,"column":9},"end":{"line":12,"column":21}},"loc":{"start":{"line":12,"column":60},"end":{"line":12,"column":215}},"line":12},"3":{"name":"(anonymous_3)","decl":{"start":{"line":21,"column":0},"end":{"line":21,"column":1}},"loc":{"start":{"line":21,"column":12},"end":{"line":127,"column":1}},"line":21},"4":{"name":"validate","decl":{"start":{"line":22,"column":11},"end":{"line":22,"column":19}},"loc":{"start":{"line":22,"column":22},"end":{"line":24,"column":3}},"line":22},"5":{"name":"validateType","decl":{"start":{"line":35,"column":20},"end":{"line":35,"column":32}},"loc":{"start":{"line":35,"column":49},"end":{"line":53,"column":5}},"line":35},"6":{"name":"validateOpeningBalance","decl":{"start":{"line":63,"column":20},"end":{"line":63,"column":42}},"loc":{"start":{"line":63,"column":59},"end":{"line":81,"column":5}},"line":63},"7":{"name":"validateStatus","decl":{"start":{"line":91,"column":20},"end":{"line":91,"column":34}},"loc":{"start":{"line":91,"column":51},"end":{"line":109,"column":5}},"line":91},"8":{"name":"validateAccountNumber","decl":{"start":{"line":112,"column":20},"end":{"line":112,"column":41}},"loc":{"start":{"line":112,"column":58},"end":{"line":123,"column":5}},"line":112}},"branchMap":{"0":{"loc":{"start":{"line":8,"column":50},"end":{"line":8,"column":151}},"type":"if","locations":[{"start":{"line":8,"column":50},"end":{"line":8,"column":151}},{"start":{"line":8,"column":50},"end":{"line":8,"column":151}}],"line":8},"1":{"loc":{"start":{"line":10,"column":136},"end":{"line":10,"column":166}},"type":"binary-expr","locations":[{"start":{"line":10,"column":136},"end":{"line":10,"column":157}},{"start":{"line":10,"column":161},"end":{"line":10,"column":166}}],"line":10},"2":{"loc":{"start":{"line":10,"column":200},"end":{"line":10,"column":254}},"type":"if","locations":[{"start":{"line":10,"column":200},"end":{"line":10,"column":254}},{"start":{"line":10,"column":200},"end":{"line":10,"column":254}}],"line":10},"3":{"loc":{"start":{"line":12,"column":62},"end":{"line":12,"column":131}},"type":"if","locations":[{"start":{"line":12,"column":62},"end":{"line":12,"column":131}},{"start":{"line":12,"column":62},"end":{"line":12,"column":131}}],"line":12},"4":{"loc":{"start":{"line":12,"column":132},"end":{"line":12,"column":193}},"type":"if","locations":[{"start":{"line":12,"column":132},"end":{"line":12,"column":193}},{"start":{"line":12,"column":132},"end":{"line":12,"column":193}}],"line":12},"5":{"loc":{"start":{"line":38,"column":6},"end":{"line":42,"column":7}},"type":"if","locations":[{"start":{"line":38,"column":6},"end":{"line":42,"column":7}},{"start":{"line":38,"column":6},"end":{"line":42,"column":7}}],"line":38},"6":{"loc":{"start":{"line":38,"column":10},"end":{"line":38,"column":54}},"type":"binary-expr","locations":[{"start":{"line":38,"column":10},"end":{"line":38,"column":15}},{"start":{"line":38,"column":19},"end":{"line":38,"column":39}},{"start":{"line":38,"column":43},"end":{"line":38,"column":54}}],"line":38},"7":{"loc":{"start":{"line":46,"column":6},"end":{"line":50,"column":7}},"type":"if","locations":[{"start":{"line":46,"column":6},"end":{"line":50,"column":7}},{"start":{"line":46,"column":6},"end":{"line":50,"column":7}}],"line":46},"8":{"loc":{"start":{"line":66,"column":6},"end":{"line":70,"column":7}},"type":"if","locations":[{"start":{"line":66,"column":6},"end":{"line":70,"column":7}},{"start":{"line":66,"column":6},"end":{"line":70,"column":7}}],"line":66},"9":{"loc":{"start":{"line":66,"column":10},"end":{"line":66,"column":84}},"type":"binary-expr","locations":[{"start":{"line":66,"column":10},"end":{"line":66,"column":25}},{"start":{"line":66,"column":29},"end":{"line":66,"column":59}},{"start":{"line":66,"column":63},"end":{"line":66,"column":84}}],"line":66},"10":{"loc":{"start":{"line":74,"column":6},"end":{"line":78,"column":7}},"type":"if","locations":[{"start":{"line":74,"column":6},"end":{"line":78,"column":7}},{"start":{"line":74,"column":6},"end":{"line":78,"column":7}}],"line":74},"11":{"loc":{"start":{"line":94,"column":6},"end":{"line":98,"column":7}},"type":"if","locations":[{"start":{"line":94,"column":6},"end":{"line":98,"column":7}},{"start":{"line":94,"column":6},"end":{"line":98,"column":7}}],"line":94},"12":{"loc":{"start":{"line":94,"column":10},"end":{"line":94,"column":60}},"type":"binary-expr","locations":[{"start":{"line":94,"column":10},"end":{"line":94,"column":17}},{"start":{"line":94,"column":21},"end":{"line":94,"column":43}},{"start":{"line":94,"column":47},"end":{"line":94,"column":60}}],"line":94},"13":{"loc":{"start":{"line":102,"column":6},"end":{"line":106,"column":7}},"type":"if","locations":[{"start":{"line":102,"column":6},"end":{"line":106,"column":7}},{"start":{"line":102,"column":6},"end":{"line":106,"column":7}}],"line":102},"14":{"loc":{"start":{"line":116,"column":6},"end":{"line":120,"column":7}},"type":"if","locations":[{"start":{"line":116,"column":6},"end":{"line":120,"column":7}},{"start":{"line":116,"column":6},"end":{"line":120,"column":7}}],"line":116}},"s":{"0":1,"1":1,"2":0,"3":0,"4":1,"5":1,"6":4,"7":4,"8":4,"9":4,"10":4,"11":4,"12":1,"13":0,"14":1,"15":1,"16":1,"17":1,"18":0,"19":1,"20":0,"21":0,"22":0,"23":0,"24":0,"25":0,"26":0,"27":0,"28":0,"29":0,"30":0,"31":0,"32":0,"33":0,"34":0,"35":0,"36":0,"37":0,"38":0,"39":0,"40":0,"41":0,"42":0,"43":0,"44":0,"45":0,"46":1,"47":1},"f":{"0":0,"1":1,"2":1,"3":1,"4":0,"5":0,"6":0,"7":0,"8":0},"b":{"0":[0,0],"1":[4,4],"2":[4,0],"3":[0,1],"4":[1,0],"5":[0,0],"6":[0,0,0],"7":[0,0],"8":[0,0],"9":[0,0,0],"10":[0,0],"11":[0,0],"12":[0,0,0],"13":[0,0],"14":[0,0]},"_coverageSchema":"43e27e138ebf9cfc5966b082cf9a028302ed4184","hash":"322ea740e4efbba198efaf663c831e501c800945","contentHash":"dc62818c0e50dd4fd11f0930054c87dc6c53a132ddf05303188cc4eb09532a33"},"C:\\Users\\Nzubechukwu\\Desktop\\crest\\api\\routes\\transacti
[...]
":3,"column":12},"end":{"line":3,"column":51}},"1":{"start":{"line":5,"column":16},"end":{"line":5,"column":60}},"2":{"start":{"line":7,"column":14},"end":{"line":7,"column":61}},"3":{"start":{"line":9,"column":39},"end":{"line":9,"column":93}},"4":{"start":{"line":12,"column":0},"end":{"line":12,"column":37}},"5":{"start":{"line":14,"column":0},"end":{"line":14,"column":23}},"6":{"start":{"line":16,"column":0},"end":{"line":260,"column":3}},"7":{"start":{"line":17,"column":13},"end":{"line":22,"column":3}},"8":{"start":{"line":23,"column":14},"end":{"line":28,"column":3}},"9":{"start":{"line":29,"column":14},"end":{"line":34,"column":3}},"10":{"start":{"line":35,"column":14},"end":{"line":40,"column":3}},"11":{"start":{"line":41,"column":14},"end":{"line":46,"column":3}},"12":{"start":{"line":47,"column":14},"end":{"line":52,"column":3}},"13":{"start":{"line":53,"column":14},"end":{"line":55,"column":3}},"14":{"start":{"line":56,"column":14},"end":{"line":60,"column":3}},"15":{"start":{"line":61,"column":14},"end":{"line":66,"column":3}},"16":{"start":{"line":67,"column":15},"end":{"line":72,"column":3}},"17":{"start":{"line":73,"column":2},"end":{"line":81,"column":5}},"18":{"start":{"line":74,"column":4},"end":{"line":80,"column":7}},"19":{"start":{"line":75,"column":6},"end":{"line":79,"column":9}},"20":{"start":{"line":76,"column":8},"end":{"line":76,"column":36}},"21":{"start":{"line":77,"column":8},"end":{"line":77,"column":39}},"22":{"start":{"line":78,"column":8},"end":{"line":78,"column":15}},"23":{"start":{"line":82,"column":2},"end":{"line":96,"column":5}},"24":{"start":{"line":83,"column":4},"end":{"line":95,"column":7}},"25":{"start":{"line":84,"column":6},"end":{"line":94,"column":9}},"26":{"start":{"line":90,"column":8},"end":{"line":90,"column":36}},"27":{"start":{"line":91,"column":8},"end":{"line":91,"column":39}},"28":{"start":{"line":92,"column":8},"end":{"line":92,"column":60}},"29":{"start":{"line":93,"column":8},"end":{"line":93,"column":15}},"30":{"start":{"line":97,"column":2},"end":{"line":106,"column":5}},"31":{"start":{"line":98,"column":4},"end":{"line":105,"column":7}},"32":{"start":{"line":99,"column":6},"end":{"line":104,"column":9}},"33":{"start":{"line":100,"column":8},"end":{"line":100,"column":36}},"34":{"start":{"line":101,"column":8},"end":{"line":101,"column":39}},"35":{"start":{"line":102,"column":8},"end":{"line":102,"column":53}},"36":{"start":{"line":103,"column":8},"end":{"line":103,"column":15}},"37":{"start":{"line":107,"column":2},"end":{"line":116,"column":5}},"38":{"start":{"line":108,"column":4},"end":{"line":115,"column":7}},"39":{"start":{"line":109,"column":6},"end":{"line":114,"column":9}},"40":{"start":{"line":110,"column":8},"end":{"line":110,"column":36}},"41":{"start":{"line":111,"column":8},"end":{"line":111,"column":39}},"42":{"start":{"line":112,"column":8},"end":{"line":112,"column":63}},"43":{"start":{"line":113,"column":8},"end":{"line":113,"column":15}},"44":{"start":{"line":117,"column":2},"end":{"line":126,"column":5}},"45":{"start":{"line":118,"column":4},"end":{"line":125,"column":7}},"46":{"start":{"line":119,"column":6},"end":{"line":124,"column":9}},"47":{"start":{"line":120,"column":8},"end":{"line":120,"column":36}},"48":{"start":{"line":121,"column":8},"end":{"line":121,"column":39}},"49":{"start":{"line":122,"column":8},"end":{"line":122,"column":63}},"50":{"start":{"line":123,"column":8},"end":{"line":123,"column":15}},"51":{"start":{"line":127,"column":2},"end":{"line":136,"column":5}},"52":{"start":{"line":128,"column":4},"end":{"line":135,"column":7}},"53":{"start":{"line":129,"column":6},"end":{"line":134,"column":9}},"54":{"start":{"line":130,"column":8},"end":{"line":130,"column":36}},"55":{"start":{"line":131,"column":8},"end":{"line":131,"column":39}},"56":{"start":{"line":132,"column":8},"end":{"line":132,"column":63}},"57":{"start":{"line":133,"column":8},"end":{"line":133,"column":15}},"58":{"start":{"line":137,"column":2},"end":{"line":146,"column":5}},"59":{"start":{"line":138,"column":4},"end":{"line":145,"column":7}},"60":{"start":{"line":139,"column":6},"end":{"line":144,"column":9}},"61":{"start":{"line":140,"column":8},"end":{"line":140,"column":36}},"62":{"start":{"line":141,"column":8},"end":{"line":141,"column":39}},"63":{"start":{"line":142,"column":8},"end":{"line":142,"column":78}},"64":{"start":{"line":143,"column":8},"end":{"line":143,"column":15}},"65":{"start":{"line":147,"column":2},"end":{"line":160,"column":5}},"66":{"start":{"line":148,"column":4},"end":{"line":159,"column":7}},"67":{"start":{"line":149,"column":6},"end":{"line":158,"column":9}},"68":{"start":{"line":154,"column":8},"end":{"line":154,"column":36}},"69":{"start":{"line":155,"column":8},"end":{"line":155,"column":39}},"70":{"start":{"line":156,"column":8},"end":{"line":156,"column":68}},"71":{"start":{"line":157,"column":8},"end":{"line":157,"column":15}},"72":{"start":{"line":161,"column":2},"end":{"line":175,"column":5}},"73":{"start":{"line":162,"column":4},"end":{"line":174,"column":7}},"74":{"start":{"line":163,"column":6},"end":{"line":173,"column":9}},"75":{"start":{"line":169,"column":8},"end":{"line":169,"column":36}},"76":{"start":{"line":170,"column":8},"end":{"line":170,"column":39}},"77":{"start":{"line":171,"column":8},"end":{"line":171,"column":68}},"78":{"start":{"line":172,"column":8},"end":{"line":172,"column":15}},"79":{"start":{"line":176,"column":2},"end":{"line":190,"column":5}},"80":{"start":{"line":177,"column":4},"end":{"line":189,"column":7}},"81":{"start":{"line":178,"column":6},"end":{"line":188,"column":9}},"82":{"start":{"line":184,"column":8},"end":{"line":184,"column":36}},"83":{"start":{"line":185,"column":8},"end":{"line":185,"column":39}},"84":{"start":{"line":186,"column":8},"end":{"line":186,"column":68}},"85":{"start":{"line":187,"column":8},"end":{"line":187,"column":15}},"86":{"start":{"line":191,"column":2},"end":{"line":205,"column":5}},"87":{"start":{"line":192,"column":4},"end":{"line":204,"column":7}},"88":{"start":{"line":193,"column":6},"end":{"line":203,"column":9}},"89":{"start":{"line":199,"column":8},"end":{"line":199,"column":36}},"90":{"start":{"line":200,"column":8},"end":{"line":200,"column":39}},"91":{"start":{"line":201,"column":8},"end":{"line":201,"column":96}},"92":{"start":{"line":202,"column":8},"end":{"line":202,"column":15}},"93":{"start":{"line":206,"column":2},"end":{"line":220,"column":5}},"94":{"start":{"line":207,"column":4},"end":{"line":219,"column":7}},"95":{"start":{"line":208,"column":6},"end":{"line":218,"column":9}},"96":{"start":{"line":214,"column":8},"end":{"line":214,"column":36}},"97":{"start":{"line":215,"column":8},"end":{"line":215,"column":39}},"98":{"start":{"line":216,"column":8},"end":{"line":216,"column":78}},"99":{"start":{"line":217,"column":8},"end":{"line":217,"column":15}},"100":{"start":{"line":221,"column":2},"end":{"line":230,"column":5}},"101":{"start":{"line":222,"column":4},"end":{"line":229,"column":7}},"102":{"start":{"line":223,"column":6},"end":{"line":228,"column":9}},"103":{"start":{"line":224,"column":8},"end":{"line":224,"column":36}},"104":{"start":{"line":225,"column":8},"end":{"line":225,"column":39}},"105":{"start":{"line":226,"column":8},"end":{"line":226,"column":77}},"106":{"start":{"line":227,"column":8},"end":{"line":227,"column":15}},"107":{"start":{"line":231,"column":2},"end":{"line":240,"column":5}},"108":{"start":{"line":232,"column":4},"end":{"line":239,"column":7}},"109":{"start":{"line":233,"column":6},"end":{"line":238,"column":9}},"110":{"start":{"line":234,"column":8},"end":{"line":234,"column":36}},"111":{"start":{"line":235,"column":8},"end":{"line":235,"column":39}},"112":{"start":{"line":236,"column":8},"end":{"line":236,"column":60}},"113":{"start":{"line":237,"column":8},"end":{"line":237,"column":15}},"114":{"start":{"line":241,"column":2},"end":{"line":249,"column":5}},"115":{"start":{"line":242,"column":4},"end":{"line":248,"column":7}},"116":{"start":{"line":243,"column":6},"end":{"line":247,"column":9}},"117":{"start":{"line":244,"column":8},"end":{"line":244,"column":36}},"118":{"start":{"line":245,"column":8},"end":{"line":245,"column":39}},"119":{"start":{"line":246,"column":8},"end":{"line":246,"column":15}},"120":{"start":{"line":250,"column":2},"end":{"line":259,"column":5}},"121":{"start":{"line":251,"column":4},"end":{"line":258,"column":7}},"122":{"start":{"line":252,"column":6},"end":{"line":257,"column":9}},"123":{"start":{"line":253,"column":8},"end":{"line":253,"column":36}},"124":{"start":{"line":254,"column":8},"end":{"line":254,"column":39}},"125":{"start":{"line":255,"column":8},"end":{"line":255,"column":60}},"126":{"start":{"line":256,"column":8},"end":{"line":256,"column":15}}},"fnMap":{"0":{"name":"_interopRequireDefault","decl":{"start":{"line":9,"column":9},"end":{"line":9,"column":31}},"loc":{"start":{"line":9,"column":37},"end":{"line":9,"column":95}},"line":9},"1":{"name":"(anonymous_1)","decl":{"start":{"line":16,"column":22},"end":{"line":16,"column":23}},"loc":{"start":{"line":16,"column":34},"end":{"line":260,"column":1}},"line":16},"2":{"name":"(anonymous_2)","decl":{"start":{"line":73,"column":27},"end":{"line":73,"column":28}},"loc":{"start":{"line":73,"column":39},"end":{"line":81,"column":3}},"line":73},"3":{"name":"(anonymous_3)","decl":{"start":{"line":74,"column":41},"end":{"line":74,"column":42}},"loc":{"start":{"line":74,"column":57},"end":{"line":80,"column":5}},"line":74},"4":{"name":"(anonymous_4)","decl":{"start":{"line":75,"column":94},"end":{"line":75,"column":95}},"loc":{"start":{"line":75,"column":114},"end":{"line":79,"column":7}},"line":75},"5":{"name":"(anonymous_5)","decl":{"start":{"line":82,"column":27},"end":{"line":82,"column":28}},"loc":{"start":{"line":82,"column":39},"end":{"line":96,"column":3}},"line":82},"6":{"name":"(anonymous_6)","decl":{"start":{"line":83,"column":56},"end":{"line":83,"column":57}},"loc":{"start":{"line":83,"column":72},"end":{"line":95,"column":5}},"line":83},"7":{"name":"(anonymous_7)","decl":{"start":{"line":89,"column":13},"end":{"line":89,"column":14}},"loc":{"start":{"line":89,"column":33},"end":{"line":94,"column":7}},"line":89},"8":{"name":"(anonymous_8)","decl":{"start":{"line":97,"column":27},"end":{"line":97,"column":28}},"loc":{"start":{"line":97,"column":39},"end":{"line":106,"column":3}},"line":97},"9":{"name":"(anonymous_9)","decl":{"start":{"line":98,"column":56},"end":{"line":98,"column":57}},"loc":{"start":{"line":98,"column":72},"end":{"line":105,"column":5}},"line":98},"10":{"name":"(anonymous_10)","decl":{"start":{"line":99,"column":95},"end":{"line":99,"column":96}},"loc":{"start":{"line":99,"column":115},"end":{"line":104,"column":7}},"line":99},"11":{"name":"(anonymous_11)","decl":{"start":{"line":107,"column":27},"end":{"line":107,"column":28}},"loc":{"start":{"line":107,"column":39},"end":{"line":116,"column":3}},"line":107},"12":{"name":"(anonymous_12)","decl":{"start":{"line":108,"column":56},"end":{"line":108,"column":57}},"loc":{"start":{"line":108,"column":72},"end":{"line":115,"column":5}},"line":108},"13":{"name":"(anonymous_13)","decl":{"start":{"line":109,"column":95},"end":{"line":109,"column":96}},"loc":{"start":{"line":109,"column":115},"end":{"line":114,"column":7}},"line":109},"14":{"name":"(anonymous_14)","decl":{"start":{"line":117,"column":27},"end":{"line":117,"column":28}},"loc":{"start":{"line":117,"column":39},"end":{"line":126,"column":3}},"line":117},"15":{"name":"(anonymous_15)","decl":{"start":{"line":118,"column":56},"end":{"line":118,"column":57}},"loc":{"start":{"line":118,"column":72},"end":{"line":125,"column":5}},"line":118},"16":{"name":"(anonymous_16)","decl":{"start":{"line":119,"column":95},"end":{"line":119,"column":96}},"loc":{"start":{"line":119,"column":115},"end":{"line":124,"column":7}},"line":119},"17":{"name":"(anonymous_17)","decl":{"start":{"line":127,"column":27},"end":{"line":127,"column":28}},"loc":{"start":{"line":127,"column":39},"end":{"line":136,"column":3}},"line":127},"18":{"name":"(anonymous_18)","decl":{"start":{"line":128,"column":56},"end":{"line":128,"column":57}},"loc":{"start":{"line":128,"column":72},"end":{"line":135,"column":5}},"line":128},"19":{"name":"(anonymous_19)","decl":{"start":{"line":129,"column":96},"end":{"line":129,"column":97}},"loc":{"start":{"line":129,"column":116},"end":{"line":134,"column":7}},"line":129},"20":{"name":"(anonymous_20)","decl":{"start":{"line":137,"column":27},"end":{"line":137,"column":28}},"loc":{"start":{"line":137,"column":39},"end":{"line":146,"column":3}},"line":137},"21":{"name":"(anonymous_21)","decl":{"start":{"line":138,"column":56},"end":{"line":138,"column":57}},"loc":{"start":{"line":138,"column":72},"end":{"line":145,"column":5}},"line":138},"22":{"name":"(anonymous_22)","decl":{"start":{"line":139,"column":95},"end":{"line":139,"column":96}},"loc":{"start":{"line":139,"column":115},"end":{"line":144,"column":7}},"line":139},"23":{"name":"(anonymous_23)","decl":{"start":{"line":147,"column":27},"end":{"line":147,"column":28}},"loc":{"start":{"line":147,"column":39},"end":{"line":160,"column":3}},"line":147},"24":{"name":"(anonymous_24)","decl":{"start":{"line":148,"column":56},"end":{"line":148,"column":57}},"loc":{"start":{"line":148,"column":72},"end":{"line":159,"column":5}},"line":148},"25":{"name":"(anonymous_25)","decl":{"start":{"line":153,"column":13},"end":{"line":153,"column":14}},"loc":{"start":{"line":153,"column":33},"end":{"line":158,"column":7}},"line":153},"26":{"name":"(anonymous_26)","decl":{"start":{"line":161,"column":27},"end":{"line":161,"column":28}},"loc":{"start":{"line":161,"column":39},"end":{"line":175,"column":3}},"line":161},"27":{"name":"(anonymous_27)","decl":{"start":{"line":162,"column":56},"end":{"line":162,"column":57}},"loc":{"start":{"line":162,"column":72},"end":{"line":174,"column":5}},"line":162},"28":{"name":"(anonymous_28)","decl":{"start":{"line":168,"column":13},"end":{"line":168,"column":14}},"loc":{"start":{"line":168,"column":33},"end":{"line":173,"column":7}},"line":168},"29":{"name":"(anonymous_29)","decl":{"start":{"line":176,"column":27},"end":{"line":176,"column":28}},"loc":{"start":{"line":176,"column":39},"end":{"line":190,"column":3}},"line":176},"30":{"name":"(anonymous_30)","decl":{"start":{"line":177,"column":56},"end":{"line":177,"column":57}},"loc":{"start":{"line":177,"column":72},"end":{"line":189,"column":5}},"line":177},"31":{"name":"(anonymous_31)","decl":{"start":{"line":183,"column":13},"end":{"line":183,"column":14}},"loc":{"start":{"line":183,"column":33},"end":{"line":188,"column":7}},"line":183},"32":{"name":"(anonymous_32)","decl":{"start":{"line":191,"column":27},"end":{"line":191,"column":28}},"loc":{"start":{"line":191,"column":39},"end":{"line":205,"column":3}},"line":191},"33":{"name":"(anonymous_33)","decl":{"start":{"line":192,"column":56},"end":{"line":192,"column":57}},"loc":{"start":{"line":192,"column":72},"end":{"line":204,"column":5}},"line":192},"34":{"name":"(anonymous_34)","decl":{"start":{"line":198,"column":13},"end":{"line":198,"column":14}},"loc":{"start":{"line":198,"column":33},"end":{"line":203,"column":7}},"line":198},"35":{"name":"(anonymous_35)","decl":{"start":{"line":206,"column":27},"end":{"line":206,"column":28}},"loc":{"start":{"line":206,"column":39},"end":{"line":220,"column":3}},"line":206},"36":{"name":"(anonymous_36)","decl":{"start":{"line":207,"column":56},"end":{"line":207,"column":57}},"loc":{"start":{"line":207,"column":72},"end":{"line":219,"column":5}},"line":207},"37":{"name":"(anonymous_37)","decl":{"start":{"line":213,"column":13},"end":{"line":213,"column":14}},"loc":{"start":{"line":213,"column":33},"end":{"line":218,"column":7}},"line":213},"38":{"name":"(anonymous_38)","decl":{"start":{"line":221,"column":27},"end":{"line":221,"column":28}},"loc":{"start":{"line":221,"column":39},"end":{"line":230,"column":3}},"line":221},"39":{"name":"(anonymous_39)","decl":{"start":{"line":222,"column":56},"end":{"line":222,"column":57}},"loc":{"start":{"line":222,"column":72},"end":{"line":229,"column":5}},"line":222},"40":{"name":"(anonymous_40)","decl":{"start":{"line":223,"column":95},"end":{"line":223,"column":96}},"loc":{"start":{"line":223,"column":115},"end":{"line":228,"column":7}},"line":223},"41":{"name":"(anonymous_41)","decl":{"start":{"line":231,"column":27},"end":{"line":231,"column":28}},"loc":{"start":{"line":231,"column":39},"end":{"line":240,"column":3}},"line":231},"42":{"name":"(anonymous_42)","decl":{"start":{"line":232,"column":56},"end":{"line":232,"column":57}},"loc":{"start":{"line":232,"column":72},"end":{"line":239,"column":5}},"line":232},"43":{"name":"(anonymous_43)","decl":{"start":{"line":233,"column":95},"end":{"line":233,"column":96}},"loc":{"start":{"line":233,"column":115},"end":{"line":238,"column":7}},"line":233},"44":{"name":"(anonymous_44)","decl":{"start":{"line":241,"column":27},"end":{"line":241,"column":28}},"loc":{"start":{"line":241,"column":39},"end":{"line":249,"column":3}},"line":241},"45":{"name":"(anonymous_45)","decl":{"start":{"line":242,"column":41},"end":{"line":242,"column":42}},"loc":{"start":{"line":242,"column":57},"end":{"line":248,"column":5}},"line":242},"46":{"name":"(anonymous_46)","decl":{"start":{"line":243,"column":95},"end":{"line":243,"column":96}},"loc":{"start":{"line":243,"column":115},"end":{"line":247,"column":7}},"line":243},"47":{"name":"(anonymous_47)","decl":{"start":{"line":250,"column":27},"end":{"line":250,"column":28}},"loc":{"start":{"line":250,"column":39},"end":{"line":259,"column":3}},"line":250},"48":{"name":"(anonymous_48)","decl":{"start":{"line":251,"column":56},"end":{"line":251,"column":57}},"loc":{"start":{"line":251,"column":72},"end":{"line":258,"column":5}},"line":251},"49":{"name":"(anonymous_49)","decl":{"start":{"line":252,"column":95},"end":{"line":252,"column":96}},"loc":{"start":{"line":252,"column":115},"end":{"line":257,"column":7}},"line":252}},"branchMap":{"0":{"loc":{"start":{"line":9,"column":46},"end":{"line":9,"column":92}},"type":"cond-expr","locations":[{"start":{"line":9,"column":70},"end":{"line":9,"column":73}},{"start":{"line":9,"column":76},"end":{"line":9,"column":92}}],"line":9},"1":{"loc":{"start":{"line":9,"column":46},"end":{"line":9,"column":67}},"type":"binary-expr","locations":[{"start":{"line":9,"column":46},"end":{"line":9,"column":49}},{"start":{"line":9,"column":53},"end":{"line":9,"column":67}}],"line":9}},"s":{"0":1,"1":1,"2":1,"3":3,"4":1,"5":1,"6":1,"7":1,"8":1,"9":1,"10":1,"11":1,"12":1,"13":1,"14":1,"15":1,"16":1,"17":1,"18":1,"19":1,"20":1,"21":1,"22":1,"23":1,"24":1,"25":1,"26":1,"27":1,"28":1,"29":1,"30":1,"31":1,"32":1,"33":1,"34":1,"35":1,"36":1,"37":1,"38":1,"39":1,"40":1,"41":1,"42":1,"43":1,"44":1,"45":1,"46":1,"47":1,"48":1,"49":1,"50":1,"51":1,"52":1,"53":1,"54":1,"55":1,"56":1,"57":1,"58":1,"59":1,"60":1,"61":1,"62":1,"63":1,"64":1,"65":1,"66":1,"67":1,"68":1,"69":1,"70":1,"71":1,"72":1,"73":1,"74":1,"75":1,"76":1,"77":1,"78":1,"79":1,"80":1,"81":1,"82":1,"83":1,"84":1,"85":1,"86":1,"87":1,"88":1,"89":1,"90":1,"91":1,"92":1,"93":1,"94":1,"95":1,"96":1,"97":1,"98":1,"99":1,"100":1,"101":1,"102":1,"103":1,"104":1,"105":1,"106":1,"107":1,"108":1,"109":1,"110":1,"111":1,"112":1,"113":1,"114":1,"115":1,"116":1,"117":1,"118":1,"119":1,"120":1,"121":1,"122":1,"123":1,"124":1,"125":1,"126":1},"f":{"0":3,"1":1,"2":1,"3":1,"4":1,"5":1,"6":1,"7":1,"8":1,"9":1,"10":1,"11":1,"12":1,"13":1,"14":1,"15":1,"16":1,"17":1,"18":1,"19":1,"20":1,"21":1,"22":1,"23":1,"24":1,"25":1,"26":1,"27":1,"28":1,"29":1,"30":1,"31":1,"32":1,"33":1,"34":1,"35":1,"36":1,"37":1,"38":1,"39":1,"40":1,"41":1,"42":1,"43":1,"44":1,"45":1,"46":1,"47":1,"48":1,"49":1},"b":{"0":[1,2],"1":[3,3]},"_coverageSchema":"43e27e138ebf9cfc5966b082cf9a028302ed4184","hash":"f41c9dd2ffe68c659f15c9dc763e00b3f81b8fac","contentHash":"6752a04bf75cd87e29af1b42bc9fafe17aed77864d50297382333379373fb6d0"}}